Warning: no access to tty (Bad file descriptor).
Thus no job control in this shell.
/global/u2/x/xiaoye/Release_Codes/SuperLU_DIST-branch/EXAMPLE
--------------------------------------------------------------------------
The OpenFabrics (openib) BTL failed to initialize while trying to
allocate some locked memory.  This typically can indicate that the
memlock limits are set too low.  For most HPC installations, the
memlock limits should be set to "unlimited".  The failure occured
here:

  Local host:    dirac46
  OMPI source:   btl_openib.c:179
  Function:      ibv_create_cq()
  Device:        mlx4_0
  Memlock limit: unlimited

You may need to consult with your system administrator to get this
problem fixed.  This FAQ entry on the Open MPI web site may also be
helpful:

    http://www.open-mpi.org/faq/?category=openfabrics#ib-locked-pages
--------------------------------------------------------------------------
Input matrix file: /global/scratch2/sd/xiaoye/torso3.rua
	Process grid	1 X 2
**************************************************
.. blocking parameters from sp_ienv():
**    relaxation           :       20
**    max supernode        :      128
**    estimated fill ratio :        5
**************************************************
**************************************************
.. options:
**    Fact             :    0
**    Equil            :    1
**    ColPerm          :    4
**    RowPerm          :    1
**    ReplaceTinyPivot :    1
**    Trans            :    0
**    IterRefine       :    2
**    num_lookaheads   :   10
**    SymPattern       :    0
**    lookahead_etree  :    0
**************************************************
.. equilibrated? *equed = R
[dirac46:02069] 1 more process has sent help message help-mpi-btl-openib.txt / init-fail-no-mem
[dirac46:02069] Set MCA parameter "orte_base_help_aggregate" to 0 to see all help / error messages
.. LDPERM job 5	 time: 0.62
.. anorm 4.344439e+00
.. Use METIS ordering on A'+A
.. symbfact(): relax   20, maxsuper  128, fill    5
	Nonzeros in L       118359299
	Nonzeros in U       118364670
	nonzeros in L+U     236464813
	nonzeros in LSUB    19348473
	No of supers 35941
	Size of G(L) 6513200
	Size of G(U) 6256322
	int 4, short 2, float 4, double 8
	SYMBfact (MB):	L\U 30.21	total 39.54	expansions 0
.. # L blocks 459568	# U blocks 445152
	DISTRIBUTE time      4.51
MPI tag upper bound = 2147483647
.. Starting with 8 OpenMP threads 
 === using DAG ===
 * init: 2.841320e-01 seconds
.. thresh = s_eps 5.960464e-08 * anorm 4.344439e+00 = 2.589488e-07
.. Buffer size: Lsub 4827	Lval 607360	Usub 4061	Uval 304768	LDA 4745
.. BIG U size 4858880 
CUDA version:   v 5050
CUDA Devices: 
 
0 : Tesla K20c 3 5
  Global memory:   4799 mb 
  Shared memory:   48 kb 
  Constant memory: 64 kb 
  Block registers: 65536 

 Starting with 8 Cuda Streams 
Max supernode size is 128
CUDA version:   v 5050
CUDA Devices: 
 
0 : Tesla K20Xm 3 5
  Global memory:   5759 mb 
  Shared memory:   48 kb 
  Constant memory: 64 kb 
  Block registers: 65536 

 Starting with 8 Cuda Streams 
Max supernode size is 128
 Max row size is 4745 
 Using buffer_size of 64000000 
 Threads per process 8 
Time in scattering 0.618603 
Time in dgemm 2.056398 
Total time spent in schur update is    		: 14.21 seconds,
Total Time in Factorization            		: 43.61 seconds, 
Time (other GEMM and Scatter)          		: 43.61 seconds, 
Total time spent in schur update when offload    		:  0.00 seconds,
	FACTOR time     45.78
.. dQuery_Space: peak_buffer 640466176
.. dQuery_Space: peak_buffer 640466112

** Memory Usage **********************************
** NUMfact space (MB): (sum-of-all-processes)
    L\U :         2084.38 |  Total :  3365.31
** Total highmark (MB):
    Sum-of-all :  3365.31 | Avg :  1682.65  | Max :  1708.64
**************************************************
	before dSolveInit()
( 0) .. Step  0: berr[j] = 1.212957e-15
( 0) .. Step  1: berr[j] = 2.193377e-16
( 0) .. Step  2: berr[j] = 1.676887e-16
.. DiagScale = 3
	Sol  0: ||X-Xtrue||/||X|| = 3.663736e-15
**************************************************
**** Time (seconds) ****
	EQUIL time             0.34
	ROWPERM time           0.62
	COLPERM time           4.12
	SYMBFACT time          2.81
	DISTRIBUTE time        4.51
	FACTOR time           45.78
	Factor flops	3.310840e+11	Mflops 	 7231.43
	SOLVE time             1.85
	Solve flops	4.715792e+08	Mflops 	  255.49
	REFINEMENT time        4.15	Steps       2

**************************************************

 + --------------------------------------------------------------------------
 +        Job name: test.gpu.bat
 +          Job Id: 10085375.cvrsvc09-ib
 +          System: dirac
 +     Queued Time:  Tue Sep  9 12:26:24 2014
 +      Start Time:  Tue Sep  9 12:27:24 2014
 + Completion Time:  Tue Sep  9 12:28:38 2014
 +            User: xiaoye
 +           Group: xiaoye
 +        MOM Host: dirac46
 +           Queue: dirac_reg
 +  Req. Resources: neednodes=2:ppn=1,nodes=2:ppn=1,walltime=00:20:00
 +  Used Resources: cput=00:12:08,mem=3626148kb,vmem=108305260kb,walltime=00:01:13
 +     Acct String: gpgpu
 +   PBS_O_WORKDIR: /global/u2/x/xiaoye/Release_Codes/SuperLU_DIST-branch/EXAMPLE
 +     Submit Args:  test.gpu.bat
 +        Job Exit: 0
 +      Nodes used: dirac46-ib dirac47-ib  
 + --------------------------------------------------------------------------

