Warning: no access to tty (Bad file descriptor).
Thus no job control in this shell.
/global/u2/x/xiaoye/Release_Codes/SuperLU_DIST-branch/EXAMPLE
Input matrix file: /global/scratch2/sd/xiaoye/torso3.rua
	Process grid	1 X 2
**************************************************
.. blocking parameters from sp_ienv():
**    relaxation           :       32
**    max supernode        :      144
**    estimated fill ratio :        5
**************************************************
**************************************************
.. options:
**    Fact             :    0
**    Equil            :    1
**    ColPerm          :    4
**    RowPerm          :    1
**    ReplaceTinyPivot :    1
**    Trans            :    0
**    IterRefine       :    2
**    num_lookaheads   :   10
**    SymPattern       :    0
**    lookahead_etree  :    0
**************************************************
.. equilibrated? *equed = R
.. LDPERM job 5	 time: 0.20
.. anorm 4.344439e+00
.. Use METIS ordering on A'+A
.. symbfact(): relax   32, maxsuper  144, fill    5
	Nonzeros in L       120369303
	Nonzeros in U       120372290
	nonzeros in L+U     240482437
	nonzeros in LSUB    18268558
	No of supers 26992
	Size of G(L) 5835331
	Size of G(U) 5578771
	int 4, short 2, float 4, double 8
	SYMBfact (MB):	L\U 27.50	total 36.83	expansions 0
.. # L blocks 349277	# U blocks 335009
MPI tag upper bound = 2147483647
.. Starting with 8 OpenMP threads 
 === using DAG ===
 * init: 1.174650e-01 seconds
.. thresh = s_eps 5.960464e-08 * anorm 4.344439e+00 = 2.589488e-07
.. Buffer size: Lsub 4817	Lval 683280	Usub 3770	Uval 331632	LDA 4745
.. BIG U size 5466240 
 Max row size is 4745 
 Using buffer_size of 64000000 
 Threads per process 8 
Time in scattering 0.000000 
Time in dgemm 0.000000 
Total time spent in schur update is    		: 33.64 seconds,
Total Time in Factorization            		: 80.47 seconds, 
Time (other GEMM and Scatter)          		: 80.47 seconds, 
Total time spent in schur update when offload    		:  0.00 seconds,
Debug : Exiting pdgstrf
.. dQuery_Space: peak_buffer 153479264
.. dQuery_Space: peak_buffer 153479264
** Memory Usage **********************************
** NUMfact space (MB): (sum-of-all-processes)
    L\U :         2087.93 |  Total :  2394.89
** Total highmark (MB):
    Sum-of-all :  2744.99 | Avg :  1372.50  | Max :  1375.95
**************************************************
( 0) .. Step  0: berr[j] = 1.188287e-15
( 0) .. Step  1: berr[j] = 2.151253e-16
( 0) .. Step  2: berr[j] = 1.657892e-16
.. DiagScale = 3
	Sol  0: ||X-Xtrue||/||X|| = 2.886580e-15
**************************************************
**** Time (seconds) ****
	EQUIL time             0.03
	ROWPERM time           0.20
	COLPERM time           3.86
	SYMBFACT time          0.90
	DISTRIBUTE time        1.76
	FACTOR time           80.73
	Factor flops	3.607900e+11	Mflops 	 4468.85
	SOLVE time             0.56
	Solve flops	4.813699e+08	Mflops 	  860.64
	REFINEMENT time        1.18	Steps       2

**************************************************
Input matrix file: cg20.cua
	Process grid	1 X 2
**************************************************
.. blocking parameters from sp_ienv():
**    relaxation           :       32
**    max supernode        :      144
**    estimated fill ratio :        5
**************************************************
**************************************************
.. options:
**    Fact             :    0
**    Equil            :    1
**    ColPerm          :    4
**    RowPerm          :    1
**    ReplaceTinyPivot :    1
**    Trans            :    0
**    IterRefine       :    2
**    num_lookaheads   :   10
**    SymPattern       :    0
**    lookahead_etree  :    0
**************************************************
.. equilibrated? *equed = N
.. LDPERM job 5	 time: 0.00
.. anorm 1.955992e+00
.. Use METIS ordering on A'+A
.. symbfact(): relax   32, maxsuper  144, fill    5
	Nonzeros in L       9218
	Nonzeros in U       9218
	nonzeros in L+U     18036
	nonzeros in LSUB    2711
	No of supers 46
	Size of G(L) 1027
	Size of G(U) 627
	int 4, short 2, float 4, double 8
	SYMBfact (MB):	L\U 0.01	total 0.02	expansions 0
.. # L blocks 91	# U blocks 57
MPI tag upper bound = 2147483647
.. Starting with 8 OpenMP threads 
 === using DAG ===
 * init: 1.540184e-04 seconds
.. thresh = s_eps 5.960464e-08 * anorm 1.955992e+00 = 1.165862e-07
.. Buffer size: Lsub 65	Lval 1421	Usub 51	Uval 408	LDA 49
.. BIG U size 56448 
 Max row size is 49 
 Using buffer_size of 64000000 
 Threads per process 8 
Time in scattering 0.000000 
Time in dgemm 0.000000 
Total time spent in schur update is    		:  0.00 seconds,
Total Time in Factorization            		:  0.05 seconds, 
Time (other GEMM and Scatter)          		:  0.05 seconds, 
Total time spent in schur update when offload    		:  0.00 seconds,
Debug : Exiting pdgstrf
.. zQuery_Space: peak_buffer 26894768
.. zQuery_Space: peak_buffer 26894768
** Memory Usage **********************************
** NUMfact space (MB): (sum-of-all-processes)
    L\U :            0.30 |  Total :    54.09
** Total highmark (MB):
    Sum-of-all :    54.09 | Avg :    27.05  | Max :    27.07
**************************************************
[c1268:27785] *** Process received signal ***
[c1268:27784] *** Process received signal ***
[c1268:27785] Signal: Segmentation fault (11)
[c1268:27785] Signal code: Address not mapped (1)
[c1268:27785] Failing at address: 0x10
[c1268:27784] Signal: Segmentation fault (11)
[c1268:27784] Signal code: Address not mapped (1)
[c1268:27784] Failing at address: 0x10
[c1268:27784] *** End of error message ***
--------------------------------------------------------------------------
mpirun noticed that process rank 1 with PID 27785 on node c1268 exited on signal 11 (Segmentation fault).
--------------------------------------------------------------------------

----------------------------------------------------------------
Jobs exit status code is 0
Job test.cpu.bat/9866023.cvrsvc09-ib completed Wed Aug 13 10:54:34 PDT 2014
Submitted by xiaoye/xiaoye using m1863
Job Limits: neednodes=2:ppn=8,nodes=2:ppn=8,walltime=00:30:00
Job Resources used: cput=00:11:10,mem=2258236kb,vmem=3152548kb,walltime=00:01:35
Nodes used: c1255-ib c1268-ib 

Killing any leftover processes...

Job completed.
