Warning: no access to tty (Bad file descriptor).
Thus no job control in this shell.
/global/u2/x/xiaoye/Release_Codes/SuperLU_DIST-branch/EXAMPLE
--------------------------------------------------------------------------
The OpenFabrics (openib) BTL failed to initialize while trying to
allocate some locked memory.  This typically can indicate that the
memlock limits are set too low.  For most HPC installations, the
memlock limits should be set to "unlimited".  The failure occured
here:

  Local host:    dirac46
  OMPI source:   btl_openib.c:179
  Function:      ibv_create_cq()
  Device:        mlx4_0
  Memlock limit: unlimited

You may need to consult with your system administrator to get this
problem fixed.  This FAQ entry on the Open MPI web site may also be
helpful:

    http://www.open-mpi.org/faq/?category=openfabrics#ib-locked-pages
--------------------------------------------------------------------------
Input matrix file: /global/scratch2/sd/xiaoye/torso3.rua
	Process grid	3 X 2
[dirac46:23524] 5 more processes have sent help message help-mpi-btl-openib.txt / init-fail-no-mem
[dirac46:23524] Set MCA parameter "orte_base_help_aggregate" to 0 to see all help / error messages
**************************************************
.. blocking parameters from sp_ienv():
**    relaxation           :       20
**    max supernode        :      128
**    estimated fill ratio :        5
**************************************************
**************************************************
.. options:
**    Fact             :    0
**    Equil            :    1
**    ColPerm          :    4
**    RowPerm          :    1
**    ReplaceTinyPivot :    1
**    Trans            :    0
**    IterRefine       :    2
**    num_lookaheads   :   10
**    SymPattern       :    0
**    lookahead_etree  :    0
**************************************************
.. equilibrated? *equed = R
.. LDPERM job 5	 time: 0.58
.. anorm 4.344439e+00
.. Use METIS ordering on A'+A
.. symbfact(): relax   20, maxsuper  128, fill    5
	Nonzeros in L       115822956
	Nonzeros in U       115837452
	nonzeros in L+U     231401252
	nonzeros in LSUB    17864142
	No of supers 35683
	Size of G(L) 6494373
	Size of G(U) 6238609
	int 8, short 2, float 4, double 8
	SYMBfact (MB):	L\U 60.28	total 78.94	expansions 0
.. # L blocks 152984	# U blocks 145826
MPI tag upper bound = 2147483647
.. Starting with 8 OpenMP threads 
 === using DAG ===
 * init: 3.127539e-01 seconds
.. thresh = s_eps 5.960464e-08 * anorm 4.344439e+00 = 2.589488e-07
.. Buffer size: Lsub 1561	Lval 196480	Usub 3224	Uval 268800	LDA 1535
[0] .. BIG U size 1352704 
CUDA version:   v 5050
CUDA Devices: 
 
0 : Tesla C1060 1 3
  Global memory:   4095 mb 
  Shared memory:   16 kb 
  Constant memory: 64 kb 
  Block registers: 16384 

 Starting with 8 Cuda Streams 
Max supernode size is 128
CUDA version:   v 5050
CUDA Devices: 
 
0 : Tesla C2050 2 0
  Global memory:   2687 mb 
  Shared memory:   48 kb 
  Constant memory: 64 kb 
  Block registers: 32768 

 Starting with 8 Cuda Streams 
CUDA version:   v 5050
CUDA Devices: 
 
0 : Tesla C2050 2 0
  Global memory:   2687 mb 
  Shared memory:   48 kb 
  Constant memory: 64 kb 
  Block registers: 32768 

 Starting with 8 Cuda Streams 
[0] .. BIG V size 64000000
CUDA version:   v 5050
CUDA Devices: 
 
0 : Tesla K20c 3 5
  Global memory:   4799 mb 
  Shared memory:   48 kb 
  Constant memory: 64 kb 
  Block registers: 65536 

 Starting with 8 Cuda Streams 
CUDA version:   v 5050
CUDA Devices: 
 
0 : Tesla K20Xm 3 5
  Global memory:   5759 mb 
  Shared memory:   48 kb 
  Constant memory: 64 kb 
  Block registers: 65536 

 Starting with 8 Cuda Streams 
Max supernode size is 128
Max supernode size is 128
Max supernode size is 128
Max supernode size is 128
  Max row size is 1321 
  Using buffer_size of 64000000 
  Threads per process 8 
CUDA version:   v 5050
CUDA Devices: 
 
0 : Tesla K40c 3 5
  Global memory:   11519 mb 
  Shared memory:   48 kb 
  Constant memory: 64 kb 
  Block registers: 65536 

 Starting with 8 Cuda Streams 
Max supernode size is 128
Time in scattering 0.309134 
Time in dgemm 0.710545 
Total time spent in schur update is    		:  6.03 seconds,
Total Time in Factorization            		: 52.92 seconds, 
Time (other GEMM and Scatter)          		: 52.92 seconds, 
Total time spent in schur update when offload    		:  0.00 seconds,
.. dQuery_Space: peak_buffer 569608768
.. dQuery_Space: peak_buffer 570755648
.. dQuery_Space: peak_buffer 570755648

** Memory Usage **********************************
** NUMfact space (MB): (sum-of-all-processes)
    L\U :         2229.23 |  Total :  5652.68
** Total highmark (MB):
    Sum-of-all :  5652.68 | Avg :   942.11  | Max :   954.06
**************************************************
.. dQuery_Space: peak_buffer 569608768
.. dQuery_Space: peak_buffer 571361856
.. dQuery_Space: peak_buffer 571361856
( 0) .. Step  0: berr[j] = 1.734925e-13
( 0) .. Step  1: berr[j] = 2.203525e-16
( 0) .. Step  2: berr[j] = 2.178461e-16
.. DiagScale = 3
	Sol  0: ||X-Xtrue||/||X|| = 3.996803e-15
**************************************************
**** Time (seconds) ****
	EQUIL time             0.43
	ROWPERM time           0.58
	COLPERM time           4.62
	SYMBFACT time          0.98
	DISTRIBUTE time        2.81
	FACTOR time           55.08
	Factor flops	3.092431e+11	Mflops 	 5614.72
	SOLVE time             0.66
	Solve flops	4.661170e+08	Mflops 	  704.28
	REFINEMENT time        1.51	Steps       2

**************************************************

 + --------------------------------------------------------------------------
 +        Job name: test.gpu.bat
 +          Job Id: 10124519.cvrsvc09-ib
 +          System: dirac
 +     Queued Time:  Mon Sep 15 15:10:29 2014
 +      Start Time:  Mon Sep 15 15:11:15 2014
 + Completion Time:  Mon Sep 15 15:12:36 2014
 +            User: xiaoye
 +           Group: xiaoye
 +        MOM Host: dirac46
 +           Queue: dirac_reg
 +  Req. Resources: neednodes=6:ppn=1,nodes=6:ppn=1,walltime=00:20:00
 +  Used Resources: cput=00:43:30,mem=6506928kb,vmem=249509408kb,walltime=00:01:21
 +     Acct String: gpgpu
 +   PBS_O_WORKDIR: /global/u2/x/xiaoye/Release_Codes/SuperLU_DIST-branch/EXAMPLE
 +     Submit Args:  test.gpu.bat
 +        Job Exit: 0
 +      Nodes used: dirac39-ib dirac40-ib dirac45-ib dirac46-ib dirac47-ib dirac48-ib  
 + --------------------------------------------------------------------------

