?       svn.out
M       make.inc
?       MAKE_INC/make.carver
M       MAKE_INC/make.xt4_pathscale
M       MAKE_INC/make.opteron
M       MAKE_INC/make.origin
M       MAKE_INC/make.i386_linux
M       MAKE_INC/make.sp.64bit
M       MAKE_INC/make.t3e
M       MAKE_INC/make.xt4_pgi
M       MAKE_INC/make.xt4
M       MAKE_INC/make.xt5
M       MAKE_INC/make.altix
M       MAKE_INC/make.sp
M       MAKE_INC/make.xe6
?       SRC/zreadtriple_noheader.c
?       SRC/pdgstrf2.c
?       SRC/pzgstrf2.c
?       SRC/dlook_ahead_update.c
?       SRC/zscatter.c
?       SRC/dreadtriple_noheader.c
?       SRC/dscatter.c
?       SRC/zSchCompUdt-2Ddynamic.c
?       SRC/zldperm_dist.c
?       SRC/static_schedule.c
?       SRC/zSchCompUdt-cuda.c
?       SRC/zlook_ahead_update.c
?       SRC/cublas_dgemm.h
?       SRC/zreadrb.c
?       SRC/dldperm_dist.c
?       SRC/dSchCompUdt-cuda.c
?       SRC/cublas_utils.c
?       SRC/cublas_utils.h
?       SRC/dSchCompUdt-2Ddynamic.c
M       SRC/pdgsequ.c
M       SRC/pdsymbfact_distdata.c
M       SRC/dmemory.c
M       SRC/pzlangs.c
D       SRC/mc64ad.c
M       SRC/ddistribute.c
M       SRC/pzgssvx.c
M       SRC/zlaqgs.c
M       SRC/zmemory.c
M       SRC/zdistribute.c
M       SRC/superlu_ddefs.h
M       SRC/pdgstrf.c
M       SRC/dreadMM.c
M       SRC/psymbfact_util.c
M       SRC/pdlaqgs.c
M       SRC/zreadMM.c
M       SRC/zsp_blas3.c
M       SRC/symbfact.c
M       SRC/pzgsequ.c
M       SRC/pzsymbfact_distdata.c
M       SRC/dreadtriple.c
M       SRC/pdutil.c
M       SRC/sp_ienv.c
M       SRC/zreadtriple.c
M       SRC/pzgstrf.c
M       SRC/pddistribute.c
M       SRC/dreadrb.c
M       SRC/zutil.c
M       SRC/get_perm_c_parmetis.c
M       SRC/Cnames.h
M       SRC/xerbla.c
M       SRC/util.c
M       SRC/pzlaqgs.c
M       SRC/pzdistribute.c
M       SRC/dgsequ.c
M       SRC/Makefile
M       SRC/get_perm_c.c
M       SRC/memory.c
M       SRC/pzgsrfs_ABXglobal.c
M       SRC/dsp_blas3.c
M       SRC/pdgssvx_ABglobal.c
M       SRC/psymbfact.c
M       SRC/pdlangs.c
M       SRC/pdgssvx.c
M       SRC/superlu_zdefs.h
M       SRC/etree.c
M       SRC/util_dist.h
M       SRC/pzgssvx_ABglobal.c
M       SRC/dlaqgs.c
M       SRC/pdgsrfs_ABXglobal.c
A       SRC/mc64ad_dist.c
M       SRC/superlu_defs.h
M       SRC/dcomplex.c
M       SRC/zgsequ.c
M       SRC/dutil.c
M       SRC/pzutil.c
?       EXAMPLE/pzgstrf.c
?       EXAMPLE/g4.cua
?       EXAMPLE/test.out
?       EXAMPLE/big.bad
?       EXAMPLE/g4.p1.out
?       EXAMPLE/g4.p2.out
?       EXAMPLE/zlook_ahead_update.c
?       EXAMPLE/temp
?       EXAMPLE/test.err
?       EXAMPLE/test-cpu.out.e10106050
?       EXAMPLE/test.cpu.bat
?       EXAMPLE/pdgstrf2.c
?       EXAMPLE/test.gpu.bat
?       EXAMPLE/g4.p2.bad
?       EXAMPLE/torso3.gpu.64bit.out
?       EXAMPLE/test-cpu.out.o10106050
?       EXAMPLE/test.bat
?       EXAMPLE/dscatter.c.bak
?       EXAMPLE/g4.p2.lookaheads=0.out
?       EXAMPLE/pdgstrf.c
?       EXAMPLE/g10.cua
?       EXAMPLE/torso3.64bit.3x2.out
?       EXAMPLE/pzgstrf2.c
?       EXAMPLE/cg20.64bit.3x2.out
?       EXAMPLE/big.cpu_64.out
?       EXAMPLE/dSchCompUdt-cuda.c
?       EXAMPLE/pzgstrf.c.bak
?       EXAMPLE/pdgssvx.c
?       EXAMPLE/big.2x1.out
?       EXAMPLE/g4.postorder.eps
?       EXAMPLE/cg20.p2.out
?       EXAMPLE/make.out
?       EXAMPLE/cg20.p2xth1.out
?       EXAMPLE/core
?       EXAMPLE/g4_postorder.jpg
?       EXAMPLE/cg20.p1xth8.out
?       EXAMPLE/g4.rua
?       EXAMPLE/temp.dat
?       EXAMPLE/g20.gpu.64bit.out
?       EXAMPLE/ddt.out
?       EXAMPLE/pdgstrf.c.bak
?       EXAMPLE/pzgstrf_v3.3.c
?       EXAMPLE/torso3.gpu.out
?       EXAMPLE/cg20.gpu.out
?       EXAMPLE/g20.out
?       EXAMPLE/torso3.out
?       EXAMPLE/big.gpu.out
?       EXAMPLE/cg20.out
?       EXAMPLE/test.err.1
?       EXAMPLE/big.out
?       EXAMPLE/torso3.gpu.bad
?       EXAMPLE/pzutil.c
?       EXAMPLE/torso3.3x2.out
?       EXAMPLE/cg20.3x2.out
?       EXAMPLE/torso3.bad
M       EXAMPLE/pddrive2_ABglobal.c
M       EXAMPLE/pzdrive1.c
M       EXAMPLE/pddrive4_ABglobal.c
M       EXAMPLE/pzdrive2.c
M       EXAMPLE/pzdrive3.c
M       EXAMPLE/pzdrive4.c
M       EXAMPLE/pddrive_ABglobal.c
M       EXAMPLE/pzdrive.c
M       EXAMPLE/pzgssvx.c
M       EXAMPLE/pzdrive2_ABglobal.c
M       EXAMPLE/pzdrive4_ABglobal.c
M       EXAMPLE/Makefile
M       EXAMPLE/pddrive1_ABglobal.c
M       EXAMPLE/sp_ienv.c
M       EXAMPLE/pddrive3_ABglobal.c
M       EXAMPLE/pzdrive_ABglobal.c
M       EXAMPLE/pddrive1.c
M       EXAMPLE/pddrive2.c
M       EXAMPLE/pddrive3.c
M       EXAMPLE/pddrive4.c
M       EXAMPLE/pzdrive1_ABglobal.c
M       EXAMPLE/pzdrive3_ABglobal.c
M       EXAMPLE/pddrive.c
?       FORTRAN/zcreate_dist_matrix.c
M       FORTRAN/superlu_c2f_zwrap.c
M       FORTRAN/superlu_c2f_dwrap.c
M       README
