** MPI 2/4, NVSHMEM 2/4, mype_node=2, device name: NVIDIA A100-SXM4-40GB bus id: 130, ndevices=4,cur=2, node=nid001217 **
** MPI 0/4, NVSHMEM 0/4, mype_node=0, device name: NVIDIA A100-SXM4-40GB bus id: 3, ndevices=4,cur=0, node=nid001217 **
** MPI 1/4, NVSHMEM 1/4, mype_node=1, device name: NVIDIA A100-SXM4-40GB bus id: 65, ndevices=4,cur=1, node=nid001217 **
** MPI 3/4, NVSHMEM 3/4, mype_node=3, device name: NVIDIA A100-SXM4-40GB bus id: 193, ndevices=4,cur=3, node=nid001217 **
first gpufree time:  0.6369
first blas create time:  0.5682
MPI_Query_thread with MPI_THREAD_SINGLE
__STDC_VERSION__ 201112
Library version:	8.1.2
Input matrix file:	/global/cfs/cdirs/m2956/nanding/myprojects/matrix/s1_mat_0_507744.bin
Process grid:		4 X 1
**************************************************
.. options:
**    Fact                      :    0
**    Equil                     :    1
**    DiagInv                   :    1
**    ParSymbFact               :    0
**    ColPerm                   :    4
**    RowPerm                   :    1
**    ReplaceTinyPivot          :    1
**    IterRefine                :    0
**    Trans                     :    0
**    SymPattern                :    0
**    lookahead_etree           :    0
**    Use_TensorCore            :    0
**    Use 3D algorithm          :    0
**    num_lookaheads            :   10
** parameters that can be altered by environment variables:
**    superlu_relax             :  256
**    superlu_maxsup            :  256
**    min GEMM m*k*n to use GPU : 5000
**    GPU buffer size           :   50000000
**    GPU streams               :    8
**    estimated fill ratio      :    5
**************************************************
fread n   507744	nnz 205385344
# of doubles fread: 205385344
Time to read and distribute matrix 0.32
.. equilibrated? *equed = B
.. RowPerm 1	 time: 2.28
.. anorm 1.888919e+02
.. Use METIS ordering on A'+A
.. symbfact(): relax 256, maxsuper 256, fill 5
	Matrix size min_mn    507744
	Nonzeros in L       879766426
	Nonzeros in U       882320803
	nonzeros in L+U     1761579485
	nonzeros in LSUB    103226086
	No of supers     9827
	Size of G(L) 15483594
	Size of G(U)  6514038
	int 4, short 2, float 4, double 8
	SYMBfact (MB):	L\U 449.12	total 467.39	expansions 0
.. # L blocks    62169	# U blocks    57322
MPI tag upper bound = 536870911
.. Starting with 1 OpenMP threads 
 === using DAG ===
.. thresh = s_eps 5.960464e-08 * anorm 1.888919e+02 = 1.125884e-05
.. Buffer size: Lsub 2898	Lval 730112	Usub 13486	Uval 2318336	LDA 2852
max_ncols 9056,  max_ldu 256, bigu_size  2318336
	.. SUPERLU_MAX_BUFFER_SIZE 50000000 set for GPU
	.. SUPERLU_N_GEMM: 5000 flops of GEMM done on CPU (1st block always on CPU)
	.. GEMM buffer size: max_row_size X max_ncols = 2225 x     9056
[0].. BIG U size  2318336 (on CPU)
[0].. BIG V size 20149600 (on CPU), dC buffer_size 20149600 (on GPU)
GPU Driver version:   v 11070
GPU Devices: 
 
0 : NVIDIA A100-SXM4-40GB 8 0
  Global memory:   40396 mb 
  Shared memory:   48 kb 
  Constant memory: 64 kb 
  Block registers: 65536 

1 : NVIDIA A100-SXM4-40GB 8 0
  Global memory:   40396 mb 
  Shared memory:   48 kb 
  Constant memory: 64 kb 
  Block registers: 65536 

2 : NVIDIA A100-SXM4-40GB 8 0
  Global memory:   40396 mb 
  Shared memory:   48 kb 
  Constant memory: 64 kb 
  Block registers: 65536 

3 : NVIDIA A100-SXM4-40GB 8 0
  Global memory:   40396 mb 
  Shared memory:   48 kb 
  Constant memory: 64 kb 
  Block registers: 65536 

 Starting with 8 GPU Streams 
  Max row size is 2225 
  Threads per process 1 

Initialization time	  0.1280 seconds
	 Serial: compute static schedule, allocate storage

==== Time breakdown in factorization (rank 0) ====
Panel factorization 	  21.2567 seconds
.. L-panel pxgstrf2 	  16.7895 seconds
.. U-panel pxgstrs2 	   4.4672 seconds
Time in Look-ahead update 	   2.7000 seconds
Time in Schur update 		  22.6200 seconds
.. Time to Gather L buffer	   0.0000  (Separate L panel by Lookahead/Remain)
.. Time to Gather U buffer	   0.6088 
.. Time in GEMM   0.0000 
	* Look-ahead	   0.0000 
	* Remain	   0.0000	Flops 0.0000e+00	Gflops     -nan
.. Time to Scatter  10.0548 
	* Look-ahead	   0.0000 
	* Remain	  10.0548 
Total factorization time            	:  47.2751 seconds, 
--------
GEMM maximum block: 0-0-0

** Memory Usage **********************************
.. dQuerySpace: peak_buffer 462.05 (MB)
	(P0) serial symbolic::stage[0]: symb_memory 467.39, GA_mem_use 2466.66
	(P0) serial distribution::stage[1]:symb_LU 449.12, dist_mem_use 1717.26, num_mem_usage.for_lu 3588.06
** Total highmark (MB):
    Sum-of-all : 22871.44 | Avg :  5717.86  | Max :  5851.61
    Max at rank 1, different stages (MB):
	. symbfact         2934.05
	. distribution     5754.44
	. numfact          4050.12
** NUMfact space (MB): (sum-of-all-processes)
    L\U :        14214.60 |  Total : 16117.43
	. max at rank 1, max L+U memory (MB):  3683.78
	. max at rank 1, peak buffer (MB):      507.48
**************************************************

** number of Tiny Pivots:        0

computing inverse of diagonal blocks...
.. GPU trisolve
.. GPU trisolve
.. GPU trisolve
num_thread:     1
.. GPU trisolve
.. B to X redistribute time	  0.0075
.. Setup GPU L-solve time	  0.0013
.. L-solve time	  0.0205
.. L-solve time (MAX) 	  0.0206
.. Setup GPU U-solve time	  0.0015
.. U-solve time	  0.0617
.. U-solve time (MAX) 	  0.0617
.. X to B redistribute time	  0.0018
.. DiagScale = 3
.. Sol  0: ||X - Xtrue|| / ||X|| = 7.976912e-05	 max_i |x - xtrue|_i / |x|_i = 1.131281e-04
**************************************************
**** Time (seconds) ****
	EQUIL time            0.207
	ROWPERM time          2.278
	COLPERM time          2.059
	SYMBFACT time         2.030
	DISTRIBUTE time       5.571
	FACTOR time          47.498
	Factor flops	5.946583e+12	Mflops 	125195.82
	SOLVE time            0.094
	Solve flops	3.523159e+09	Mflops 	37333.81
**************************************************
