** MPI 1/2, NVSHMEM 1/2, mype_node=1, device name: NVIDIA A100-SXM4-40GB bus id: 65, ndevices=2,cur=1, node=nid001217 **
** MPI 0/2, NVSHMEM 0/2, mype_node=0, device name: NVIDIA A100-SXM4-40GB bus id: 3, ndevices=2,cur=0, node=nid001217 **
first gpufree time:  0.3105
first blas create time:  0.5358
MPI_Query_thread with MPI_THREAD_SINGLE
__STDC_VERSION__ 201112
Library version:	8.1.2
Input matrix file:	/global/cfs/cdirs/m2956/nanding/myprojects/matrix/LU_C_BN_C_2by2.bin
Process grid:		2 X 1
**************************************************
.. options:
**    Fact                      :    0
**    Equil                     :    1
**    DiagInv                   :    1
**    ParSymbFact               :    0
**    ColPerm                   :    4
**    RowPerm                   :    1
**    ReplaceTinyPivot          :    1
**    IterRefine                :    0
**    Trans                     :    0
**    SymPattern                :    0
**    lookahead_etree           :    0
**    Use_TensorCore            :    0
**    Use 3D algorithm          :    0
**    num_lookaheads            :   10
** parameters that can be altered by environment variables:
**    superlu_relax             :  256
**    superlu_maxsup            :  256
**    min GEMM m*k*n to use GPU : 5000
**    GPU buffer size           :   50000000
**    GPU streams               :    8
**    estimated fill ratio      :    5
**************************************************
fread n   131664	nnz 95429672
# of doubles fread: 95429672
Time to read and distribute matrix 0.14
.. equilibrated? *equed = N
.. RowPerm 1	 time: 0.73
.. anorm 5.328527e+01
.. Use METIS ordering on A'+A
.. symbfact(): relax 256, maxsuper 256, fill 5
	Matrix size min_mn    131664
	Nonzeros in L       865224955
	Nonzeros in U       865206042
	nonzeros in L+U     1730299333
	nonzeros in LSUB    52339917
	No of supers     1216
	Size of G(L)  5906638
	Size of G(U)  5777864
	int 4, short 2, float 4, double 8
	SYMBfact (MB):	L\U 235.10	total 239.84	expansions 0
.. # L blocks    38305	# U blocks    37134
MPI tag upper bound = 536870911
.. Starting with 1 OpenMP threads 
 === using DAG ===
.. thresh = s_eps 5.960464e-08 * anorm 5.328527e+01 = 3.176050e-06
.. Buffer size: Lsub 10302	Lval 2615808	Usub 25397	Uval 4992768	LDA 10218
max_ncols 19755,  max_ldu 256, bigu_size  5057280
	.. SUPERLU_MAX_BUFFER_SIZE 50000000 set for GPU
	.. SUPERLU_N_GEMM: 5000 flops of GEMM done on CPU (1st block always on CPU)
	.. GEMM buffer size: max_row_size X max_ncols = 10218 x    19755
[0].. BIG U size  5057280 (on CPU)
[0].. BIG V size 201856590 (on CPU), dC buffer_size 50000000 (on GPU)
GPU Driver version:   v 11070
GPU Devices: 
 
0 : NVIDIA A100-SXM4-40GB 8 0
  Global memory:   40396 mb 
  Shared memory:   48 kb 
  Constant memory: 64 kb 
  Block registers: 65536 

1 : NVIDIA A100-SXM4-40GB 8 0
  Global memory:   40396 mb 
  Shared memory:   48 kb 
  Constant memory: 64 kb 
  Block registers: 65536 

 Starting with 8 GPU Streams 
  Max row size is 10218 
  Threads per process 1 
warning: number of partitions 2 > 1, try increasing MAX_BUFFER_SIZE.
warning: number of partitions 2 > 1, try increasing MAX_BUFFER_SIZE.
warning: number of partitions 2 > 1, try increasing MAX_BUFFER_SIZE.
warning: number of partitions 2 > 1, try increasing MAX_BUFFER_SIZE.
warning: number of partitions 2 > 1, try increasing MAX_BUFFER_SIZE.
warning: number of partitions 2 > 1, try increasing MAX_BUFFER_SIZE.
warning: number of partitions 2 > 1, try increasing MAX_BUFFER_SIZE.
warning: number of partitions 2 > 1, try increasing MAX_BUFFER_SIZE.
warning: number of partitions 2 > 1, try increasing MAX_BUFFER_SIZE.
warning: number of partitions 2 > 1, try increasing MAX_BUFFER_SIZE.
warning: number of partitions 2 > 1, try increasing MAX_BUFFER_SIZE.
warning: number of partitions 2 > 1, try increasing MAX_BUFFER_SIZE.
warning: number of partitions 2 > 1, try increasing MAX_BUFFER_SIZE.
warning: number of partitions 2 > 1, try increasing MAX_BUFFER_SIZE.
warning: number of partitions 2 > 1, try increasing MAX_BUFFER_SIZE.
warning: number of partitions 2 > 1, try increasing MAX_BUFFER_SIZE.
warning: number of partitions 2 > 1, try increasing MAX_BUFFER_SIZE.
warning: number of partitions 2 > 1, try increasing MAX_BUFFER_SIZE.
warning: number of partitions 2 > 1, try increasing MAX_BUFFER_SIZE.
warning: number of partitions 2 > 1, try increasing MAX_BUFFER_SIZE.
warning: number of partitions 2 > 1, try increasing MAX_BUFFER_SIZE.
warning: number of partitions 2 > 1, try increasing MAX_BUFFER_SIZE.
warning: number of partitions 2 > 1, try increasing MAX_BUFFER_SIZE.
warning: number of partitions 2 > 1, try increasing MAX_BUFFER_SIZE.
warning: number of partitions 2 > 1, try increasing MAX_BUFFER_SIZE.
warning: number of partitions 2 > 1, try increasing MAX_BUFFER_SIZE.
warning: number of partitions 2 > 1, try increasing MAX_BUFFER_SIZE.
warning: number of partitions 2 > 1, try increasing MAX_BUFFER_SIZE.
warning: number of partitions 2 > 1, try increasing MAX_BUFFER_SIZE.
warning: number of partitions 2 > 1, try increasing MAX_BUFFER_SIZE.
warning: number of partitions 2 > 1, try increasing MAX_BUFFER_SIZE.
warning: number of partitions 2 > 1, try increasing MAX_BUFFER_SIZE.
warning: number of partitions 2 > 1, try increasing MAX_BUFFER_SIZE.
warning: number of partitions 2 > 1, try increasing MAX_BUFFER_SIZE.
warning: number of partitions 2 > 1, try increasing MAX_BUFFER_SIZE.
warning: number of partitions 2 > 1, try increasing MAX_BUFFER_SIZE.
warning: number of partitions 2 > 1, try increasing MAX_BUFFER_SIZE.
warning: number of partitions 2 > 1, try increasing MAX_BUFFER_SIZE.
warning: number of partitions 2 > 1, try increasing MAX_BUFFER_SIZE.
warning: number of partitions 2 > 1, try increasing MAX_BUFFER_SIZE.
warning: number of partitions 2 > 1, try increasing MAX_BUFFER_SIZE.
warning: number of partitions 2 > 1, try increasing MAX_BUFFER_SIZE.
warning: number of partitions 2 > 1, try increasing MAX_BUFFER_SIZE.
warning: number of partitions 2 > 1, try increasing MAX_BUFFER_SIZE.
warning: number of partitions 2 > 1, try increasing MAX_BUFFER_SIZE.
warning: number of partitions 2 > 1, try increasing MAX_BUFFER_SIZE.
warning: number of partitions 2 > 1, try increasing MAX_BUFFER_SIZE.
warning: number of partitions 2 > 1, try increasing MAX_BUFFER_SIZE.
warning: number of partitions 2 > 1, try increasing MAX_BUFFER_SIZE.
warning: number of partitions 3 > 1, try increasing MAX_BUFFER_SIZE.
warning: number of partitions 3 > 1, try increasing MAX_BUFFER_SIZE.
warning: number of partitions 2 > 1, try increasing MAX_BUFFER_SIZE.
warning: number of partitions 2 > 1, try increasing MAX_BUFFER_SIZE.
warning: number of partitions 2 > 1, try increasing MAX_BUFFER_SIZE.
warning: number of partitions 2 > 1, try increasing MAX_BUFFER_SIZE.
warning: number of partitions 2 > 1, try increasing MAX_BUFFER_SIZE.
warning: number of partitions 2 > 1, try increasing MAX_BUFFER_SIZE.
warning: number of partitions 3 > 1, try increasing MAX_BUFFER_SIZE.
warning: number of partitions 3 > 1, try increasing MAX_BUFFER_SIZE.
warning: number of partitions 2 > 1, try increasing MAX_BUFFER_SIZE.
warning: number of partitions 2 > 1, try increasing MAX_BUFFER_SIZE.
warning: number of partitions 2 > 1, try increasing MAX_BUFFER_SIZE.
warning: number of partitions 2 > 1, try increasing MAX_BUFFER_SIZE.
warning: number of partitions 2 > 1, try increasing MAX_BUFFER_SIZE.
warning: number of partitions 3 > 1, try increasing MAX_BUFFER_SIZE.
warning: number of partitions 3 > 1, try increasing MAX_BUFFER_SIZE.
warning: number of partitions 2 > 1, try increasing MAX_BUFFER_SIZE.
warning: number of partitions 2 > 1, try increasing MAX_BUFFER_SIZE.
warning: number of partitions 2 > 1, try increasing MAX_BUFFER_SIZE.
warning: number of partitions 2 > 1, try increasing MAX_BUFFER_SIZE.
warning: number of partitions 2 > 1, try increasing MAX_BUFFER_SIZE.
warning: number of partitions 3 > 1, try increasing MAX_BUFFER_SIZE.
warning: number of partitions 3 > 1, try increasing MAX_BUFFER_SIZE.
warning: number of partitions 2 > 1, try increasing MAX_BUFFER_SIZE.
warning: number of partitions 2 > 1, try increasing MAX_BUFFER_SIZE.
warning: number of partitions 2 > 1, try increasing MAX_BUFFER_SIZE.
warning: number of partitions 2 > 1, try increasing MAX_BUFFER_SIZE.
warning: number of partitions 3 > 1, try increasing MAX_BUFFER_SIZE.
warning: number of partitions 3 > 1, try increasing MAX_BUFFER_SIZE.
warning: number of partitions 2 > 1, try increasing MAX_BUFFER_SIZE.
warning: number of partitions 2 > 1, try increasing MAX_BUFFER_SIZE.
warning: number of partitions 2 > 1, try increasing MAX_BUFFER_SIZE.
warning: number of partitions 2 > 1, try increasing MAX_BUFFER_SIZE.
warning: number of partitions 2 > 1, try increasing MAX_BUFFER_SIZE.
warning: number of partitions 2 > 1, try increasing MAX_BUFFER_SIZE.
warning: number of partitions 3 > 1, try increasing MAX_BUFFER_SIZE.
warning: number of partitions 3 > 1, try increasing MAX_BUFFER_SIZE.
warning: number of partitions 2 > 1, try increasing MAX_BUFFER_SIZE.
warning: number of partitions 2 > 1, try increasing MAX_BUFFER_SIZE.
warning: number of partitions 2 > 1, try increasing MAX_BUFFER_SIZE.
warning: number of partitions 2 > 1, try increasing MAX_BUFFER_SIZE.
warning: number of partitions 2 > 1, try increasing MAX_BUFFER_SIZE.
warning: number of partitions 2 > 1, try increasing MAX_BUFFER_SIZE.
warning: number of partitions 3 > 1, try increasing MAX_BUFFER_SIZE.
warning: number of partitions 3 > 1, try increasing MAX_BUFFER_SIZE.
warning: number of partitions 2 > 1, try increasing MAX_BUFFER_SIZE.
warning: number of partitions 3 > 1, try increasing MAX_BUFFER_SIZE.
warning: number of partitions 2 > 1, try increasing MAX_BUFFER_SIZE.
warning: number of partitions 3 > 1, try increasing MAX_BUFFER_SIZE.
warning: number of partitions 2 > 1, try increasing MAX_BUFFER_SIZE.
warning: number of partitions 2 > 1, try increasing MAX_BUFFER_SIZE.
warning: number of partitions 2 > 1, try increasing MAX_BUFFER_SIZE.
warning: number of partitions 2 > 1, try increasing MAX_BUFFER_SIZE.
warning: number of partitions 3 > 1, try increasing MAX_BUFFER_SIZE.
warning: number of partitions 3 > 1, try increasing MAX_BUFFER_SIZE.
warning: number of partitions 2 > 1, try increasing MAX_BUFFER_SIZE.
warning: number of partitions 2 > 1, try increasing MAX_BUFFER_SIZE.
warning: number of partitions 3 > 1, try increasing MAX_BUFFER_SIZE.
warning: number of partitions 3 > 1, try increasing MAX_BUFFER_SIZE.
warning: number of partitions 2 > 1, try increasing MAX_BUFFER_SIZE.
warning: number of partitions 2 > 1, try increasing MAX_BUFFER_SIZE.
warning: number of partitions 2 > 1, try increasing MAX_BUFFER_SIZE.
warning: number of partitions 2 > 1, try increasing MAX_BUFFER_SIZE.
warning: number of partitions 3 > 1, try increasing MAX_BUFFER_SIZE.
warning: number of partitions 2 > 1, try increasing MAX_BUFFER_SIZE.
warning: number of partitions 2 > 1, try increasing MAX_BUFFER_SIZE.
warning: number of partitions 3 > 1, try increasing MAX_BUFFER_SIZE.
warning: number of partitions 3 > 1, try increasing MAX_BUFFER_SIZE.
warning: number of partitions 2 > 1, try increasing MAX_BUFFER_SIZE.
warning: number of partitions 2 > 1, try increasing MAX_BUFFER_SIZE.
warning: number of partitions 2 > 1, try increasing MAX_BUFFER_SIZE.
warning: number of partitions 2 > 1, try increasing MAX_BUFFER_SIZE.
warning: number of partitions 2 > 1, try increasing MAX_BUFFER_SIZE.
warning: number of partitions 2 > 1, try increasing MAX_BUFFER_SIZE.
warning: number of partitions 3 > 1, try increasing MAX_BUFFER_SIZE.
warning: number of partitions 3 > 1, try increasing MAX_BUFFER_SIZE.
warning: number of partitions 2 > 1, try increasing MAX_BUFFER_SIZE.
warning: number of partitions 2 > 1, try increasing MAX_BUFFER_SIZE.
warning: number of partitions 2 > 1, try increasing MAX_BUFFER_SIZE.
warning: number of partitions 2 > 1, try increasing MAX_BUFFER_SIZE.
warning: number of partitions 2 > 1, try increasing MAX_BUFFER_SIZE.
warning: number of partitions 2 > 1, try increasing MAX_BUFFER_SIZE.
warning: number of partitions 3 > 1, try increasing MAX_BUFFER_SIZE.
warning: number of partitions 3 > 1, try increasing MAX_BUFFER_SIZE.
warning: number of partitions 2 > 1, try increasing MAX_BUFFER_SIZE.
warning: number of partitions 2 > 1, try increasing MAX_BUFFER_SIZE.
warning: number of partitions 2 > 1, try increasing MAX_BUFFER_SIZE.
warning: number of partitions 2 > 1, try increasing MAX_BUFFER_SIZE.
warning: number of partitions 2 > 1, try increasing MAX_BUFFER_SIZE.
warning: number of partitions 2 > 1, try increasing MAX_BUFFER_SIZE.
warning: number of partitions 3 > 1, try increasing MAX_BUFFER_SIZE.
warning: number of partitions 2 > 1, try increasing MAX_BUFFER_SIZE.
warning: number of partitions 3 > 1, try increasing MAX_BUFFER_SIZE.
warning: number of partitions 2 > 1, try increasing MAX_BUFFER_SIZE.
warning: number of partitions 2 > 1, try increasing MAX_BUFFER_SIZE.
warning: number of partitions 2 > 1, try increasing MAX_BUFFER_SIZE.
warning: number of partitions 2 > 1, try increasing MAX_BUFFER_SIZE.
warning: number of partitions 2 > 1, try increasing MAX_BUFFER_SIZE.
warning: number of partitions 3 > 1, try increasing MAX_BUFFER_SIZE.
warning: number of partitions 2 > 1, try increasing MAX_BUFFER_SIZE.
warning: number of partitions 2 > 1, try increasing MAX_BUFFER_SIZE.
warning: number of partitions 2 > 1, try increasing MAX_BUFFER_SIZE.
warning: number of partitions 2 > 1, try increasing MAX_BUFFER_SIZE.
warning: number of partitions 2 > 1, try increasing MAX_BUFFER_SIZE.
warning: number of partitions 2 > 1, try increasing MAX_BUFFER_SIZE.
warning: number of partitions 2 > 1, try increasing MAX_BUFFER_SIZE.
warning: number of partitions 2 > 1, try increasing MAX_BUFFER_SIZE.
warning: number of partitions 2 > 1, try increasing MAX_BUFFER_SIZE.
warning: number of partitions 2 > 1, try increasing MAX_BUFFER_SIZE.
warning: number of partitions 3 > 1, try increasing MAX_BUFFER_SIZE.
warning: number of partitions 3 > 1, try increasing MAX_BUFFER_SIZE.
warning: number of partitions 4 > 1, try increasing MAX_BUFFER_SIZE.
warning: number of partitions 2 > 1, try increasing MAX_BUFFER_SIZE.
warning: number of partitions 2 > 1, try increasing MAX_BUFFER_SIZE.
warning: number of partitions 2 > 1, try increasing MAX_BUFFER_SIZE.
warning: number of partitions 2 > 1, try increasing MAX_BUFFER_SIZE.
warning: number of partitions 3 > 1, try increasing MAX_BUFFER_SIZE.
warning: number of partitions 3 > 1, try increasing MAX_BUFFER_SIZE.
warning: number of partitions 2 > 1, try increasing MAX_BUFFER_SIZE.
warning: number of partitions 2 > 1, try increasing MAX_BUFFER_SIZE.
warning: number of partitions 2 > 1, try increasing MAX_BUFFER_SIZE.
warning: number of partitions 3 > 1, try increasing MAX_BUFFER_SIZE.
warning: number of partitions 2 > 1, try increasing MAX_BUFFER_SIZE.
warning: number of partitions 3 > 1, try increasing MAX_BUFFER_SIZE.
warning: number of partitions 2 > 1, try increasing MAX_BUFFER_SIZE.
warning: number of partitions 2 > 1, try increasing MAX_BUFFER_SIZE.
warning: number of partitions 2 > 1, try increasing MAX_BUFFER_SIZE.
warning: number of partitions 2 > 1, try increasing MAX_BUFFER_SIZE.
warning: number of partitions 3 > 1, try increasing MAX_BUFFER_SIZE.
warning: number of partitions 3 > 1, try increasing MAX_BUFFER_SIZE.
warning: number of partitions 2 > 1, try increasing MAX_BUFFER_SIZE.
warning: number of partitions 2 > 1, try increasing MAX_BUFFER_SIZE.
warning: number of partitions 2 > 1, try increasing MAX_BUFFER_SIZE.
warning: number of partitions 2 > 1, try increasing MAX_BUFFER_SIZE.
warning: number of partitions 3 > 1, try increasing MAX_BUFFER_SIZE.
warning: number of partitions 3 > 1, try increasing MAX_BUFFER_SIZE.
warning: number of partitions 2 > 1, try increasing MAX_BUFFER_SIZE.
warning: number of partitions 2 > 1, try increasing MAX_BUFFER_SIZE.
warning: number of partitions 2 > 1, try increasing MAX_BUFFER_SIZE.
warning: number of partitions 2 > 1, try increasing MAX_BUFFER_SIZE.
warning: number of partitions 3 > 1, try increasing MAX_BUFFER_SIZE.
warning: number of partitions 3 > 1, try increasing MAX_BUFFER_SIZE.
warning: number of partitions 2 > 1, try increasing MAX_BUFFER_SIZE.
warning: number of partitions 2 > 1, try increasing MAX_BUFFER_SIZE.
warning: number of partitions 3 > 1, try increasing MAX_BUFFER_SIZE.
warning: number of partitions 3 > 1, try increasing MAX_BUFFER_SIZE.
warning: number of partitions 4 > 1, try increasing MAX_BUFFER_SIZE.
warning: number of partitions 4 > 1, try increasing MAX_BUFFER_SIZE.
warning: number of partitions 2 > 1, try increasing MAX_BUFFER_SIZE.
warning: number of partitions 2 > 1, try increasing MAX_BUFFER_SIZE.
warning: number of partitions 3 > 1, try increasing MAX_BUFFER_SIZE.
warning: number of partitions 3 > 1, try increasing MAX_BUFFER_SIZE.
warning: number of partitions 2 > 1, try increasing MAX_BUFFER_SIZE.
warning: number of partitions 2 > 1, try increasing MAX_BUFFER_SIZE.
warning: number of partitions 3 > 1, try increasing MAX_BUFFER_SIZE.
warning: number of partitions 3 > 1, try increasing MAX_BUFFER_SIZE.
warning: number of partitions 4 > 1, try increasing MAX_BUFFER_SIZE.
warning: number of partitions 4 > 1, try increasing MAX_BUFFER_SIZE.
warning: number of partitions 2 > 1, try increasing MAX_BUFFER_SIZE.
warning: number of partitions 2 > 1, try increasing MAX_BUFFER_SIZE.
warning: number of partitions 3 > 1, try increasing MAX_BUFFER_SIZE.
warning: number of partitions 3 > 1, try increasing MAX_BUFFER_SIZE.
warning: number of partitions 2 > 1, try increasing MAX_BUFFER_SIZE.
warning: number of partitions 2 > 1, try increasing MAX_BUFFER_SIZE.
warning: number of partitions 3 > 1, try increasing MAX_BUFFER_SIZE.
warning: number of partitions 3 > 1, try increasing MAX_BUFFER_SIZE.
warning: number of partitions 4 > 1, try increasing MAX_BUFFER_SIZE.
warning: number of partitions 4 > 1, try increasing MAX_BUFFER_SIZE.
warning: number of partitions 2 > 1, try increasing MAX_BUFFER_SIZE.
warning: number of partitions 2 > 1, try increasing MAX_BUFFER_SIZE.
warning: number of partitions 3 > 1, try increasing MAX_BUFFER_SIZE.
warning: number of partitions 3 > 1, try increasing MAX_BUFFER_SIZE.
warning: number of partitions 2 > 1, try increasing MAX_BUFFER_SIZE.
warning: number of partitions 2 > 1, try increasing MAX_BUFFER_SIZE.
warning: number of partitions 3 > 1, try increasing MAX_BUFFER_SIZE.
warning: number of partitions 3 > 1, try increasing MAX_BUFFER_SIZE.
warning: number of partitions 4 > 1, try increasing MAX_BUFFER_SIZE.
warning: number of partitions 4 > 1, try increasing MAX_BUFFER_SIZE.
warning: number of partitions 2 > 1, try increasing MAX_BUFFER_SIZE.
warning: number of partitions 2 > 1, try increasing MAX_BUFFER_SIZE.
warning: number of partitions 3 > 1, try increasing MAX_BUFFER_SIZE.
warning: number of partitions 3 > 1, try increasing MAX_BUFFER_SIZE.
warning: number of partitions 2 > 1, try increasing MAX_BUFFER_SIZE.
warning: number of partitions 2 > 1, try increasing MAX_BUFFER_SIZE.
warning: number of partitions 3 > 1, try increasing MAX_BUFFER_SIZE.
warning: number of partitions 3 > 1, try increasing MAX_BUFFER_SIZE.
warning: number of partitions 4 > 1, try increasing MAX_BUFFER_SIZE.
warning: number of partitions 4 > 1, try increasing MAX_BUFFER_SIZE.
warning: number of partitions 2 > 1, try increasing MAX_BUFFER_SIZE.
warning: number of partitions 2 > 1, try increasing MAX_BUFFER_SIZE.
warning: number of partitions 3 > 1, try increasing MAX_BUFFER_SIZE.
warning: number of partitions 3 > 1, try increasing MAX_BUFFER_SIZE.
warning: number of partitions 2 > 1, try increasing MAX_BUFFER_SIZE.
warning: number of partitions 2 > 1, try increasing MAX_BUFFER_SIZE.
warning: number of partitions 3 > 1, try increasing MAX_BUFFER_SIZE.
warning: number of partitions 3 > 1, try increasing MAX_BUFFER_SIZE.
warning: number of partitions 4 > 1, try increasing MAX_BUFFER_SIZE.
warning: number of partitions 4 > 1, try increasing MAX_BUFFER_SIZE.
warning: number of partitions 2 > 1, try increasing MAX_BUFFER_SIZE.
warning: number of partitions 2 > 1, try increasing MAX_BUFFER_SIZE.
warning: number of partitions 3 > 1, try increasing MAX_BUFFER_SIZE.
warning: number of partitions 3 > 1, try increasing MAX_BUFFER_SIZE.
warning: number of partitions 2 > 1, try increasing MAX_BUFFER_SIZE.
warning: number of partitions 2 > 1, try increasing MAX_BUFFER_SIZE.
warning: number of partitions 3 > 1, try increasing MAX_BUFFER_SIZE.
warning: number of partitions 3 > 1, try increasing MAX_BUFFER_SIZE.
warning: number of partitions 4 > 1, try increasing MAX_BUFFER_SIZE.
warning: number of partitions 2 > 1, try increasing MAX_BUFFER_SIZE.
warning: number of partitions 2 > 1, try increasing MAX_BUFFER_SIZE.
warning: number of partitions 3 > 1, try increasing MAX_BUFFER_SIZE.
warning: number of partitions 2 > 1, try increasing MAX_BUFFER_SIZE.
warning: number of partitions 2 > 1, try increasing MAX_BUFFER_SIZE.
warning: number of partitions 3 > 1, try increasing MAX_BUFFER_SIZE.
warning: number of partitions 3 > 1, try increasing MAX_BUFFER_SIZE.
warning: number of partitions 4 > 1, try increasing MAX_BUFFER_SIZE.
warning: number of partitions 2 > 1, try increasing MAX_BUFFER_SIZE.
warning: number of partitions 2 > 1, try increasing MAX_BUFFER_SIZE.
warning: number of partitions 2 > 1, try increasing MAX_BUFFER_SIZE.
warning: number of partitions 2 > 1, try increasing MAX_BUFFER_SIZE.
warning: number of partitions 3 > 1, try increasing MAX_BUFFER_SIZE.
warning: number of partitions 3 > 1, try increasing MAX_BUFFER_SIZE.
warning: number of partitions 4 > 1, try increasing MAX_BUFFER_SIZE.
warning: number of partitions 2 > 1, try increasing MAX_BUFFER_SIZE.
warning: number of partitions 2 > 1, try increasing MAX_BUFFER_SIZE.
warning: number of partitions 2 > 1, try increasing MAX_BUFFER_SIZE.
warning: number of partitions 2 > 1, try increasing MAX_BUFFER_SIZE.
warning: number of partitions 3 > 1, try increasing MAX_BUFFER_SIZE.
warning: number of partitions 3 > 1, try increasing MAX_BUFFER_SIZE.
warning: number of partitions 2 > 1, try increasing MAX_BUFFER_SIZE.
warning: number of partitions 2 > 1, try increasing MAX_BUFFER_SIZE.
warning: number of partitions 2 > 1, try increasing MAX_BUFFER_SIZE.
warning: number of partitions 2 > 1, try increasing MAX_BUFFER_SIZE.
warning: number of partitions 3 > 1, try increasing MAX_BUFFER_SIZE.
warning: number of partitions 3 > 1, try increasing MAX_BUFFER_SIZE.
warning: number of partitions 2 > 1, try increasing MAX_BUFFER_SIZE.
warning: number of partitions 2 > 1, try increasing MAX_BUFFER_SIZE.
warning: number of partitions 2 > 1, try increasing MAX_BUFFER_SIZE.
warning: number of partitions 2 > 1, try increasing MAX_BUFFER_SIZE.
warning: number of partitions 3 > 1, try increasing MAX_BUFFER_SIZE.
warning: number of partitions 3 > 1, try increasing MAX_BUFFER_SIZE.
warning: number of partitions 2 > 1, try increasing MAX_BUFFER_SIZE.
warning: number of partitions 2 > 1, try increasing MAX_BUFFER_SIZE.
warning: number of partitions 2 > 1, try increasing MAX_BUFFER_SIZE.
warning: number of partitions 2 > 1, try increasing MAX_BUFFER_SIZE.
warning: number of partitions 3 > 1, try increasing MAX_BUFFER_SIZE.
warning: number of partitions 3 > 1, try increasing MAX_BUFFER_SIZE.
warning: number of partitions 2 > 1, try increasing MAX_BUFFER_SIZE.
warning: number of partitions 2 > 1, try increasing MAX_BUFFER_SIZE.
warning: number of partitions 2 > 1, try increasing MAX_BUFFER_SIZE.
warning: number of partitions 2 > 1, try increasing MAX_BUFFER_SIZE.
warning: number of partitions 3 > 1, try increasing MAX_BUFFER_SIZE.
warning: number of partitions 3 > 1, try increasing MAX_BUFFER_SIZE.
warning: number of partitions 2 > 1, try increasing MAX_BUFFER_SIZE.
warning: number of partitions 2 > 1, try increasing MAX_BUFFER_SIZE.
warning: number of partitions 3 > 1, try increasing MAX_BUFFER_SIZE.
warning: number of partitions 3 > 1, try increasing MAX_BUFFER_SIZE.
warning: number of partitions 2 > 1, try increasing MAX_BUFFER_SIZE.
warning: number of partitions 2 > 1, try increasing MAX_BUFFER_SIZE.
warning: number of partitions 3 > 1, try increasing MAX_BUFFER_SIZE.
warning: number of partitions 3 > 1, try increasing MAX_BUFFER_SIZE.
warning: number of partitions 2 > 1, try increasing MAX_BUFFER_SIZE.
warning: number of partitions 2 > 1, try increasing MAX_BUFFER_SIZE.
warning: number of partitions 3 > 1, try increasing MAX_BUFFER_SIZE.
warning: number of partitions 3 > 1, try increasing MAX_BUFFER_SIZE.
warning: number of partitions 2 > 1, try increasing MAX_BUFFER_SIZE.
warning: number of partitions 2 > 1, try increasing MAX_BUFFER_SIZE.
warning: number of partitions 3 > 1, try increasing MAX_BUFFER_SIZE.
warning: number of partitions 3 > 1, try increasing MAX_BUFFER_SIZE.
warning: number of partitions 2 > 1, try increasing MAX_BUFFER_SIZE.
warning: number of partitions 2 > 1, try increasing MAX_BUFFER_SIZE.
warning: number of partitions 3 > 1, try increasing MAX_BUFFER_SIZE.
warning: number of partitions 2 > 1, try increasing MAX_BUFFER_SIZE.
warning: number of partitions 2 > 1, try increasing MAX_BUFFER_SIZE.
warning: number of partitions 3 > 1, try increasing MAX_BUFFER_SIZE.
warning: number of partitions 2 > 1, try increasing MAX_BUFFER_SIZE.
warning: number of partitions 2 > 1, try increasing MAX_BUFFER_SIZE.
warning: number of partitions 2 > 1, try increasing MAX_BUFFER_SIZE.
warning: number of partitions 2 > 1, try increasing MAX_BUFFER_SIZE.
warning: number of partitions 2 > 1, try increasing MAX_BUFFER_SIZE.
warning: number of partitions 2 > 1, try increasing MAX_BUFFER_SIZE.
warning: number of partitions 2 > 1, try increasing MAX_BUFFER_SIZE.
warning: number of partitions 2 > 1, try increasing MAX_BUFFER_SIZE.
warning: number of partitions 2 > 1, try increasing MAX_BUFFER_SIZE.
warning: number of partitions 2 > 1, try increasing MAX_BUFFER_SIZE.
warning: number of partitions 2 > 1, try increasing MAX_BUFFER_SIZE.
warning: number of partitions 2 > 1, try increasing MAX_BUFFER_SIZE.
warning: number of partitions 2 > 1, try increasing MAX_BUFFER_SIZE.
warning: number of partitions 2 > 1, try increasing MAX_BUFFER_SIZE.
warning: number of partitions 2 > 1, try increasing MAX_BUFFER_SIZE.
warning: number of partitions 2 > 1, try increasing MAX_BUFFER_SIZE.
warning: number of partitions 2 > 1, try increasing MAX_BUFFER_SIZE.
warning: number of partitions 2 > 1, try increasing MAX_BUFFER_SIZE.
warning: number of partitions 2 > 1, try increasing MAX_BUFFER_SIZE.
warning: number of partitions 2 > 1, try increasing MAX_BUFFER_SIZE.
warning: number of partitions 2 > 1, try increasing MAX_BUFFER_SIZE.
warning: number of partitions 2 > 1, try increasing MAX_BUFFER_SIZE.
warning: number of partitions 2 > 1, try increasing MAX_BUFFER_SIZE.
warning: number of partitions 2 > 1, try increasing MAX_BUFFER_SIZE.
warning: number of partitions 2 > 1, try increasing MAX_BUFFER_SIZE.
warning: number of partitions 2 > 1, try increasing MAX_BUFFER_SIZE.
warning: number of partitions 2 > 1, try increasing MAX_BUFFER_SIZE.
warning: number of partitions 2 > 1, try increasing MAX_BUFFER_SIZE.
warning: number of partitions 2 > 1, try increasing MAX_BUFFER_SIZE.
warning: number of partitions 2 > 1, try increasing MAX_BUFFER_SIZE.
warning: number of partitions 2 > 1, try increasing MAX_BUFFER_SIZE.
warning: number of partitions 2 > 1, try increasing MAX_BUFFER_SIZE.
warning: number of partitions 2 > 1, try increasing MAX_BUFFER_SIZE.
warning: number of partitions 2 > 1, try increasing MAX_BUFFER_SIZE.

Initialization time	  0.3792 seconds
	 Serial: compute static schedule, allocate storage

==== Time breakdown in factorization (rank 0) ====
Panel factorization 	  20.6016 seconds
.. L-panel pxgstrf2 	  10.8112 seconds
.. U-panel pxgstrs2 	   9.7903 seconds
Time in Look-ahead update 	  23.1610 seconds
Time in Schur update 		 162.0734 seconds
.. Time to Gather L buffer	   0.0000  (Separate L panel by Lookahead/Remain)
.. Time to Gather U buffer	   0.5782 
.. Time in GEMM   0.0000 
	* Look-ahead	   0.0000 
	* Remain	   0.0000	Flops 0.0000e+00	Gflops     -nan
.. Time to Scatter  41.5547 
	* Look-ahead	   0.0000 
	* Remain	  41.5547 
Total factorization time            	: 203.0586 seconds, 
--------
GEMM maximum block: 0-0-0

** Memory Usage **********************************
.. dQuerySpace: peak_buffer 2354.50 (MB)
	(P0) serial symbolic::stage[0]: symb_memory 239.84, GA_mem_use 1145.68
	(P0) serial distribution::stage[1]:symb_LU 235.10, dist_mem_use 578.61, num_mem_usage.for_lu 6956.86
** Total highmark (MB):
    Sum-of-all : 18556.44 | Avg :  9278.22  | Max :  9311.37
    Max at rank 0, different stages (MB):
	. symbfact         1385.53
	. distribution     7770.58
	. numfact          9311.37
** NUMfact space (MB): (sum-of-all-processes)
    L\U :        13933.25 |  Total : 18556.44
	. max at rank 1, max L+U memory (MB):  6976.39
	. max at rank 0, peak buffer (MB):     2354.50
**************************************************

** number of Tiny Pivots:        1

computing inverse of diagonal blocks...
.. GPU trisolve
.. GPU trisolve
num_thread:     1
.. B to X redistribute time	  0.0035
.. Setup GPU L-solve time	  0.0007
.. L-solve time	  0.0409
.. L-solve time (MAX) 	  0.0410
.. Setup GPU U-solve time	  0.0006
.. U-solve time	  0.1234
.. U-solve time (MAX) 	  0.1234
.. X to B redistribute time	  0.0007
.. DiagScale = 3
.. Sol  0: ||X - Xtrue|| / ||X|| = 1.178438e-04	 max_i |x - xtrue|_i / |x|_i = 2.236931e-04
**************************************************
**** Time (seconds) ****
	EQUIL time            0.083
	ROWPERM time          0.735
	COLPERM time          6.256
	SYMBFACT time         1.822
	DISTRIBUTE time       6.540
	FACTOR time         203.692
	Factor flops	1.698388e+13	Mflops 	83380.16
	SOLVE time            0.170
	Solve flops	3.460599e+09	Mflops 	20370.09
**************************************************
