** MPI 2/4, NVSHMEM 2/4, mype_node=2, device name: NVIDIA A100-SXM4-40GB bus id: 130, ndevices=4,cur=2, node=nid001492 **
** MPI 3/4, NVSHMEM 3/4, mype_node=3, device name: NVIDIA A100-SXM4-40GB bus id: 193, ndevices=4,cur=3, node=nid001492 **
** MPI 0/4, NVSHMEM 0/4, mype_node=0, device name: NVIDIA A100-SXM4-40GB bus id: 3, ndevices=4,cur=0, node=nid001492 **
** MPI 1/4, NVSHMEM 1/4, mype_node=1, device name: NVIDIA A100-SXM4-40GB bus id: 65, ndevices=4,cur=1, node=nid001492 **
first gpufree time:  0.6982
first blas create time:  0.5372
MPI_Query_thread with MPI_THREAD_SINGLE
__STDC_VERSION__ 201112
Library version:	8.1.2
Input matrix file:	/global/cfs/cdirs/m2956/nanding/myprojects/matrix/s1_mat_7127136_7127136_0_csc_1th_block_size_1781784.bin
Process grid:		4 X 1
**************************************************
.. options:
**    Fact                      :    0
**    Equil                     :    1
**    DiagInv                   :    1
**    ParSymbFact               :    0
**    ColPerm                   :    4
**    RowPerm                   :    1
**    ReplaceTinyPivot          :    1
**    IterRefine                :    0
**    Trans                     :    0
**    SymPattern                :    0
**    lookahead_etree           :    0
**    Use_TensorCore            :    0
**    Use 3D algorithm          :    0
**    num_lookaheads            :   10
** parameters that can be altered by environment variables:
**    superlu_relax             :   60
**    superlu_maxsup            :  128
**    min GEMM m*k*n to use GPU : 5000
**    GPU buffer size           :   50000000
**    GPU streams               :    8
**    estimated fill ratio      :    5
**************************************************
fread n  1781784	nnz 443575476
# of doubles fread: 443575476
Time to read and distribute matrix 2.19
.. equilibrated? *equed = B
.. RowPerm 1	 time: 5.45
.. anorm 7.316276e+01
(140787712).. symbfact_SubInit() reduce size:nzlmax -1038544958, nzumax 554469345
(-2077089792).. symbfact_SubInit() reduce size:nzlmax -519272479, nzumax 277234672
(140787712).. symbfact_SubInit() reduce size:nzlmax -1038544958, nzumax 554469345
(-2077089792).. symbfact_SubInit() reduce size:nzlmax -519272479, nzumax 277234672
.. Use METIS ordering on A'+A
.. symbfact(): relax 60, maxsuper 128, fill 5
(140787712).. symbfact_SubInit() reduce size:nzlmax -1038544958, nzumax 554469345
(-2077089792).. symbfact_SubInit() reduce size:nzlmax -519272479, nzumax 277234672
(140787712).. symbfact_SubInit() reduce size:nzlmax -1038544958, nzumax 554469345
(-2077089792).. symbfact_SubInit() reduce size:nzlmax -519272479, nzumax 277234672
srun: error: nid001492: tasks 1-2: Segmentation fault
srun: launch/slurm: _step_signal: Terminating StepId=4965436.3
slurmstepd: error: *** STEP 4965436.3 ON nid001492 CANCELLED AT 2023-01-24T22:23:45 ***
srun: error: nid001492: task 0: Segmentation fault
srun: error: nid001492: task 3: Segmentation fault
