** MPI 1/2, NVSHMEM 1/2, mype_node=1, device name: NVIDIA A100-SXM4-40GB bus id: 65, ndevices=2,cur=1, node=nid001425 **
** MPI 0/2, NVSHMEM 0/2, mype_node=0, device name: NVIDIA A100-SXM4-40GB bus id: 3, ndevices=2,cur=0, node=nid001425 **
first gpufree time:  0.3268
first blas create time:  0.5286
MPI_Query_thread with MPI_THREAD_SINGLE
__STDC_VERSION__ 201112
Library version:	8.1.2
Input matrix file:	/global/cfs/cdirs/m2956/nanding/myprojects/matrix/s1_mat_0_253872.bin
Process grid:		2 X 1
**************************************************
.. options:
**    Fact                      :    0
**    Equil                     :    1
**    DiagInv                   :    1
**    ParSymbFact               :    0
**    ColPerm                   :    4
**    RowPerm                   :    1
**    ReplaceTinyPivot          :    1
**    IterRefine                :    0
**    Trans                     :    0
**    SymPattern                :    0
**    lookahead_etree           :    0
**    Use_TensorCore            :    0
**    Use 3D algorithm          :    0
**    num_lookaheads            :   10
** parameters that can be altered by environment variables:
**    superlu_relax             :  256
**    superlu_maxsup            :  256
**    min GEMM m*k*n to use GPU : 5000
**    GPU buffer size           :   50000000
**    GPU streams               :    8
**    estimated fill ratio      :    5
**************************************************
fread n   253872	nnz 82155776
# of doubles fread: 82155776
Time to read and distribute matrix 0.13
.. equilibrated? *equed = B
.. RowPerm 1	 time: 0.86
.. anorm 1.407514e+02
.. Use METIS ordering on A'+A
.. symbfact(): relax 256, maxsuper 256, fill 5
	Matrix size min_mn    253872
	Nonzeros in L       233021969
	Nonzeros in U       233566644
	nonzeros in L+U     466334741
	nonzeros in LSUB    32166393
	No of supers     4163
	Size of G(L)  3959975
	Size of G(U)  1558078
	int 4, short 2, float 4, double 8
	SYMBfact (MB):	L\U 139.98	total 149.11	expansions 0
(1) in pddistribute:
 flag_bc_size=4166 int, ready_x=1074054 double, flag_rd_size=8328 int, ready_lsum=1074312 double, int=4 B, double=8 B
(0) in pddistribute:
 flag_bc_size=4166 int, ready_x=1074054 double, flag_rd_size=8328 int, ready_lsum=1074312 double, int=4 B, double=8 B
(0) in prepare_multiGPU_buffers:
 flag_bc_size=4166 int, ready_x=1074054 double, flag_rd_size=8328 int, ready_lsum=1074312 double, int=4 B, double=8 B
(1) in prepare_multiGPU_buffers:
 flag_bc_size=4166 int, ready_x=1074054 double, flag_rd_size=8328 int, ready_lsum=1074312 double, int=4 B, double=8 B
.. # L blocks    21318	# U blocks    20367
MPI tag upper bound = 536870911
.. Starting with 1 OpenMP threads 
 === using DAG ===
.. thresh = s_eps 5.960464e-08 * anorm 1.407514e+02 = 8.389437e-06
.. Buffer size: Lsub 2623	Lval 652288	Usub 7287	Uval 1236992	LDA 2581
max_ncols 5088,  max_ldu 256, bigu_size  1302528
	.. SUPERLU_MAX_BUFFER_SIZE 50000000 set for GPU
	.. SUPERLU_N_GEMM: 5000 flops of GEMM done on CPU (1st block always on CPU)
	.. GEMM buffer size: max_row_size X max_ncols = 2476 x     5088
[0].. BIG U size  1302528 (on CPU)
[0].. BIG V size 12597888 (on CPU), dC buffer_size 12597888 (on GPU)
GPU Driver version:   v 11070
GPU Devices: 
 
0 : NVIDIA A100-SXM4-40GB 8 0
  Global memory:   40396 mb 
  Shared memory:   48 kb 
  Constant memory: 64 kb 
  Block registers: 65536 

1 : NVIDIA A100-SXM4-40GB 8 0
  Global memory:   40396 mb 
  Shared memory:   48 kb 
  Constant memory: 64 kb 
  Block registers: 65536 

 Starting with 8 GPU Streams 
  Max row size is 2476 
  Threads per process 1 

Initialization time	  0.0736 seconds
	 Serial: compute static schedule, allocate storage

==== Time breakdown in factorization (rank 0) ====
Panel factorization 	   5.0542 seconds
.. L-panel pxgstrf2 	   2.8909 seconds
.. U-panel pxgstrs2 	   2.1633 seconds
Time in Look-ahead update 	   0.8247 seconds
Time in Schur update 		   3.6373 seconds
.. Time to Gather L buffer	   0.0000  (Separate L panel by Lookahead/Remain)
.. Time to Gather U buffer	   0.1221 
.. Time in GEMM   0.0000 
	* Look-ahead	   0.0000 
	* Remain	   0.0000	Flops 0.0000e+00	Gflops     -nan
.. Time to Scatter   2.0070 
	* Look-ahead	   0.0000 
	* Remain	   2.0070 
Total factorization time            	:   9.6363 seconds, 
--------
GEMM maximum block: 0-0-0

** Memory Usage **********************************
.. dQuerySpace: peak_buffer 290.40 (MB)
	(P0) serial symbolic::stage[0]: symb_memory 149.11, GA_mem_use 986.88
	(P0) serial distribution::stage[1]:symb_LU 139.98, dist_mem_use 945.30, num_mem_usage.for_lu 1921.58
** Total highmark (MB):
    Sum-of-all :  5922.35 | Avg :  2961.18  | Max :  3006.86
    Max at rank 0, different stages (MB):
	. symbfact         1136.00
	. distribution     3006.86
	. numfact          2211.98
** NUMfact space (MB): (sum-of-all-processes)
    L\U :         3760.07 |  Total :  4345.15
	. max at rank 0, max L+U memory (MB):  1921.58
	. max at rank 1, peak buffer (MB):      294.68
**************************************************

** number of Tiny Pivots:        0

computing inverse of diagonal blocks...
.. GPU trisolve
.. GPU trisolve
num_thread:     1
.. B to X redistribute time	  0.0062
.. Setup GPU L-solve time	  0.0008
.. L-solve time	  0.0073
.. L-solve time (MAX) 	  0.0073
.. Setup GPU U-solve time	  0.0008
.. U-solve time	  0.0240
.. U-solve time (MAX) 	  0.0240
.. X to B redistribute time	  0.0015
.. DiagScale = 3
.. Sol  0: ||X - Xtrue|| / ||X|| = 8.501115e-05	 max_i |x - xtrue|_i / |x|_i = 2.552156e-04
**************************************************
**** Time (seconds) ****
	EQUIL time            0.104
	ROWPERM time          0.858
	COLPERM time          0.683
	SYMBFACT time         0.553
	DISTRIBUTE time       3.141
	FACTOR time           9.748
	Factor flops	7.711193e+11	Mflops 	79101.65
	SOLVE time            0.041
	Solve flops	9.326694e+08	Mflops 	23002.67
**************************************************
