** MPI 0/2, NVSHMEM 0/2, mype_node=0, device name: NVIDIA A100-SXM4-40GB bus id: 3, ndevices=2,cur=0, node=nid001425 **
** MPI 1/2, NVSHMEM 1/2, mype_node=1, device name: NVIDIA A100-SXM4-40GB bus id: 65, ndevices=2,cur=1, node=nid001425 **
first gpufree time:  0.4592
first blas create time:  0.5228
MPI_Query_thread with MPI_THREAD_SINGLE
__STDC_VERSION__ 201112
Library version:	8.1.2
Input matrix file:	/global/cfs/cdirs/m2956/nanding/myprojects/matrix/s1_mat_0_126936.bin
Process grid:		2 X 1
**************************************************
.. options:
**    Fact                      :    0
**    Equil                     :    1
**    DiagInv                   :    1
**    ParSymbFact               :    0
**    ColPerm                   :    4
**    RowPerm                   :    1
**    ReplaceTinyPivot          :    1
**    IterRefine                :    0
**    Trans                     :    0
**    SymPattern                :    0
**    lookahead_etree           :    0
**    Use_TensorCore            :    0
**    Use 3D algorithm          :    0
**    num_lookaheads            :   10
** parameters that can be altered by environment variables:
**    superlu_relax             :  256
**    superlu_maxsup            :  256
**    min GEMM m*k*n to use GPU : 5000
**    GPU buffer size           :   50000000
**    GPU streams               :    8
**    estimated fill ratio      :    5
**************************************************
fread n   126936	nnz 20540992
# of doubles fread: 20540992
Time to read and distribute matrix 0.03
.. equilibrated? *equed = B
.. RowPerm 1	 time: 0.25
.. anorm 9.107221e+01
.. Use METIS ordering on A'+A
.. symbfact(): relax 256, maxsuper 256, fill 5
	Matrix size min_mn    126936
	Nonzeros in L       66330311
	Nonzeros in U       66551784
	nonzeros in L+U     132755159
	nonzeros in LSUB    12129905
	No of supers     2086
	Size of G(L)  1050211
	Size of G(U)   533235
	int 4, short 2, float 4, double 8
	SYMBfact (MB):	L\U 53.19	total 57.76	expansions 0
(0) in pddistribute:
 flag_bc_size=2088 int, ready_x=538188 double, flag_rd_size=4172 int, ready_lsum=538188 double, int=4 B, double=8 B
(1) in pddistribute:
 flag_bc_size=2088 int, ready_x=538188 double, flag_rd_size=4172 int, ready_lsum=538188 double, int=4 B, double=8 B
(0) in prepare_multiGPU_buffers:
 flag_bc_size=2088 int, ready_x=538188 double, flag_rd_size=4172 int, ready_lsum=538188 double, int=4 B, double=8 B
(1) in prepare_multiGPU_buffers:
 flag_bc_size=2088 int, ready_x=538188 double, flag_rd_size=4172 int, ready_lsum=538188 double, int=4 B, double=8 B
.. # L blocks     8642	# U blocks     7980
MPI tag upper bound = 536870911
.. Starting with 1 OpenMP threads 
 === using DAG ===
.. thresh = s_eps 5.960464e-08 * anorm 9.107221e+01 = 5.428327e-06
.. Buffer size: Lsub 1560	Lval 392704	Usub 3702	Uval 591872	LDA 1534
max_ncols 2312,  max_ldu 256, bigu_size   591872
	.. SUPERLU_MAX_BUFFER_SIZE 50000000 set for GPU
	.. SUPERLU_N_GEMM: 5000 flops of GEMM done on CPU (1st block always on CPU)
	.. GEMM buffer size: max_row_size X max_ncols = 1534 x     2312
[0].. BIG U size   591872 (on CPU)
[0].. BIG V size  3546608 (on CPU), dC buffer_size  3546608 (on GPU)
GPU Driver version:   v 11070
GPU Devices: 
 
0 : NVIDIA A100-SXM4-40GB 8 0
  Global memory:   40396 mb 
  Shared memory:   48 kb 
  Constant memory: 64 kb 
  Block registers: 65536 

1 : NVIDIA A100-SXM4-40GB 8 0
  Global memory:   40396 mb 
  Shared memory:   48 kb 
  Constant memory: 64 kb 
  Block registers: 65536 

 Starting with 8 GPU Streams 
  Max row size is 1534 
  Threads per process 1 

Initialization time	  0.0471 seconds
	 Serial: compute static schedule, allocate storage

==== Time breakdown in factorization (rank 0) ====
Panel factorization 	   1.4829 seconds
.. L-panel pxgstrf2 	   0.9257 seconds
.. U-panel pxgstrs2 	   0.5572 seconds
Time in Look-ahead update 	   0.1539 seconds
Time in Schur update 		   0.7306 seconds
.. Time to Gather L buffer	   0.0000  (Separate L panel by Lookahead/Remain)
.. Time to Gather U buffer	   0.0303 
.. Time in GEMM   0.0000 
	* Look-ahead	   0.0000 
	* Remain	   0.0000	Flops 0.0000e+00	Gflops     -nan
.. Time to Scatter   0.3909 
	* Look-ahead	   0.0000 
	* Remain	   0.3909 
Total factorization time            	:   2.3431 seconds, 
--------
GEMM maximum block: 0-0-0

** Memory Usage **********************************
.. dQuerySpace: peak_buffer 130.31 (MB)
	(P0) serial symbolic::stage[0]: symb_memory 57.76, GA_mem_use 247.00
	(P0) serial distribution::stage[1]:symb_LU 53.19, dist_mem_use 456.91, num_mem_usage.for_lu 563.48
** Total highmark (MB):
    Sum-of-all :  2087.78 | Avg :  1043.89  | Max :  1073.58
    Max at rank 0, different stages (MB):
	. symbfact          304.76
	. distribution     1073.58
	. numfact           693.79
** NUMfact space (MB): (sum-of-all-processes)
    L\U :         1071.32 |  Total :  1324.17
	. max at rank 0, max L+U memory (MB):   563.48
	. max at rank 0, peak buffer (MB):      130.31
**************************************************

** number of Tiny Pivots:        0

computing inverse of diagonal blocks...
.. GPU trisolve
.. GPU trisolve
num_thread:     1
.. B to X redistribute time	  0.0028
.. Setup GPU L-solve time	  0.0006
.. L-solve time	  0.0028
.. L-solve time (MAX) 	  0.0028
.. Setup GPU U-solve time	  0.0006
.. U-solve time	  0.0080
.. U-solve time (MAX) 	  0.0080
.. X to B redistribute time	  0.0006
.. DiagScale = 3
.. Sol  0: ||X - Xtrue|| / ||X|| = 1.049830e-05	 max_i |x - xtrue|_i / |x|_i = 1.002391e-04
**************************************************
**** Time (seconds) ****
	EQUIL time            0.028
	ROWPERM time          0.250
	COLPERM time          0.208
	SYMBFACT time         0.158
	DISTRIBUTE time       0.893
	FACTOR time           2.429
	Factor flops	1.076405e+11	Mflops 	44319.04
	SOLVE time            0.016
	Solve flops	2.655103e+08	Mflops 	17090.12
**************************************************
