** MPI 1/4, NVSHMEM 1/4, mype_node=1, device name: NVIDIA A100-SXM4-40GB bus id: 65, ndevices=4,cur=1, node=nid001217 **
** MPI 0/4, NVSHMEM 0/4, mype_node=0, device name: NVIDIA A100-SXM4-40GB bus id: 3, ndevices=4,cur=0, node=nid001217 **
** MPI 2/4, NVSHMEM 2/4, mype_node=2, device name: NVIDIA A100-SXM4-40GB bus id: 130, ndevices=4,cur=2, node=nid001217 **
** MPI 3/4, NVSHMEM 3/4, mype_node=3, device name: NVIDIA A100-SXM4-40GB bus id: 193, ndevices=4,cur=3, node=nid001217 **
first gpufree time:  0.6106
first blas create time:  0.5296
MPI_Query_thread with MPI_THREAD_SINGLE
__STDC_VERSION__ 201112
Library version:	8.1.2
Input matrix file:	/global/cfs/cdirs/m2956/nanding/myprojects/matrix/Li4244.bin
Process grid:		4 X 1
**************************************************
.. options:
**    Fact                      :    0
**    Equil                     :    1
**    DiagInv                   :    1
**    ParSymbFact               :    0
**    ColPerm                   :    4
**    RowPerm                   :    1
**    ReplaceTinyPivot          :    1
**    IterRefine                :    0
**    Trans                     :    0
**    SymPattern                :    0
**    lookahead_etree           :    0
**    Use_TensorCore            :    0
**    Use 3D algorithm          :    0
**    num_lookaheads            :   10
** parameters that can be altered by environment variables:
**    superlu_relax             :  256
**    superlu_maxsup            :  256
**    min GEMM m*k*n to use GPU : 5000
**    GPU buffer size           :   50000000
**    GPU streams               :    8
**    estimated fill ratio      :    5
**************************************************
fread n    72000	nnz 258880000
# of doubles fread: 258880000
Time to read and distribute matrix 0.43
.. equilibrated? *equed = R
.. RowPerm 1	 time: 1.59
.. anorm 5.225520e+02
.. Use METIS ordering on A'+A
.. symbfact(): relax 256, maxsuper 256, fill 5
	Matrix size min_mn     72000
	Nonzeros in L       518440556
	Nonzeros in U       518453334
	nonzeros in L+U     1036821890
	nonzeros in LSUB    24093998
	No of supers      326
	Size of G(L)  2295939
	Size of G(U)  2229141
	int 4, short 2, float 4, double 8
	SYMBfact (MB):	L\U 106.73	total 109.32	expansions 0
.. # L blocks     2592	# U blocks     2598
MPI tag upper bound = 536870911
.. Starting with 1 OpenMP threads 
 === using DAG ===
.. thresh = s_eps 5.960464e-08 * anorm 5.225520e+02 = 3.114652e-05
.. Buffer size: Lsub 3944	Lval 1000960	Usub 14728	Uval 3620864	LDA 3910
max_ncols 14144,  max_ldu 256, bigu_size  3620864
	.. SUPERLU_MAX_BUFFER_SIZE 50000000 set for GPU
	.. SUPERLU_N_GEMM: 5000 flops of GEMM done on CPU (1st block always on CPU)
	.. GEMM buffer size: max_row_size X max_ncols = 3584 x    14144
[0].. BIG U size  3620864 (on CPU)
[0].. BIG V size 50692096 (on CPU), dC buffer_size 50000000 (on GPU)
GPU Driver version:   v 11070
GPU Devices: 
 
0 : NVIDIA A100-SXM4-40GB 8 0
  Global memory:   40396 mb 
  Shared memory:   48 kb 
  Constant memory: 64 kb 
  Block registers: 65536 

1 : NVIDIA A100-SXM4-40GB 8 0
  Global memory:   40396 mb 
  Shared memory:   48 kb 
  Constant memory: 64 kb 
  Block registers: 65536 

2 : NVIDIA A100-SXM4-40GB 8 0
  Global memory:   40396 mb 
  Shared memory:   48 kb 
  Constant memory: 64 kb 
  Block registers: 65536 

3 : NVIDIA A100-SXM4-40GB 8 0
  Global memory:   40396 mb 
  Shared memory:   48 kb 
  Constant memory: 64 kb 
  Block registers: 65536 

 Starting with 8 GPU Streams 
  Max row size is 3584 
  Threads per process 1 

Initialization time	  0.1615 seconds
	 Serial: compute static schedule, allocate storage

==== Time breakdown in factorization (rank 0) ====
Panel factorization 	  11.9974 seconds
.. L-panel pxgstrf2 	   9.0037 seconds
.. U-panel pxgstrs2 	   2.9937 seconds
Time in Look-ahead update 	  13.6129 seconds
Time in Schur update 		  27.3218 seconds
.. Time to Gather L buffer	   0.0000  (Separate L panel by Lookahead/Remain)
.. Time to Gather U buffer	   0.3338 
.. Time in GEMM   0.0000 
	* Look-ahead	   0.0000 
	* Remain	   0.0000	Flops 0.0000e+00	Gflops     -nan
.. Time to Scatter   6.4460 
	* Look-ahead	   0.0000 
	* Remain	   6.4460 
Total factorization time            	:  50.6919 seconds, 
--------
GEMM maximum block: 0-0-0

** Memory Usage **********************************
.. dQuerySpace: peak_buffer 857.15 (MB)
	(P0) serial symbolic::stage[0]: symb_memory 109.32, GA_mem_use 3106.85
	(P0) serial distribution::stage[1]:symb_LU 106.73, dist_mem_use 308.83, num_mem_usage.for_lu 1998.41
** Total highmark (MB):
    Sum-of-all : 12864.69 | Avg :  3216.17  | Max :  3216.17
    Max at rank 0, different stages (MB):
	. symbfact         3216.17
	. distribution     2413.97
	. numfact          2855.55
** NUMfact space (MB): (sum-of-all-processes)
    L\U :         8313.98 |  Total : 11802.99
	. max at rank 2, max L+U memory (MB):  2149.28
	. max at rank 2, peak buffer (MB):      894.03
**************************************************

** number of Tiny Pivots:        1

computing inverse of diagonal blocks...
.. GPU trisolve
num_thread:     1
.. GPU trisolve
.. GPU trisolve
.. GPU trisolve
.. B to X redistribute time	  0.0010
.. Setup GPU L-solve time	  0.0002
.. L-solve time	  0.0160
.. L-solve time (MAX) 	  0.0160
.. Setup GPU U-solve time	  0.0002
.. U-solve time	  0.0300
.. U-solve time (MAX) 	  0.0300
.. X to B redistribute time	  0.0003
.. DiagScale = 3
.. Sol  0: ||X - Xtrue|| / ||X|| = 3.731663e-05	 max_i |x - xtrue|_i / |x|_i = 3.846371e-06
**************************************************
**** Time (seconds) ****
	EQUIL time            0.147
	ROWPERM time          1.595
	COLPERM time          1.793
	SYMBFACT time         1.310
	DISTRIBUTE time       5.005
	FACTOR time          50.994
	Factor flops	9.169950e+12	Mflops 	179824.64
	SOLVE time            0.048
	Solve flops	2.073644e+09	Mflops 	43458.27
**************************************************
