** MPI 0/1, NVSHMEM 0/1, mype_node=0, device name: NVIDIA A100-SXM4-40GB bus id: 3, ndevices=1,cur=0, node=nid001217 **
first gpufree time:  0.1777
first blas create time:  0.7535
MPI_Query_thread with MPI_THREAD_SINGLE
__STDC_VERSION__ 201112
Library version:	8.1.2
Input matrix file:	/global/cfs/cdirs/m2956/nanding/myprojects/matrix/Li4244.bin
Process grid:		1 X 1
**************************************************
.. options:
**    Fact                      :    0
**    Equil                     :    1
**    DiagInv                   :    1
**    ParSymbFact               :    0
**    ColPerm                   :    4
**    RowPerm                   :    1
**    ReplaceTinyPivot          :    1
**    IterRefine                :    0
**    Trans                     :    0
**    SymPattern                :    0
**    lookahead_etree           :    0
**    Use_TensorCore            :    0
**    Use 3D algorithm          :    0
**    num_lookaheads            :   10
** parameters that can be altered by environment variables:
**    superlu_relax             :  256
**    superlu_maxsup            :  256
**    min GEMM m*k*n to use GPU : 5000
**    GPU buffer size           :   50000000
**    GPU streams               :    8
**    estimated fill ratio      :    5
**************************************************
fread n    72000	nnz 258880000
# of doubles fread: 258880000
Time to read and distribute matrix 1.25
.. equilibrated? *equed = R
.. RowPerm 1	 time: 1.66
.. anorm 5.225520e+02
.. Use METIS ordering on A'+A
.. symbfact(): relax 256, maxsuper 256, fill 5
	Matrix size min_mn     72000
	Nonzeros in L       518440556
	Nonzeros in U       518453334
	nonzeros in L+U     1036821890
	nonzeros in LSUB    24093998
	No of supers      326
	Size of G(L)  2295939
	Size of G(U)  2229141
	int 4, short 2, float 4, double 8
	SYMBfact (MB):	L\U 106.73	total 109.32	expansions 0
.. # L blocks    10604	# U blocks    10304
MPI tag upper bound = 536870911
.. Starting with 1 OpenMP threads 
 === using DAG ===
.. thresh = s_eps 5.960464e-08 * anorm 5.225520e+02 = 3.114652e-05
.. Buffer size: Lsub 14516	Lval 3686400	Usub 14728	Uval 3620864	LDA 14400
max_ncols 14144,  max_ldu 256, bigu_size  3620864
	.. SUPERLU_MAX_BUFFER_SIZE 50000000 set for GPU
	.. SUPERLU_N_GEMM: 5000 flops of GEMM done on CPU (1st block always on CPU)
	.. GEMM buffer size: max_row_size X max_ncols = 14400 x    14144
[0].. BIG U size  3620864 (on CPU)
[0].. BIG V size 203673600 (on CPU), dC buffer_size 50000000 (on GPU)
GPU Driver version:   v 11070
GPU Devices: 
 
0 : NVIDIA A100-SXM4-40GB 8 0
  Global memory:   40396 mb 
  Shared memory:   48 kb 
  Constant memory: 64 kb 
  Block registers: 65536 

 Starting with 8 GPU Streams 
  Max row size is 14400 
  Threads per process 1 
warning: number of partitions 2 > 1, try increasing MAX_BUFFER_SIZE.
warning: number of partitions 2 > 1, try increasing MAX_BUFFER_SIZE.
warning: number of partitions 2 > 1, try increasing MAX_BUFFER_SIZE.
warning: number of partitions 2 > 1, try increasing MAX_BUFFER_SIZE.
warning: number of partitions 2 > 1, try increasing MAX_BUFFER_SIZE.
warning: number of partitions 2 > 1, try increasing MAX_BUFFER_SIZE.
warning: number of partitions 2 > 1, try increasing MAX_BUFFER_SIZE.
warning: number of partitions 2 > 1, try increasing MAX_BUFFER_SIZE.
warning: number of partitions 2 > 1, try increasing MAX_BUFFER_SIZE.
warning: number of partitions 2 > 1, try increasing MAX_BUFFER_SIZE.
warning: number of partitions 2 > 1, try increasing MAX_BUFFER_SIZE.
warning: number of partitions 2 > 1, try increasing MAX_BUFFER_SIZE.
warning: number of partitions 2 > 1, try increasing MAX_BUFFER_SIZE.
warning: number of partitions 2 > 1, try increasing MAX_BUFFER_SIZE.
warning: number of partitions 2 > 1, try increasing MAX_BUFFER_SIZE.
warning: number of partitions 2 > 1, try increasing MAX_BUFFER_SIZE.
warning: number of partitions 2 > 1, try increasing MAX_BUFFER_SIZE.
warning: number of partitions 2 > 1, try increasing MAX_BUFFER_SIZE.
warning: number of partitions 2 > 1, try increasing MAX_BUFFER_SIZE.
warning: number of partitions 2 > 1, try increasing MAX_BUFFER_SIZE.
warning: number of partitions 2 > 1, try increasing MAX_BUFFER_SIZE.
warning: number of partitions 2 > 1, try increasing MAX_BUFFER_SIZE.
warning: number of partitions 2 > 1, try increasing MAX_BUFFER_SIZE.
warning: number of partitions 2 > 1, try increasing MAX_BUFFER_SIZE.
warning: number of partitions 2 > 1, try increasing MAX_BUFFER_SIZE.
warning: number of partitions 2 > 1, try increasing MAX_BUFFER_SIZE.
warning: number of partitions 2 > 1, try increasing MAX_BUFFER_SIZE.
warning: number of partitions 2 > 1, try increasing MAX_BUFFER_SIZE.
warning: number of partitions 2 > 1, try increasing MAX_BUFFER_SIZE.
warning: number of partitions 2 > 1, try increasing MAX_BUFFER_SIZE.
warning: number of partitions 2 > 1, try increasing MAX_BUFFER_SIZE.
warning: number of partitions 2 > 1, try increasing MAX_BUFFER_SIZE.
warning: number of partitions 2 > 1, try increasing MAX_BUFFER_SIZE.
warning: number of partitions 2 > 1, try increasing MAX_BUFFER_SIZE.
warning: number of partitions 3 > 1, try increasing MAX_BUFFER_SIZE.
warning: number of partitions 2 > 1, try increasing MAX_BUFFER_SIZE.
warning: number of partitions 2 > 1, try increasing MAX_BUFFER_SIZE.
warning: number of partitions 2 > 1, try increasing MAX_BUFFER_SIZE.
warning: number of partitions 3 > 1, try increasing MAX_BUFFER_SIZE.
warning: number of partitions 2 > 1, try increasing MAX_BUFFER_SIZE.
warning: number of partitions 2 > 1, try increasing MAX_BUFFER_SIZE.
warning: number of partitions 3 > 1, try increasing MAX_BUFFER_SIZE.
warning: number of partitions 2 > 1, try increasing MAX_BUFFER_SIZE.
warning: number of partitions 3 > 1, try increasing MAX_BUFFER_SIZE.
warning: number of partitions 2 > 1, try increasing MAX_BUFFER_SIZE.
warning: number of partitions 2 > 1, try increasing MAX_BUFFER_SIZE.
warning: number of partitions 3 > 1, try increasing MAX_BUFFER_SIZE.
warning: number of partitions 2 > 1, try increasing MAX_BUFFER_SIZE.
warning: number of partitions 3 > 1, try increasing MAX_BUFFER_SIZE.
warning: number of partitions 2 > 1, try increasing MAX_BUFFER_SIZE.
warning: number of partitions 2 > 1, try increasing MAX_BUFFER_SIZE.
warning: number of partitions 3 > 1, try increasing MAX_BUFFER_SIZE.
warning: number of partitions 2 > 1, try increasing MAX_BUFFER_SIZE.
warning: number of partitions 3 > 1, try increasing MAX_BUFFER_SIZE.
warning: number of partitions 2 > 1, try increasing MAX_BUFFER_SIZE.
warning: number of partitions 2 > 1, try increasing MAX_BUFFER_SIZE.
warning: number of partitions 3 > 1, try increasing MAX_BUFFER_SIZE.
warning: number of partitions 2 > 1, try increasing MAX_BUFFER_SIZE.
warning: number of partitions 3 > 1, try increasing MAX_BUFFER_SIZE.
warning: number of partitions 2 > 1, try increasing MAX_BUFFER_SIZE.
warning: number of partitions 2 > 1, try increasing MAX_BUFFER_SIZE.
warning: number of partitions 2 > 1, try increasing MAX_BUFFER_SIZE.
warning: number of partitions 3 > 1, try increasing MAX_BUFFER_SIZE.
warning: number of partitions 2 > 1, try increasing MAX_BUFFER_SIZE.
warning: number of partitions 2 > 1, try increasing MAX_BUFFER_SIZE.
warning: number of partitions 2 > 1, try increasing MAX_BUFFER_SIZE.
warning: number of partitions 3 > 1, try increasing MAX_BUFFER_SIZE.
warning: number of partitions 2 > 1, try increasing MAX_BUFFER_SIZE.
warning: number of partitions 2 > 1, try increasing MAX_BUFFER_SIZE.
warning: number of partitions 2 > 1, try increasing MAX_BUFFER_SIZE.
warning: number of partitions 2 > 1, try increasing MAX_BUFFER_SIZE.
warning: number of partitions 2 > 1, try increasing MAX_BUFFER_SIZE.
warning: number of partitions 2 > 1, try increasing MAX_BUFFER_SIZE.
warning: number of partitions 3 > 1, try increasing MAX_BUFFER_SIZE.
warning: number of partitions 2 > 1, try increasing MAX_BUFFER_SIZE.
warning: number of partitions 2 > 1, try increasing MAX_BUFFER_SIZE.
warning: number of partitions 3 > 1, try increasing MAX_BUFFER_SIZE.
warning: number of partitions 2 > 1, try increasing MAX_BUFFER_SIZE.
warning: number of partitions 2 > 1, try increasing MAX_BUFFER_SIZE.
warning: number of partitions 3 > 1, try increasing MAX_BUFFER_SIZE.
warning: number of partitions 2 > 1, try increasing MAX_BUFFER_SIZE.
warning: number of partitions 2 > 1, try increasing MAX_BUFFER_SIZE.
warning: number of partitions 3 > 1, try increasing MAX_BUFFER_SIZE.
warning: number of partitions 2 > 1, try increasing MAX_BUFFER_SIZE.
warning: number of partitions 2 > 1, try increasing MAX_BUFFER_SIZE.
warning: number of partitions 3 > 1, try increasing MAX_BUFFER_SIZE.
warning: number of partitions 2 > 1, try increasing MAX_BUFFER_SIZE.
warning: number of partitions 2 > 1, try increasing MAX_BUFFER_SIZE.
warning: number of partitions 2 > 1, try increasing MAX_BUFFER_SIZE.
warning: number of partitions 2 > 1, try increasing MAX_BUFFER_SIZE.
warning: number of partitions 2 > 1, try increasing MAX_BUFFER_SIZE.
warning: number of partitions 2 > 1, try increasing MAX_BUFFER_SIZE.
warning: number of partitions 3 > 1, try increasing MAX_BUFFER_SIZE.
warning: number of partitions 4 > 1, try increasing MAX_BUFFER_SIZE.
warning: number of partitions 2 > 1, try increasing MAX_BUFFER_SIZE.
warning: number of partitions 2 > 1, try increasing MAX_BUFFER_SIZE.
warning: number of partitions 3 > 1, try increasing MAX_BUFFER_SIZE.
warning: number of partitions 4 > 1, try increasing MAX_BUFFER_SIZE.
warning: number of partitions 2 > 1, try increasing MAX_BUFFER_SIZE.
warning: number of partitions 2 > 1, try increasing MAX_BUFFER_SIZE.
warning: number of partitions 3 > 1, try increasing MAX_BUFFER_SIZE.
warning: number of partitions 4 > 1, try increasing MAX_BUFFER_SIZE.
warning: number of partitions 2 > 1, try increasing MAX_BUFFER_SIZE.
warning: number of partitions 2 > 1, try increasing MAX_BUFFER_SIZE.
warning: number of partitions 3 > 1, try increasing MAX_BUFFER_SIZE.
warning: number of partitions 4 > 1, try increasing MAX_BUFFER_SIZE.
warning: number of partitions 2 > 1, try increasing MAX_BUFFER_SIZE.
warning: number of partitions 2 > 1, try increasing MAX_BUFFER_SIZE.
warning: number of partitions 3 > 1, try increasing MAX_BUFFER_SIZE.
warning: number of partitions 4 > 1, try increasing MAX_BUFFER_SIZE.
warning: number of partitions 2 > 1, try increasing MAX_BUFFER_SIZE.
warning: number of partitions 2 > 1, try increasing MAX_BUFFER_SIZE.
warning: number of partitions 3 > 1, try increasing MAX_BUFFER_SIZE.
warning: number of partitions 4 > 1, try increasing MAX_BUFFER_SIZE.
warning: number of partitions 2 > 1, try increasing MAX_BUFFER_SIZE.
warning: number of partitions 2 > 1, try increasing MAX_BUFFER_SIZE.
warning: number of partitions 3 > 1, try increasing MAX_BUFFER_SIZE.
warning: number of partitions 2 > 1, try increasing MAX_BUFFER_SIZE.
warning: number of partitions 2 > 1, try increasing MAX_BUFFER_SIZE.
warning: number of partitions 3 > 1, try increasing MAX_BUFFER_SIZE.
warning: number of partitions 2 > 1, try increasing MAX_BUFFER_SIZE.
warning: number of partitions 2 > 1, try increasing MAX_BUFFER_SIZE.
warning: number of partitions 3 > 1, try increasing MAX_BUFFER_SIZE.
warning: number of partitions 2 > 1, try increasing MAX_BUFFER_SIZE.
warning: number of partitions 2 > 1, try increasing MAX_BUFFER_SIZE.
warning: number of partitions 3 > 1, try increasing MAX_BUFFER_SIZE.
warning: number of partitions 2 > 1, try increasing MAX_BUFFER_SIZE.
warning: number of partitions 2 > 1, try increasing MAX_BUFFER_SIZE.
warning: number of partitions 3 > 1, try increasing MAX_BUFFER_SIZE.
warning: number of partitions 2 > 1, try increasing MAX_BUFFER_SIZE.
warning: number of partitions 3 > 1, try increasing MAX_BUFFER_SIZE.
warning: number of partitions 4 > 1, try increasing MAX_BUFFER_SIZE.
warning: number of partitions 2 > 1, try increasing MAX_BUFFER_SIZE.
warning: number of partitions 3 > 1, try increasing MAX_BUFFER_SIZE.
warning: number of partitions 2 > 1, try increasing MAX_BUFFER_SIZE.
warning: number of partitions 3 > 1, try increasing MAX_BUFFER_SIZE.
warning: number of partitions 2 > 1, try increasing MAX_BUFFER_SIZE.
warning: number of partitions 3 > 1, try increasing MAX_BUFFER_SIZE.
warning: number of partitions 2 > 1, try increasing MAX_BUFFER_SIZE.
warning: number of partitions 3 > 1, try increasing MAX_BUFFER_SIZE.
warning: number of partitions 2 > 1, try increasing MAX_BUFFER_SIZE.
warning: number of partitions 3 > 1, try increasing MAX_BUFFER_SIZE.
warning: number of partitions 2 > 1, try increasing MAX_BUFFER_SIZE.
warning: number of partitions 3 > 1, try increasing MAX_BUFFER_SIZE.
warning: number of partitions 2 > 1, try increasing MAX_BUFFER_SIZE.
warning: number of partitions 2 > 1, try increasing MAX_BUFFER_SIZE.
warning: number of partitions 3 > 1, try increasing MAX_BUFFER_SIZE.
warning: number of partitions 2 > 1, try increasing MAX_BUFFER_SIZE.
warning: number of partitions 2 > 1, try increasing MAX_BUFFER_SIZE.
warning: number of partitions 3 > 1, try increasing MAX_BUFFER_SIZE.
warning: number of partitions 2 > 1, try increasing MAX_BUFFER_SIZE.
warning: number of partitions 2 > 1, try increasing MAX_BUFFER_SIZE.
warning: number of partitions 3 > 1, try increasing MAX_BUFFER_SIZE.
warning: number of partitions 2 > 1, try increasing MAX_BUFFER_SIZE.
warning: number of partitions 2 > 1, try increasing MAX_BUFFER_SIZE.
warning: number of partitions 3 > 1, try increasing MAX_BUFFER_SIZE.
warning: number of partitions 2 > 1, try increasing MAX_BUFFER_SIZE.
warning: number of partitions 2 > 1, try increasing MAX_BUFFER_SIZE.
warning: number of partitions 3 > 1, try increasing MAX_BUFFER_SIZE.
warning: number of partitions 4 > 1, try increasing MAX_BUFFER_SIZE.
warning: number of partitions 2 > 1, try increasing MAX_BUFFER_SIZE.
warning: number of partitions 2 > 1, try increasing MAX_BUFFER_SIZE.
warning: number of partitions 3 > 1, try increasing MAX_BUFFER_SIZE.
warning: number of partitions 4 > 1, try increasing MAX_BUFFER_SIZE.
warning: number of partitions 2 > 1, try increasing MAX_BUFFER_SIZE.
warning: number of partitions 2 > 1, try increasing MAX_BUFFER_SIZE.
warning: number of partitions 3 > 1, try increasing MAX_BUFFER_SIZE.
warning: number of partitions 4 > 1, try increasing MAX_BUFFER_SIZE.
warning: number of partitions 2 > 1, try increasing MAX_BUFFER_SIZE.
warning: number of partitions 2 > 1, try increasing MAX_BUFFER_SIZE.
warning: number of partitions 3 > 1, try increasing MAX_BUFFER_SIZE.
warning: number of partitions 4 > 1, try increasing MAX_BUFFER_SIZE.
warning: number of partitions 2 > 1, try increasing MAX_BUFFER_SIZE.
warning: number of partitions 2 > 1, try increasing MAX_BUFFER_SIZE.
warning: number of partitions 3 > 1, try increasing MAX_BUFFER_SIZE.
warning: number of partitions 2 > 1, try increasing MAX_BUFFER_SIZE.
warning: number of partitions 2 > 1, try increasing MAX_BUFFER_SIZE.
warning: number of partitions 3 > 1, try increasing MAX_BUFFER_SIZE.
warning: number of partitions 2 > 1, try increasing MAX_BUFFER_SIZE.
warning: number of partitions 2 > 1, try increasing MAX_BUFFER_SIZE.
warning: number of partitions 3 > 1, try increasing MAX_BUFFER_SIZE.
warning: number of partitions 2 > 1, try increasing MAX_BUFFER_SIZE.
warning: number of partitions 3 > 1, try increasing MAX_BUFFER_SIZE.
warning: number of partitions 2 > 1, try increasing MAX_BUFFER_SIZE.
warning: number of partitions 3 > 1, try increasing MAX_BUFFER_SIZE.
warning: number of partitions 2 > 1, try increasing MAX_BUFFER_SIZE.
warning: number of partitions 3 > 1, try increasing MAX_BUFFER_SIZE.
warning: number of partitions 2 > 1, try increasing MAX_BUFFER_SIZE.
warning: number of partitions 3 > 1, try increasing MAX_BUFFER_SIZE.
warning: number of partitions 2 > 1, try increasing MAX_BUFFER_SIZE.
warning: number of partitions 3 > 1, try increasing MAX_BUFFER_SIZE.
warning: number of partitions 2 > 1, try increasing MAX_BUFFER_SIZE.
warning: number of partitions 3 > 1, try increasing MAX_BUFFER_SIZE.
warning: number of partitions 2 > 1, try increasing MAX_BUFFER_SIZE.
warning: number of partitions 3 > 1, try increasing MAX_BUFFER_SIZE.
warning: number of partitions 2 > 1, try increasing MAX_BUFFER_SIZE.
warning: number of partitions 2 > 1, try increasing MAX_BUFFER_SIZE.
warning: number of partitions 3 > 1, try increasing MAX_BUFFER_SIZE.
warning: number of partitions 2 > 1, try increasing MAX_BUFFER_SIZE.
warning: number of partitions 3 > 1, try increasing MAX_BUFFER_SIZE.
warning: number of partitions 2 > 1, try increasing MAX_BUFFER_SIZE.
warning: number of partitions 2 > 1, try increasing MAX_BUFFER_SIZE.
warning: number of partitions 2 > 1, try increasing MAX_BUFFER_SIZE.
warning: number of partitions 2 > 1, try increasing MAX_BUFFER_SIZE.
warning: number of partitions 2 > 1, try increasing MAX_BUFFER_SIZE.
warning: number of partitions 2 > 1, try increasing MAX_BUFFER_SIZE.
warning: number of partitions 2 > 1, try increasing MAX_BUFFER_SIZE.
warning: number of partitions 2 > 1, try increasing MAX_BUFFER_SIZE.
warning: number of partitions 2 > 1, try increasing MAX_BUFFER_SIZE.
warning: number of partitions 2 > 1, try increasing MAX_BUFFER_SIZE.
warning: number of partitions 2 > 1, try increasing MAX_BUFFER_SIZE.
warning: number of partitions 2 > 1, try increasing MAX_BUFFER_SIZE.

Initialization time	  0.3555 seconds
	 Serial: compute static schedule, allocate storage

==== Time breakdown in factorization (rank 0) ====
Panel factorization 	  16.8428 seconds
.. L-panel pxgstrf2 	   4.9345 seconds
.. U-panel pxgstrs2 	  11.9083 seconds
Time in Look-ahead update 	  28.4282 seconds
Time in Schur update 		 152.3234 seconds
.. Time to Gather L buffer	   0.0000  (Separate L panel by Lookahead/Remain)
.. Time to Gather U buffer	   0.2667 
.. Time in GEMM   0.0000 
	* Look-ahead	   0.0000 
	* Remain	   0.0000	Flops 0.0000e+00	Gflops     -nan
.. Time to Scatter  25.2844 
	* Look-ahead	   0.0000 
	* Remain	  25.2844 
Total factorization time            	: 193.6748 seconds, 
--------
GEMM maximum block: 0-0-0

** Memory Usage **********************************
.. dQuerySpace: peak_buffer 2339.28 (MB)
	(P0) serial symbolic::stage[0]: symb_memory 109.32, GA_mem_use 3106.85
	(P0) serial distribution::stage[1]:symb_LU 106.73, dist_mem_use 421.18, num_mem_usage.for_lu 8313.97
** Total highmark (MB):
    Sum-of-all : 10653.25 | Avg : 10653.25  | Max : 10653.25
    Max at rank 0, different stages (MB):
	. symbfact         3216.17
	. distribution     8841.89
	. numfact         10653.25
** NUMfact space (MB): (sum-of-all-processes)
    L\U :         8313.97 |  Total : 10653.25
	. max at rank 0, max L+U memory (MB):  8313.97
	. max at rank 0, peak buffer (MB):     2339.27
**************************************************

** number of Tiny Pivots:        1

computing inverse of diagonal blocks...
.. GPU trisolve
num_thread:     1
.. B to X redistribute time	  0.0016
.. Setup GPU L-solve time	  0.0003
.. L-solve time	  0.0492
.. L-solve time (MAX) 	  0.0492
.. Setup GPU U-solve time	  0.0004
.. U-solve time	  0.0948
.. U-solve time (MAX) 	  0.0948
.. X to B redistribute time	  0.0003
.. DiagScale = 3
.. Sol  0: ||X - Xtrue|| / ||X|| = 3.172262e-05	 max_i |x - xtrue|_i / |x|_i = 6.993475e-05
**************************************************
**** Time (seconds) ****
	EQUIL time            0.567
	ROWPERM time          1.663
	COLPERM time          1.756
	SYMBFACT time         1.261
	DISTRIBUTE time      12.280
	FACTOR time         194.273
	Factor flops	9.067007e+12	Mflops 	46671.38
	SOLVE time            0.147
	Solve flops	2.073644e+09	Mflops 	14139.81
**************************************************
