** MPI 0/1, NVSHMEM 0/1, mype_node=0, device name: NVIDIA A100-SXM4-40GB bus id: 3, ndevices=1,cur=0, node=nid001217 **
first gpufree time:  0.1895
first blas create time:  2.9296
MPI_Query_thread with MPI_THREAD_SINGLE
__STDC_VERSION__ 201112
Library version:	8.1.2
Input matrix file:	/global/cfs/cdirs/m2956/nanding/myprojects/matrix/s1_mat_0_126936.bin
Process grid:		1 X 1
**************************************************
.. options:
**    Fact                      :    0
**    Equil                     :    1
**    DiagInv                   :    1
**    ParSymbFact               :    0
**    ColPerm                   :    4
**    RowPerm                   :    1
**    ReplaceTinyPivot          :    1
**    IterRefine                :    0
**    Trans                     :    0
**    SymPattern                :    0
**    lookahead_etree           :    0
**    Use_TensorCore            :    0
**    Use 3D algorithm          :    0
**    num_lookaheads            :   10
** parameters that can be altered by environment variables:
**    superlu_relax             :  256
**    superlu_maxsup            :  256
**    min GEMM m*k*n to use GPU : 5000
**    GPU buffer size           :   50000000
**    GPU streams               :    8
**    estimated fill ratio      :    5
**************************************************
fread n   126936	nnz 20540992
# of doubles fread: 20540992
Time to read and distribute matrix 0.34
.. equilibrated? *equed = B
.. RowPerm 1	 time: 0.24
.. anorm 9.107221e+01
.. Use METIS ordering on A'+A
.. symbfact(): relax 256, maxsuper 256, fill 5
	Matrix size min_mn    126936
	Nonzeros in L       66330311
	Nonzeros in U       66551784
	nonzeros in L+U     132755159
	nonzeros in LSUB    12129905
	No of supers     2086
	Size of G(L)  1050211
	Size of G(U)   533235
	int 4, short 2, float 4, double 8
	SYMBfact (MB):	L\U 53.19	total 57.76	expansions 0
.. # L blocks    16457	# U blocks    15353
MPI tag upper bound = 536870911
.. Starting with 1 OpenMP threads 
 === using DAG ===
.. thresh = s_eps 5.960464e-08 * anorm 9.107221e+01 = 5.428327e-06
.. Buffer size: Lsub 2556	Lval 645120	Usub 3702	Uval 591872	LDA 2520
max_ncols 2312,  max_ldu 256, bigu_size   591872
	.. SUPERLU_MAX_BUFFER_SIZE 50000000 set for GPU
	.. SUPERLU_N_GEMM: 5000 flops of GEMM done on CPU (1st block always on CPU)
	.. GEMM buffer size: max_row_size X max_ncols = 2520 x     2312
[0].. BIG U size   591872 (on CPU)
[0].. BIG V size  5826240 (on CPU), dC buffer_size  5826240 (on GPU)
GPU Driver version:   v 11070
GPU Devices: 
 
0 : NVIDIA A100-SXM4-40GB 8 0
  Global memory:   40396 mb 
  Shared memory:   48 kb 
  Constant memory: 64 kb 
  Block registers: 65536 

 Starting with 8 GPU Streams 
  Max row size is 2520 
  Threads per process 1 

Initialization time	  0.0552 seconds
	 Serial: compute static schedule, allocate storage

==== Time breakdown in factorization (rank 0) ====
Panel factorization 	   1.6935 seconds
.. L-panel pxgstrf2 	   0.7384 seconds
.. U-panel pxgstrs2 	   0.9551 seconds
Time in Look-ahead update 	   0.2396 seconds
Time in Schur update 		   1.2004 seconds
.. Time to Gather L buffer	   0.0000  (Separate L panel by Lookahead/Remain)
.. Time to Gather U buffer	   0.0287 
.. Time in GEMM   0.0000 
	* Look-ahead	   0.0000 
	* Remain	   0.0000	Flops 0.0000e+00	Gflops     -nan
.. Time to Scatter   0.6873 
	* Look-ahead	   0.0000 
	* Remain	   0.6873 
Total factorization time            	:   3.0635 seconds, 
--------
GEMM maximum block: 0-0-0

** Memory Usage **********************************
.. dQuerySpace: peak_buffer 172.86 (MB)
	(P0) serial symbolic::stage[0]: symb_memory 57.76, GA_mem_use 247.00
	(P0) serial distribution::stage[1]:symb_LU 53.19, dist_mem_use 586.62, num_mem_usage.for_lu 1071.30
** Total highmark (MB):
    Sum-of-all :  1711.11 | Avg :  1711.11  | Max :  1711.11
    Max at rank 0, different stages (MB):
	. symbfact          304.76
	. distribution     1711.11
	. numfact          1244.16
** NUMfact space (MB): (sum-of-all-processes)
    L\U :         1071.30 |  Total :  1244.16
	. max at rank 0, max L+U memory (MB):  1071.30
	. max at rank 0, peak buffer (MB):      172.86
**************************************************

** number of Tiny Pivots:        0

computing inverse of diagonal blocks...
.. GPU trisolve
num_thread:     1
.. B to X redistribute time	  0.0028
.. Setup GPU L-solve time	  0.0020
.. L-solve time	  0.0066
.. L-solve time (MAX) 	  0.0066
.. Setup GPU U-solve time	  0.0051
.. U-solve time	  0.0178
.. U-solve time (MAX) 	  0.0178
.. X to B redistribute time	  0.0006
.. DiagScale = 3
.. Sol  0: ||X - Xtrue|| / ||X|| = 1.040728e-05	 max_i |x - xtrue|_i / |x|_i = 4.125691e-04
**************************************************
**** Time (seconds) ****
	EQUIL time            0.049
	ROWPERM time          0.238
	COLPERM time          0.215
	SYMBFACT time         0.149
	DISTRIBUTE time       1.369
	FACTOR time           3.170
	Factor flops	1.075737e+11	Mflops 	33939.90
	SOLVE time            0.035
	Solve flops	2.655103e+08	Mflops 	 7612.19
**************************************************
