** MPI 0/1, NVSHMEM 0/1, mype_node=0, device name: NVIDIA A100-SXM4-40GB bus id: 3, ndevices=1,cur=0, node=nid001425 **
first gpufree time:  0.1828
first blas create time:  0.5261
MPI_Query_thread with MPI_THREAD_SINGLE
__STDC_VERSION__ 201112
Library version:	8.1.2
Input matrix file:	/global/cfs/cdirs/m2956/nanding/myprojects/matrix/s1_mat_0_507744.bin
Process grid:		1 X 1
**************************************************
.. options:
**    Fact                      :    0
**    Equil                     :    1
**    DiagInv                   :    1
**    ParSymbFact               :    0
**    ColPerm                   :    4
**    RowPerm                   :    1
**    ReplaceTinyPivot          :    1
**    IterRefine                :    0
**    Trans                     :    0
**    SymPattern                :    0
**    lookahead_etree           :    0
**    Use_TensorCore            :    0
**    Use 3D algorithm          :    0
**    num_lookaheads            :   10
** parameters that can be altered by environment variables:
**    superlu_relax             :  256
**    superlu_maxsup            :  256
**    min GEMM m*k*n to use GPU : 5000
**    GPU buffer size           :   50000000
**    GPU streams               :    8
**    estimated fill ratio      :    5
**************************************************
fread n   507744	nnz 205385344
# of doubles fread: 205385344
Time to read and distribute matrix 1.16
.. equilibrated? *equed = B
.. RowPerm 1	 time: 2.30
.. anorm 1.888919e+02
.. Use METIS ordering on A'+A
.. symbfact(): relax 256, maxsuper 256, fill 5
	Matrix size min_mn    507744
	Nonzeros in L       879766426
	Nonzeros in U       882320803
	nonzeros in L+U     1761579485
	nonzeros in LSUB    103226086
	No of supers     9827
	Size of G(L) 15483594
	Size of G(U)  6514038
	int 4, short 2, float 4, double 8
	SYMBfact (MB):	L\U 449.12	total 467.39	expansions 0
slurmstepd: error: *** STEP 4962237.11 ON nid001425 CANCELLED AT 2023-01-24T21:52:05 ***
srun: Job step aborted: Waiting up to 32 seconds for job step to finish.
