srun: Job 4962237 step creation temporarily disabled, retrying (Requested nodes are busy)
srun: Step created for job 4962237
** MPI 0/1, NVSHMEM 0/1, mype_node=0, device name: NVIDIA A100-SXM4-40GB bus id: 3, ndevices=1,cur=0, node=nid001425 **
first gpufree time:  0.1792
first blas create time:  0.5251
MPI_Query_thread with MPI_THREAD_SINGLE
__STDC_VERSION__ 201112
Library version:	8.1.2
Input matrix file:	/global/cfs/cdirs/m2956/nanding/myprojects/matrix/s1_mat_0_253872.bin
Process grid:		1 X 1
**************************************************
.. options:
**    Fact                      :    0
**    Equil                     :    1
**    DiagInv                   :    1
**    ParSymbFact               :    0
**    ColPerm                   :    4
**    RowPerm                   :    1
**    ReplaceTinyPivot          :    1
**    IterRefine                :    0
**    Trans                     :    0
**    SymPattern                :    0
**    lookahead_etree           :    0
**    Use_TensorCore            :    0
**    Use 3D algorithm          :    0
**    num_lookaheads            :   10
** parameters that can be altered by environment variables:
**    superlu_relax             :  256
**    superlu_maxsup            :  256
**    min GEMM m*k*n to use GPU : 5000
**    GPU buffer size           :   50000000
**    GPU streams               :    8
**    estimated fill ratio      :    5
**************************************************
fread n   253872	nnz 82155776
# of doubles fread: 82155776
Time to read and distribute matrix 0.54
.. equilibrated? *equed = B
.. RowPerm 1	 time: 0.88
.. anorm 1.407514e+02
.. Use METIS ordering on A'+A
.. symbfact(): relax 256, maxsuper 256, fill 5
	Matrix size min_mn    253872
	Nonzeros in L       233021969
	Nonzeros in U       233566644
	nonzeros in L+U     466334741
	nonzeros in LSUB    32166393
	No of supers     4163
	Size of G(L)  3959975
	Size of G(U)  1558078
	int 4, short 2, float 4, double 8
	SYMBfact (MB):	L\U 139.98	total 149.11	expansions 0
(0) in pddistribute:
 flag_bc_size=8328 int, ready_x=1074054 double, flag_rd_size=16652 int, ready_lsum=2148108 double, int=4 B, double=8 B
(0) in prepare_multiGPU_buffers:
 flag_bc_size=8328 int, ready_x=1074054 double, flag_rd_size=16652 int, ready_lsum=2148108 double, int=4 B, double=8 B
.. # L blocks    43090	# U blocks    41028
MPI tag upper bound = 536870911
.. Starting with 1 OpenMP threads 
 === using DAG ===
.. thresh = s_eps 5.960464e-08 * anorm 1.407514e+02 = 8.389437e-06
.. Buffer size: Lsub 5112	Lval 1286144	Usub 7287	Uval 1236992	LDA 5040
max_ncols 5088,  max_ldu 256, bigu_size  1302528
	.. SUPERLU_MAX_BUFFER_SIZE 50000000 set for GPU
	.. SUPERLU_N_GEMM: 5000 flops of GEMM done on CPU (1st block always on CPU)
	.. GEMM buffer size: max_row_size X max_ncols = 5040 x     5088
[0].. BIG U size  1302528 (on CPU)
[0].. BIG V size 25643520 (on CPU), dC buffer_size 25643520 (on GPU)
GPU Driver version:   v 11070
GPU Devices: 
 
0 : NVIDIA A100-SXM4-40GB 8 0
  Global memory:   40396 mb 
  Shared memory:   48 kb 
  Constant memory: 64 kb 
  Block registers: 65536 

 Starting with 8 GPU Streams 
  Max row size is 5040 
  Threads per process 1 

Initialization time	  0.0578 seconds
	 Serial: compute static schedule, allocate storage

==== Time breakdown in factorization (rank 0) ====
Panel factorization 	   6.2975 seconds
.. L-panel pxgstrf2 	   2.3660 seconds
.. U-panel pxgstrs2 	   3.9315 seconds
Time in Look-ahead update 	   1.2786 seconds
Time in Schur update 		   8.9760 seconds
.. Time to Gather L buffer	   0.0000  (Separate L panel by Lookahead/Remain)
.. Time to Gather U buffer	   0.1206 
.. Time in GEMM   0.0000 
	* Look-ahead	   0.0000 
	* Remain	   0.0000	Flops 0.0000e+00	Gflops     -nan
.. Time to Scatter   3.9383 
	* Look-ahead	   0.0000 
	* Remain	   3.9383 
Total factorization time            	:  16.1475 seconds, 
--------
GEMM maximum block: 0-0-0

** Memory Usage **********************************
.. dQuerySpace: peak_buffer 455.80 (MB)
	(P0) serial symbolic::stage[0]: symb_memory 149.11, GA_mem_use 986.88
	(P0) serial distribution::stage[1]:symb_LU 139.98, dist_mem_use 1202.80, num_mem_usage.for_lu 3760.01
** Total highmark (MB):
    Sum-of-all :  5102.78 | Avg :  5102.78  | Max :  5102.78
    Max at rank 0, different stages (MB):
	. symbfact         1136.00
	. distribution     5102.78
	. numfact          4215.81
** NUMfact space (MB): (sum-of-all-processes)
    L\U :         3760.01 |  Total :  4215.81
	. max at rank 0, max L+U memory (MB):  3760.01
	. max at rank 0, peak buffer (MB):      455.80
**************************************************

** number of Tiny Pivots:        0

computing inverse of diagonal blocks...
.. GPU trisolve
num_thread:     1
.. B to X redistribute time	  0.0060
.. Setup GPU L-solve time	  0.0008
.. L-solve time	  0.0107
.. L-solve time (MAX) 	  0.0107
.. Setup GPU U-solve time	  0.0013
.. U-solve time	  0.0423
.. U-solve time (MAX) 	  0.0423
.. X to B redistribute time	  0.0012
.. DiagScale = 3
.. Sol  0: ||X - Xtrue|| / ||X|| = 5.231910e-05	 max_i |x - xtrue|_i / |x|_i = 1.310893e-02
**************************************************
**** Time (seconds) ****
	EQUIL time            0.202
	ROWPERM time          0.881
	COLPERM time          0.682
	SYMBFACT time         0.544
	DISTRIBUTE time       5.066
	FACTOR time          16.273
	Factor flops	7.703799e+11	Mflops 	47340.77
	SOLVE time            0.062
	Solve flops	9.326694e+08	Mflops 	14951.65
**************************************************
