** MPI 0/1, NVSHMEM 0/1, mype_node=0, device name: NVIDIA A100-SXM4-40GB bus id: 3, ndevices=1,cur=0, node=nid001217 **
first gpufree time:  0.2666
first blas create time:  0.5366
MPI_Query_thread with MPI_THREAD_SINGLE
__STDC_VERSION__ 201112
Library version:	8.1.2
Input matrix file:	/global/cfs/cdirs/m2956/nanding/myprojects/matrix/LU_C_BN_C_2by2.bin
Process grid:		1 X 1
**************************************************
.. options:
**    Fact                      :    0
**    Equil                     :    1
**    DiagInv                   :    1
**    ParSymbFact               :    0
**    ColPerm                   :    4
**    RowPerm                   :    1
**    ReplaceTinyPivot          :    1
**    IterRefine                :    0
**    Trans                     :    0
**    SymPattern                :    0
**    lookahead_etree           :    0
**    Use_TensorCore            :    0
**    Use 3D algorithm          :    0
**    num_lookaheads            :   10
** parameters that can be altered by environment variables:
**    superlu_relax             :  256
**    superlu_maxsup            :  256
**    min GEMM m*k*n to use GPU : 5000
**    GPU buffer size           :   50000000
**    GPU streams               :    8
**    estimated fill ratio      :    5
**************************************************
fread n   131664	nnz 95429672
# of doubles fread: 95429672
Time to read and distribute matrix 0.40
.. equilibrated? *equed = N
.. RowPerm 1	 time: 0.81
.. anorm 5.328527e+01
.. Use METIS ordering on A'+A
.. symbfact(): relax 256, maxsuper 256, fill 5
	Matrix size min_mn    131664
	Nonzeros in L       865224955
	Nonzeros in U       865206042
	nonzeros in L+U     1730299333
	nonzeros in LSUB    52339917
	No of supers     1216
	Size of G(L)  5906638
	Size of G(U)  5777864
	int 4, short 2, float 4, double 8
	SYMBfact (MB):	L\U 235.10	total 239.84	expansions 0
.. # L blocks    75973	# U blocks    74626
MPI tag upper bound = 536870911
.. Starting with 1 OpenMP threads 
 === using DAG ===
.. thresh = s_eps 5.960464e-08 * anorm 5.328527e+01 = 3.176050e-06
.. Buffer size: Lsub 20057	Lval 5058304	Usub 25397	Uval 4992768	LDA 19891
max_ncols 19755,  max_ldu 256, bigu_size  5057280
	.. SUPERLU_MAX_BUFFER_SIZE 50000000 set for GPU
	.. SUPERLU_N_GEMM: 5000 flops of GEMM done on CPU (1st block always on CPU)
	.. GEMM buffer size: max_row_size X max_ncols = 19891 x    19755
[0].. BIG U size  5057280 (on CPU)
[0].. BIG V size 392946705 (on CPU), dC buffer_size 50000000 (on GPU)
GPU Driver version:   v 11070
GPU Devices: 
 
0 : NVIDIA A100-SXM4-40GB 8 0
  Global memory:   40396 mb 
  Shared memory:   48 kb 
  Constant memory: 64 kb 
  Block registers: 65536 

 Starting with 8 GPU Streams 
  Max row size is 19891 
  Threads per process 1 
warning: number of partitions 2 > 1, try increasing MAX_BUFFER_SIZE.
warning: number of partitions 2 > 1, try increasing MAX_BUFFER_SIZE.
warning: number of partitions 2 > 1, try increasing MAX_BUFFER_SIZE.
warning: number of partitions 2 > 1, try increasing MAX_BUFFER_SIZE.
warning: number of partitions 2 > 1, try increasing MAX_BUFFER_SIZE.
warning: number of partitions 2 > 1, try increasing MAX_BUFFER_SIZE.
warning: number of partitions 2 > 1, try increasing MAX_BUFFER_SIZE.
warning: number of partitions 2 > 1, try increasing MAX_BUFFER_SIZE.
warning: number of partitions 2 > 1, try increasing MAX_BUFFER_SIZE.
warning: number of partitions 2 > 1, try increasing MAX_BUFFER_SIZE.
warning: number of partitions 2 > 1, try increasing MAX_BUFFER_SIZE.
warning: number of partitions 3 > 1, try increasing MAX_BUFFER_SIZE.
warning: number of partitions 2 > 1, try increasing MAX_BUFFER_SIZE.
warning: number of partitions 2 > 1, try increasing MAX_BUFFER_SIZE.
warning: number of partitions 2 > 1, try increasing MAX_BUFFER_SIZE.
warning: number of partitions 3 > 1, try increasing MAX_BUFFER_SIZE.
warning: number of partitions 2 > 1, try increasing MAX_BUFFER_SIZE.
warning: number of partitions 2 > 1, try increasing MAX_BUFFER_SIZE.
warning: number of partitions 2 > 1, try increasing MAX_BUFFER_SIZE.
warning: number of partitions 3 > 1, try increasing MAX_BUFFER_SIZE.
warning: number of partitions 2 > 1, try increasing MAX_BUFFER_SIZE.
warning: number of partitions 2 > 1, try increasing MAX_BUFFER_SIZE.
warning: number of partitions 2 > 1, try increasing MAX_BUFFER_SIZE.
warning: number of partitions 2 > 1, try increasing MAX_BUFFER_SIZE.
warning: number of partitions 2 > 1, try increasing MAX_BUFFER_SIZE.
warning: number of partitions 3 > 1, try increasing MAX_BUFFER_SIZE.
warning: number of partitions 2 > 1, try increasing MAX_BUFFER_SIZE.
warning: number of partitions 2 > 1, try increasing MAX_BUFFER_SIZE.
warning: number of partitions 2 > 1, try increasing MAX_BUFFER_SIZE.
warning: number of partitions 2 > 1, try increasing MAX_BUFFER_SIZE.
warning: number of partitions 2 > 1, try increasing MAX_BUFFER_SIZE.
warning: number of partitions 2 > 1, try increasing MAX_BUFFER_SIZE.
warning: number of partitions 2 > 1, try increasing MAX_BUFFER_SIZE.
warning: number of partitions 2 > 1, try increasing MAX_BUFFER_SIZE.
warning: number of partitions 2 > 1, try increasing MAX_BUFFER_SIZE.
warning: number of partitions 2 > 1, try increasing MAX_BUFFER_SIZE.
warning: number of partitions 2 > 1, try increasing MAX_BUFFER_SIZE.
warning: number of partitions 2 > 1, try increasing MAX_BUFFER_SIZE.
warning: number of partitions 2 > 1, try increasing MAX_BUFFER_SIZE.
warning: number of partitions 2 > 1, try increasing MAX_BUFFER_SIZE.
warning: number of partitions 2 > 1, try increasing MAX_BUFFER_SIZE.
warning: number of partitions 2 > 1, try increasing MAX_BUFFER_SIZE.
warning: number of partitions 2 > 1, try increasing MAX_BUFFER_SIZE.
warning: number of partitions 2 > 1, try increasing MAX_BUFFER_SIZE.
warning: number of partitions 2 > 1, try increasing MAX_BUFFER_SIZE.
warning: number of partitions 2 > 1, try increasing MAX_BUFFER_SIZE.
warning: number of partitions 2 > 1, try increasing MAX_BUFFER_SIZE.
warning: number of partitions 2 > 1, try increasing MAX_BUFFER_SIZE.
warning: number of partitions 2 > 1, try increasing MAX_BUFFER_SIZE.
warning: number of partitions 2 > 1, try increasing MAX_BUFFER_SIZE.
warning: number of partitions 2 > 1, try increasing MAX_BUFFER_SIZE.
warning: number of partitions 2 > 1, try increasing MAX_BUFFER_SIZE.
warning: number of partitions 2 > 1, try increasing MAX_BUFFER_SIZE.
warning: number of partitions 2 > 1, try increasing MAX_BUFFER_SIZE.
warning: number of partitions 2 > 1, try increasing MAX_BUFFER_SIZE.
warning: number of partitions 3 > 1, try increasing MAX_BUFFER_SIZE.
warning: number of partitions 2 > 1, try increasing MAX_BUFFER_SIZE.
warning: number of partitions 2 > 1, try increasing MAX_BUFFER_SIZE.
warning: number of partitions 2 > 1, try increasing MAX_BUFFER_SIZE.
warning: number of partitions 3 > 1, try increasing MAX_BUFFER_SIZE.
warning: number of partitions 2 > 1, try increasing MAX_BUFFER_SIZE.
warning: number of partitions 2 > 1, try increasing MAX_BUFFER_SIZE.
warning: number of partitions 3 > 1, try increasing MAX_BUFFER_SIZE.
warning: number of partitions 2 > 1, try increasing MAX_BUFFER_SIZE.
warning: number of partitions 2 > 1, try increasing MAX_BUFFER_SIZE.
warning: number of partitions 2 > 1, try increasing MAX_BUFFER_SIZE.
warning: number of partitions 3 > 1, try increasing MAX_BUFFER_SIZE.
warning: number of partitions 2 > 1, try increasing MAX_BUFFER_SIZE.
warning: number of partitions 3 > 1, try increasing MAX_BUFFER_SIZE.
warning: number of partitions 2 > 1, try increasing MAX_BUFFER_SIZE.
warning: number of partitions 3 > 1, try increasing MAX_BUFFER_SIZE.
warning: number of partitions 2 > 1, try increasing MAX_BUFFER_SIZE.
warning: number of partitions 2 > 1, try increasing MAX_BUFFER_SIZE.
warning: number of partitions 2 > 1, try increasing MAX_BUFFER_SIZE.
warning: number of partitions 3 > 1, try increasing MAX_BUFFER_SIZE.
warning: number of partitions 2 > 1, try increasing MAX_BUFFER_SIZE.
warning: number of partitions 3 > 1, try increasing MAX_BUFFER_SIZE.
warning: number of partitions 2 > 1, try increasing MAX_BUFFER_SIZE.
warning: number of partitions 3 > 1, try increasing MAX_BUFFER_SIZE.
warning: number of partitions 2 > 1, try increasing MAX_BUFFER_SIZE.
warning: number of partitions 2 > 1, try increasing MAX_BUFFER_SIZE.
warning: number of partitions 3 > 1, try increasing MAX_BUFFER_SIZE.
warning: number of partitions 2 > 1, try increasing MAX_BUFFER_SIZE.
warning: number of partitions 3 > 1, try increasing MAX_BUFFER_SIZE.
warning: number of partitions 2 > 1, try increasing MAX_BUFFER_SIZE.
warning: number of partitions 3 > 1, try increasing MAX_BUFFER_SIZE.
warning: number of partitions 2 > 1, try increasing MAX_BUFFER_SIZE.
warning: number of partitions 3 > 1, try increasing MAX_BUFFER_SIZE.
warning: number of partitions 4 > 1, try increasing MAX_BUFFER_SIZE.
warning: number of partitions 2 > 1, try increasing MAX_BUFFER_SIZE.
warning: number of partitions 2 > 1, try increasing MAX_BUFFER_SIZE.
warning: number of partitions 3 > 1, try increasing MAX_BUFFER_SIZE.
warning: number of partitions 2 > 1, try increasing MAX_BUFFER_SIZE.
warning: number of partitions 3 > 1, try increasing MAX_BUFFER_SIZE.
warning: number of partitions 2 > 1, try increasing MAX_BUFFER_SIZE.
warning: number of partitions 3 > 1, try increasing MAX_BUFFER_SIZE.
warning: number of partitions 4 > 1, try increasing MAX_BUFFER_SIZE.
warning: number of partitions 2 > 1, try increasing MAX_BUFFER_SIZE.
warning: number of partitions 2 > 1, try increasing MAX_BUFFER_SIZE.
warning: number of partitions 3 > 1, try increasing MAX_BUFFER_SIZE.
warning: number of partitions 2 > 1, try increasing MAX_BUFFER_SIZE.
warning: number of partitions 3 > 1, try increasing MAX_BUFFER_SIZE.
warning: number of partitions 2 > 1, try increasing MAX_BUFFER_SIZE.
warning: number of partitions 3 > 1, try increasing MAX_BUFFER_SIZE.
warning: number of partitions 2 > 1, try increasing MAX_BUFFER_SIZE.
warning: number of partitions 2 > 1, try increasing MAX_BUFFER_SIZE.
warning: number of partitions 3 > 1, try increasing MAX_BUFFER_SIZE.
warning: number of partitions 2 > 1, try increasing MAX_BUFFER_SIZE.
warning: number of partitions 3 > 1, try increasing MAX_BUFFER_SIZE.
warning: number of partitions 4 > 1, try increasing MAX_BUFFER_SIZE.
warning: number of partitions 5 > 1, try increasing MAX_BUFFER_SIZE.
warning: number of partitions 6 > 1, try increasing MAX_BUFFER_SIZE.
warning: number of partitions 2 > 1, try increasing MAX_BUFFER_SIZE.
warning: number of partitions 3 > 1, try increasing MAX_BUFFER_SIZE.
warning: number of partitions 2 > 1, try increasing MAX_BUFFER_SIZE.
warning: number of partitions 2 > 1, try increasing MAX_BUFFER_SIZE.
warning: number of partitions 3 > 1, try increasing MAX_BUFFER_SIZE.
warning: number of partitions 2 > 1, try increasing MAX_BUFFER_SIZE.
warning: number of partitions 3 > 1, try increasing MAX_BUFFER_SIZE.
warning: number of partitions 4 > 1, try increasing MAX_BUFFER_SIZE.
warning: number of partitions 5 > 1, try increasing MAX_BUFFER_SIZE.
warning: number of partitions 6 > 1, try increasing MAX_BUFFER_SIZE.
warning: number of partitions 2 > 1, try increasing MAX_BUFFER_SIZE.
warning: number of partitions 3 > 1, try increasing MAX_BUFFER_SIZE.
warning: number of partitions 2 > 1, try increasing MAX_BUFFER_SIZE.
warning: number of partitions 2 > 1, try increasing MAX_BUFFER_SIZE.
warning: number of partitions 3 > 1, try increasing MAX_BUFFER_SIZE.
warning: number of partitions 2 > 1, try increasing MAX_BUFFER_SIZE.
warning: number of partitions 3 > 1, try increasing MAX_BUFFER_SIZE.
warning: number of partitions 4 > 1, try increasing MAX_BUFFER_SIZE.
warning: number of partitions 5 > 1, try increasing MAX_BUFFER_SIZE.
warning: number of partitions 2 > 1, try increasing MAX_BUFFER_SIZE.
warning: number of partitions 3 > 1, try increasing MAX_BUFFER_SIZE.
warning: number of partitions 2 > 1, try increasing MAX_BUFFER_SIZE.
warning: number of partitions 2 > 1, try increasing MAX_BUFFER_SIZE.
warning: number of partitions 2 > 1, try increasing MAX_BUFFER_SIZE.
warning: number of partitions 3 > 1, try increasing MAX_BUFFER_SIZE.
warning: number of partitions 4 > 1, try increasing MAX_BUFFER_SIZE.
warning: number of partitions 5 > 1, try increasing MAX_BUFFER_SIZE.
warning: number of partitions 2 > 1, try increasing MAX_BUFFER_SIZE.
warning: number of partitions 3 > 1, try increasing MAX_BUFFER_SIZE.
warning: number of partitions 2 > 1, try increasing MAX_BUFFER_SIZE.
warning: number of partitions 2 > 1, try increasing MAX_BUFFER_SIZE.
warning: number of partitions 3 > 1, try increasing MAX_BUFFER_SIZE.
warning: number of partitions 4 > 1, try increasing MAX_BUFFER_SIZE.
warning: number of partitions 5 > 1, try increasing MAX_BUFFER_SIZE.
warning: number of partitions 2 > 1, try increasing MAX_BUFFER_SIZE.
warning: number of partitions 3 > 1, try increasing MAX_BUFFER_SIZE.
warning: number of partitions 2 > 1, try increasing MAX_BUFFER_SIZE.
warning: number of partitions 3 > 1, try increasing MAX_BUFFER_SIZE.
warning: number of partitions 4 > 1, try increasing MAX_BUFFER_SIZE.
warning: number of partitions 2 > 1, try increasing MAX_BUFFER_SIZE.
warning: number of partitions 3 > 1, try increasing MAX_BUFFER_SIZE.
warning: number of partitions 4 > 1, try increasing MAX_BUFFER_SIZE.
warning: number of partitions 5 > 1, try increasing MAX_BUFFER_SIZE.
warning: number of partitions 2 > 1, try increasing MAX_BUFFER_SIZE.
warning: number of partitions 3 > 1, try increasing MAX_BUFFER_SIZE.
warning: number of partitions 2 > 1, try increasing MAX_BUFFER_SIZE.
warning: number of partitions 3 > 1, try increasing MAX_BUFFER_SIZE.
warning: number of partitions 4 > 1, try increasing MAX_BUFFER_SIZE.
warning: number of partitions 2 > 1, try increasing MAX_BUFFER_SIZE.
warning: number of partitions 3 > 1, try increasing MAX_BUFFER_SIZE.
warning: number of partitions 4 > 1, try increasing MAX_BUFFER_SIZE.
warning: number of partitions 5 > 1, try increasing MAX_BUFFER_SIZE.
warning: number of partitions 2 > 1, try increasing MAX_BUFFER_SIZE.
warning: number of partitions 3 > 1, try increasing MAX_BUFFER_SIZE.
warning: number of partitions 4 > 1, try increasing MAX_BUFFER_SIZE.
warning: number of partitions 5 > 1, try increasing MAX_BUFFER_SIZE.
warning: number of partitions 6 > 1, try increasing MAX_BUFFER_SIZE.
warning: number of partitions 2 > 1, try increasing MAX_BUFFER_SIZE.
warning: number of partitions 3 > 1, try increasing MAX_BUFFER_SIZE.
warning: number of partitions 4 > 1, try increasing MAX_BUFFER_SIZE.
warning: number of partitions 2 > 1, try increasing MAX_BUFFER_SIZE.
warning: number of partitions 3 > 1, try increasing MAX_BUFFER_SIZE.
warning: number of partitions 4 > 1, try increasing MAX_BUFFER_SIZE.
warning: number of partitions 5 > 1, try increasing MAX_BUFFER_SIZE.
warning: number of partitions 2 > 1, try increasing MAX_BUFFER_SIZE.
warning: number of partitions 3 > 1, try increasing MAX_BUFFER_SIZE.
warning: number of partitions 4 > 1, try increasing MAX_BUFFER_SIZE.
warning: number of partitions 5 > 1, try increasing MAX_BUFFER_SIZE.
warning: number of partitions 2 > 1, try increasing MAX_BUFFER_SIZE.
warning: number of partitions 3 > 1, try increasing MAX_BUFFER_SIZE.
warning: number of partitions 4 > 1, try increasing MAX_BUFFER_SIZE.
warning: number of partitions 2 > 1, try increasing MAX_BUFFER_SIZE.
warning: number of partitions 3 > 1, try increasing MAX_BUFFER_SIZE.
warning: number of partitions 4 > 1, try increasing MAX_BUFFER_SIZE.
warning: number of partitions 5 > 1, try increasing MAX_BUFFER_SIZE.
warning: number of partitions 2 > 1, try increasing MAX_BUFFER_SIZE.
warning: number of partitions 3 > 1, try increasing MAX_BUFFER_SIZE.
warning: number of partitions 4 > 1, try increasing MAX_BUFFER_SIZE.
warning: number of partitions 5 > 1, try increasing MAX_BUFFER_SIZE.
warning: number of partitions 2 > 1, try increasing MAX_BUFFER_SIZE.
warning: number of partitions 3 > 1, try increasing MAX_BUFFER_SIZE.
warning: number of partitions 4 > 1, try increasing MAX_BUFFER_SIZE.
warning: number of partitions 2 > 1, try increasing MAX_BUFFER_SIZE.
warning: number of partitions 3 > 1, try increasing MAX_BUFFER_SIZE.
warning: number of partitions 4 > 1, try increasing MAX_BUFFER_SIZE.
warning: number of partitions 2 > 1, try increasing MAX_BUFFER_SIZE.
warning: number of partitions 3 > 1, try increasing MAX_BUFFER_SIZE.
warning: number of partitions 4 > 1, try increasing MAX_BUFFER_SIZE.
warning: number of partitions 5 > 1, try increasing MAX_BUFFER_SIZE.
warning: number of partitions 2 > 1, try increasing MAX_BUFFER_SIZE.
warning: number of partitions 3 > 1, try increasing MAX_BUFFER_SIZE.
warning: number of partitions 4 > 1, try increasing MAX_BUFFER_SIZE.
warning: number of partitions 2 > 1, try increasing MAX_BUFFER_SIZE.
warning: number of partitions 3 > 1, try increasing MAX_BUFFER_SIZE.
warning: number of partitions 4 > 1, try increasing MAX_BUFFER_SIZE.
warning: number of partitions 2 > 1, try increasing MAX_BUFFER_SIZE.
warning: number of partitions 3 > 1, try increasing MAX_BUFFER_SIZE.
warning: number of partitions 4 > 1, try increasing MAX_BUFFER_SIZE.
warning: number of partitions 5 > 1, try increasing MAX_BUFFER_SIZE.
warning: number of partitions 2 > 1, try increasing MAX_BUFFER_SIZE.
warning: number of partitions 3 > 1, try increasing MAX_BUFFER_SIZE.
warning: number of partitions 4 > 1, try increasing MAX_BUFFER_SIZE.
warning: number of partitions 2 > 1, try increasing MAX_BUFFER_SIZE.
warning: number of partitions 3 > 1, try increasing MAX_BUFFER_SIZE.
warning: number of partitions 4 > 1, try increasing MAX_BUFFER_SIZE.
warning: number of partitions 2 > 1, try increasing MAX_BUFFER_SIZE.
warning: number of partitions 3 > 1, try increasing MAX_BUFFER_SIZE.
warning: number of partitions 4 > 1, try increasing MAX_BUFFER_SIZE.
warning: number of partitions 5 > 1, try increasing MAX_BUFFER_SIZE.
warning: number of partitions 2 > 1, try increasing MAX_BUFFER_SIZE.
warning: number of partitions 3 > 1, try increasing MAX_BUFFER_SIZE.
warning: number of partitions 4 > 1, try increasing MAX_BUFFER_SIZE.
warning: number of partitions 2 > 1, try increasing MAX_BUFFER_SIZE.
warning: number of partitions 3 > 1, try increasing MAX_BUFFER_SIZE.
warning: number of partitions 4 > 1, try increasing MAX_BUFFER_SIZE.
warning: number of partitions 2 > 1, try increasing MAX_BUFFER_SIZE.
warning: number of partitions 3 > 1, try increasing MAX_BUFFER_SIZE.
warning: number of partitions 4 > 1, try increasing MAX_BUFFER_SIZE.
warning: number of partitions 5 > 1, try increasing MAX_BUFFER_SIZE.
warning: number of partitions 2 > 1, try increasing MAX_BUFFER_SIZE.
warning: number of partitions 3 > 1, try increasing MAX_BUFFER_SIZE.
warning: number of partitions 2 > 1, try increasing MAX_BUFFER_SIZE.
warning: number of partitions 3 > 1, try increasing MAX_BUFFER_SIZE.
warning: number of partitions 4 > 1, try increasing MAX_BUFFER_SIZE.
warning: number of partitions 2 > 1, try increasing MAX_BUFFER_SIZE.
warning: number of partitions 3 > 1, try increasing MAX_BUFFER_SIZE.
warning: number of partitions 2 > 1, try increasing MAX_BUFFER_SIZE.
warning: number of partitions 3 > 1, try increasing MAX_BUFFER_SIZE.
warning: number of partitions 4 > 1, try increasing MAX_BUFFER_SIZE.
warning: number of partitions 2 > 1, try increasing MAX_BUFFER_SIZE.
warning: number of partitions 3 > 1, try increasing MAX_BUFFER_SIZE.
warning: number of partitions 4 > 1, try increasing MAX_BUFFER_SIZE.
warning: number of partitions 5 > 1, try increasing MAX_BUFFER_SIZE.
warning: number of partitions 6 > 1, try increasing MAX_BUFFER_SIZE.
warning: number of partitions 2 > 1, try increasing MAX_BUFFER_SIZE.
warning: number of partitions 3 > 1, try increasing MAX_BUFFER_SIZE.
warning: number of partitions 4 > 1, try increasing MAX_BUFFER_SIZE.
warning: number of partitions 2 > 1, try increasing MAX_BUFFER_SIZE.
warning: number of partitions 3 > 1, try increasing MAX_BUFFER_SIZE.
warning: number of partitions 4 > 1, try increasing MAX_BUFFER_SIZE.
warning: number of partitions 5 > 1, try increasing MAX_BUFFER_SIZE.
warning: number of partitions 6 > 1, try increasing MAX_BUFFER_SIZE.
warning: number of partitions 2 > 1, try increasing MAX_BUFFER_SIZE.
warning: number of partitions 3 > 1, try increasing MAX_BUFFER_SIZE.
warning: number of partitions 4 > 1, try increasing MAX_BUFFER_SIZE.
warning: number of partitions 2 > 1, try increasing MAX_BUFFER_SIZE.
warning: number of partitions 3 > 1, try increasing MAX_BUFFER_SIZE.
warning: number of partitions 4 > 1, try increasing MAX_BUFFER_SIZE.
warning: number of partitions 5 > 1, try increasing MAX_BUFFER_SIZE.
warning: number of partitions 6 > 1, try increasing MAX_BUFFER_SIZE.
warning: number of partitions 2 > 1, try increasing MAX_BUFFER_SIZE.
warning: number of partitions 3 > 1, try increasing MAX_BUFFER_SIZE.
warning: number of partitions 4 > 1, try increasing MAX_BUFFER_SIZE.
warning: number of partitions 2 > 1, try increasing MAX_BUFFER_SIZE.
warning: number of partitions 3 > 1, try increasing MAX_BUFFER_SIZE.
warning: number of partitions 4 > 1, try increasing MAX_BUFFER_SIZE.
warning: number of partitions 5 > 1, try increasing MAX_BUFFER_SIZE.
warning: number of partitions 6 > 1, try increasing MAX_BUFFER_SIZE.
warning: number of partitions 2 > 1, try increasing MAX_BUFFER_SIZE.
warning: number of partitions 3 > 1, try increasing MAX_BUFFER_SIZE.
warning: number of partitions 4 > 1, try increasing MAX_BUFFER_SIZE.
warning: number of partitions 2 > 1, try increasing MAX_BUFFER_SIZE.
warning: number of partitions 3 > 1, try increasing MAX_BUFFER_SIZE.
warning: number of partitions 4 > 1, try increasing MAX_BUFFER_SIZE.
warning: number of partitions 5 > 1, try increasing MAX_BUFFER_SIZE.
warning: number of partitions 6 > 1, try increasing MAX_BUFFER_SIZE.
warning: number of partitions 2 > 1, try increasing MAX_BUFFER_SIZE.
warning: number of partitions 3 > 1, try increasing MAX_BUFFER_SIZE.
warning: number of partitions 4 > 1, try increasing MAX_BUFFER_SIZE.
warning: number of partitions 2 > 1, try increasing MAX_BUFFER_SIZE.
warning: number of partitions 3 > 1, try increasing MAX_BUFFER_SIZE.
warning: number of partitions 4 > 1, try increasing MAX_BUFFER_SIZE.
warning: number of partitions 5 > 1, try increasing MAX_BUFFER_SIZE.
warning: number of partitions 6 > 1, try increasing MAX_BUFFER_SIZE.
warning: number of partitions 2 > 1, try increasing MAX_BUFFER_SIZE.
warning: number of partitions 3 > 1, try increasing MAX_BUFFER_SIZE.
warning: number of partitions 4 > 1, try increasing MAX_BUFFER_SIZE.
warning: number of partitions 5 > 1, try increasing MAX_BUFFER_SIZE.
warning: number of partitions 6 > 1, try increasing MAX_BUFFER_SIZE.
warning: number of partitions 7 > 1, try increasing MAX_BUFFER_SIZE.
warning: number of partitions 8 > 1, try increasing MAX_BUFFER_SIZE.
warning: number of partitions 2 > 1, try increasing MAX_BUFFER_SIZE.
warning: number of partitions 3 > 1, try increasing MAX_BUFFER_SIZE.
warning: number of partitions 4 > 1, try increasing MAX_BUFFER_SIZE.
warning: number of partitions 5 > 1, try increasing MAX_BUFFER_SIZE.
warning: number of partitions 6 > 1, try increasing MAX_BUFFER_SIZE.
warning: number of partitions 2 > 1, try increasing MAX_BUFFER_SIZE.
warning: number of partitions 3 > 1, try increasing MAX_BUFFER_SIZE.
warning: number of partitions 4 > 1, try increasing MAX_BUFFER_SIZE.
warning: number of partitions 5 > 1, try increasing MAX_BUFFER_SIZE.
warning: number of partitions 6 > 1, try increasing MAX_BUFFER_SIZE.
warning: number of partitions 7 > 1, try increasing MAX_BUFFER_SIZE.
warning: number of partitions 8 > 1, try increasing MAX_BUFFER_SIZE.
warning: number of partitions 2 > 1, try increasing MAX_BUFFER_SIZE.
warning: number of partitions 3 > 1, try increasing MAX_BUFFER_SIZE.
warning: number of partitions 4 > 1, try increasing MAX_BUFFER_SIZE.
warning: number of partitions 5 > 1, try increasing MAX_BUFFER_SIZE.
warning: number of partitions 2 > 1, try increasing MAX_BUFFER_SIZE.
warning: number of partitions 3 > 1, try increasing MAX_BUFFER_SIZE.
warning: number of partitions 4 > 1, try increasing MAX_BUFFER_SIZE.
warning: number of partitions 5 > 1, try increasing MAX_BUFFER_SIZE.
warning: number of partitions 6 > 1, try increasing MAX_BUFFER_SIZE.
warning: number of partitions 7 > 1, try increasing MAX_BUFFER_SIZE.
warning: number of partitions 8 > 1, try increasing MAX_BUFFER_SIZE.
warning: number of partitions 2 > 1, try increasing MAX_BUFFER_SIZE.
warning: number of partitions 3 > 1, try increasing MAX_BUFFER_SIZE.
warning: number of partitions 4 > 1, try increasing MAX_BUFFER_SIZE.
warning: number of partitions 5 > 1, try increasing MAX_BUFFER_SIZE.
warning: number of partitions 2 > 1, try increasing MAX_BUFFER_SIZE.
warning: number of partitions 3 > 1, try increasing MAX_BUFFER_SIZE.
warning: number of partitions 4 > 1, try increasing MAX_BUFFER_SIZE.
warning: number of partitions 5 > 1, try increasing MAX_BUFFER_SIZE.
warning: number of partitions 6 > 1, try increasing MAX_BUFFER_SIZE.
warning: number of partitions 7 > 1, try increasing MAX_BUFFER_SIZE.
warning: number of partitions 2 > 1, try increasing MAX_BUFFER_SIZE.
warning: number of partitions 3 > 1, try increasing MAX_BUFFER_SIZE.
warning: number of partitions 4 > 1, try increasing MAX_BUFFER_SIZE.
warning: number of partitions 5 > 1, try increasing MAX_BUFFER_SIZE.
warning: number of partitions 2 > 1, try increasing MAX_BUFFER_SIZE.
warning: number of partitions 3 > 1, try increasing MAX_BUFFER_SIZE.
warning: number of partitions 4 > 1, try increasing MAX_BUFFER_SIZE.
warning: number of partitions 5 > 1, try increasing MAX_BUFFER_SIZE.
warning: number of partitions 6 > 1, try increasing MAX_BUFFER_SIZE.
warning: number of partitions 7 > 1, try increasing MAX_BUFFER_SIZE.
warning: number of partitions 2 > 1, try increasing MAX_BUFFER_SIZE.
warning: number of partitions 3 > 1, try increasing MAX_BUFFER_SIZE.
warning: number of partitions 4 > 1, try increasing MAX_BUFFER_SIZE.
warning: number of partitions 5 > 1, try increasing MAX_BUFFER_SIZE.
warning: number of partitions 2 > 1, try increasing MAX_BUFFER_SIZE.
warning: number of partitions 3 > 1, try increasing MAX_BUFFER_SIZE.
warning: number of partitions 4 > 1, try increasing MAX_BUFFER_SIZE.
warning: number of partitions 5 > 1, try increasing MAX_BUFFER_SIZE.
warning: number of partitions 6 > 1, try increasing MAX_BUFFER_SIZE.
warning: number of partitions 7 > 1, try increasing MAX_BUFFER_SIZE.
warning: number of partitions 2 > 1, try increasing MAX_BUFFER_SIZE.
warning: number of partitions 3 > 1, try increasing MAX_BUFFER_SIZE.
warning: number of partitions 4 > 1, try increasing MAX_BUFFER_SIZE.
warning: number of partitions 5 > 1, try increasing MAX_BUFFER_SIZE.
warning: number of partitions 2 > 1, try increasing MAX_BUFFER_SIZE.
warning: number of partitions 3 > 1, try increasing MAX_BUFFER_SIZE.
warning: number of partitions 4 > 1, try increasing MAX_BUFFER_SIZE.
warning: number of partitions 5 > 1, try increasing MAX_BUFFER_SIZE.
warning: number of partitions 6 > 1, try increasing MAX_BUFFER_SIZE.
warning: number of partitions 7 > 1, try increasing MAX_BUFFER_SIZE.
warning: number of partitions 2 > 1, try increasing MAX_BUFFER_SIZE.
warning: number of partitions 3 > 1, try increasing MAX_BUFFER_SIZE.
warning: number of partitions 4 > 1, try increasing MAX_BUFFER_SIZE.
warning: number of partitions 5 > 1, try increasing MAX_BUFFER_SIZE.
warning: number of partitions 2 > 1, try increasing MAX_BUFFER_SIZE.
warning: number of partitions 3 > 1, try increasing MAX_BUFFER_SIZE.
warning: number of partitions 4 > 1, try increasing MAX_BUFFER_SIZE.
warning: number of partitions 5 > 1, try increasing MAX_BUFFER_SIZE.
warning: number of partitions 6 > 1, try increasing MAX_BUFFER_SIZE.
warning: number of partitions 7 > 1, try increasing MAX_BUFFER_SIZE.
warning: number of partitions 2 > 1, try increasing MAX_BUFFER_SIZE.
warning: number of partitions 3 > 1, try increasing MAX_BUFFER_SIZE.
warning: number of partitions 4 > 1, try increasing MAX_BUFFER_SIZE.
warning: number of partitions 5 > 1, try increasing MAX_BUFFER_SIZE.
warning: number of partitions 2 > 1, try increasing MAX_BUFFER_SIZE.
warning: number of partitions 3 > 1, try increasing MAX_BUFFER_SIZE.
warning: number of partitions 4 > 1, try increasing MAX_BUFFER_SIZE.
warning: number of partitions 5 > 1, try increasing MAX_BUFFER_SIZE.
warning: number of partitions 6 > 1, try increasing MAX_BUFFER_SIZE.
warning: number of partitions 2 > 1, try increasing MAX_BUFFER_SIZE.
warning: number of partitions 3 > 1, try increasing MAX_BUFFER_SIZE.
warning: number of partitions 4 > 1, try increasing MAX_BUFFER_SIZE.
warning: number of partitions 5 > 1, try increasing MAX_BUFFER_SIZE.
warning: number of partitions 2 > 1, try increasing MAX_BUFFER_SIZE.
warning: number of partitions 3 > 1, try increasing MAX_BUFFER_SIZE.
warning: number of partitions 4 > 1, try increasing MAX_BUFFER_SIZE.
warning: number of partitions 5 > 1, try increasing MAX_BUFFER_SIZE.
warning: number of partitions 6 > 1, try increasing MAX_BUFFER_SIZE.
warning: number of partitions 2 > 1, try increasing MAX_BUFFER_SIZE.
warning: number of partitions 3 > 1, try increasing MAX_BUFFER_SIZE.
warning: number of partitions 4 > 1, try increasing MAX_BUFFER_SIZE.
warning: number of partitions 2 > 1, try increasing MAX_BUFFER_SIZE.
warning: number of partitions 3 > 1, try increasing MAX_BUFFER_SIZE.
warning: number of partitions 4 > 1, try increasing MAX_BUFFER_SIZE.
warning: number of partitions 5 > 1, try increasing MAX_BUFFER_SIZE.
warning: number of partitions 6 > 1, try increasing MAX_BUFFER_SIZE.
warning: number of partitions 2 > 1, try increasing MAX_BUFFER_SIZE.
warning: number of partitions 3 > 1, try increasing MAX_BUFFER_SIZE.
warning: number of partitions 4 > 1, try increasing MAX_BUFFER_SIZE.
warning: number of partitions 2 > 1, try increasing MAX_BUFFER_SIZE.
warning: number of partitions 3 > 1, try increasing MAX_BUFFER_SIZE.
warning: number of partitions 4 > 1, try increasing MAX_BUFFER_SIZE.
warning: number of partitions 5 > 1, try increasing MAX_BUFFER_SIZE.
warning: number of partitions 6 > 1, try increasing MAX_BUFFER_SIZE.
warning: number of partitions 2 > 1, try increasing MAX_BUFFER_SIZE.
warning: number of partitions 3 > 1, try increasing MAX_BUFFER_SIZE.
warning: number of partitions 4 > 1, try increasing MAX_BUFFER_SIZE.
warning: number of partitions 2 > 1, try increasing MAX_BUFFER_SIZE.
warning: number of partitions 3 > 1, try increasing MAX_BUFFER_SIZE.
warning: number of partitions 4 > 1, try increasing MAX_BUFFER_SIZE.
warning: number of partitions 5 > 1, try increasing MAX_BUFFER_SIZE.
warning: number of partitions 6 > 1, try increasing MAX_BUFFER_SIZE.
warning: number of partitions 2 > 1, try increasing MAX_BUFFER_SIZE.
warning: number of partitions 3 > 1, try increasing MAX_BUFFER_SIZE.
warning: number of partitions 4 > 1, try increasing MAX_BUFFER_SIZE.
warning: number of partitions 2 > 1, try increasing MAX_BUFFER_SIZE.
warning: number of partitions 3 > 1, try increasing MAX_BUFFER_SIZE.
warning: number of partitions 4 > 1, try increasing MAX_BUFFER_SIZE.
warning: number of partitions 5 > 1, try increasing MAX_BUFFER_SIZE.
warning: number of partitions 2 > 1, try increasing MAX_BUFFER_SIZE.
warning: number of partitions 3 > 1, try increasing MAX_BUFFER_SIZE.
warning: number of partitions 4 > 1, try increasing MAX_BUFFER_SIZE.
warning: number of partitions 5 > 1, try increasing MAX_BUFFER_SIZE.
warning: number of partitions 2 > 1, try increasing MAX_BUFFER_SIZE.
warning: number of partitions 3 > 1, try increasing MAX_BUFFER_SIZE.
warning: number of partitions 4 > 1, try increasing MAX_BUFFER_SIZE.
warning: number of partitions 5 > 1, try increasing MAX_BUFFER_SIZE.
warning: number of partitions 2 > 1, try increasing MAX_BUFFER_SIZE.
warning: number of partitions 3 > 1, try increasing MAX_BUFFER_SIZE.
warning: number of partitions 4 > 1, try increasing MAX_BUFFER_SIZE.
warning: number of partitions 5 > 1, try increasing MAX_BUFFER_SIZE.
warning: number of partitions 2 > 1, try increasing MAX_BUFFER_SIZE.
warning: number of partitions 3 > 1, try increasing MAX_BUFFER_SIZE.
warning: number of partitions 4 > 1, try increasing MAX_BUFFER_SIZE.
warning: number of partitions 5 > 1, try increasing MAX_BUFFER_SIZE.
warning: number of partitions 2 > 1, try increasing MAX_BUFFER_SIZE.
warning: number of partitions 3 > 1, try increasing MAX_BUFFER_SIZE.
warning: number of partitions 4 > 1, try increasing MAX_BUFFER_SIZE.
warning: number of partitions 5 > 1, try increasing MAX_BUFFER_SIZE.
warning: number of partitions 2 > 1, try increasing MAX_BUFFER_SIZE.
warning: number of partitions 3 > 1, try increasing MAX_BUFFER_SIZE.
warning: number of partitions 4 > 1, try increasing MAX_BUFFER_SIZE.
warning: number of partitions 2 > 1, try increasing MAX_BUFFER_SIZE.
warning: number of partitions 3 > 1, try increasing MAX_BUFFER_SIZE.
warning: number of partitions 4 > 1, try increasing MAX_BUFFER_SIZE.
warning: number of partitions 2 > 1, try increasing MAX_BUFFER_SIZE.
warning: number of partitions 3 > 1, try increasing MAX_BUFFER_SIZE.
warning: number of partitions 4 > 1, try increasing MAX_BUFFER_SIZE.
warning: number of partitions 2 > 1, try increasing MAX_BUFFER_SIZE.
warning: number of partitions 3 > 1, try increasing MAX_BUFFER_SIZE.
warning: number of partitions 4 > 1, try increasing MAX_BUFFER_SIZE.
warning: number of partitions 2 > 1, try increasing MAX_BUFFER_SIZE.
warning: number of partitions 3 > 1, try increasing MAX_BUFFER_SIZE.
warning: number of partitions 4 > 1, try increasing MAX_BUFFER_SIZE.
warning: number of partitions 2 > 1, try increasing MAX_BUFFER_SIZE.
warning: number of partitions 3 > 1, try increasing MAX_BUFFER_SIZE.
warning: number of partitions 4 > 1, try increasing MAX_BUFFER_SIZE.
warning: number of partitions 2 > 1, try increasing MAX_BUFFER_SIZE.
warning: number of partitions 3 > 1, try increasing MAX_BUFFER_SIZE.
warning: number of partitions 4 > 1, try increasing MAX_BUFFER_SIZE.
warning: number of partitions 2 > 1, try increasing MAX_BUFFER_SIZE.
warning: number of partitions 3 > 1, try increasing MAX_BUFFER_SIZE.
warning: number of partitions 4 > 1, try increasing MAX_BUFFER_SIZE.
warning: number of partitions 2 > 1, try increasing MAX_BUFFER_SIZE.
warning: number of partitions 3 > 1, try increasing MAX_BUFFER_SIZE.
warning: number of partitions 4 > 1, try increasing MAX_BUFFER_SIZE.
warning: number of partitions 2 > 1, try increasing MAX_BUFFER_SIZE.
warning: number of partitions 3 > 1, try increasing MAX_BUFFER_SIZE.
warning: number of partitions 4 > 1, try increasing MAX_BUFFER_SIZE.
warning: number of partitions 2 > 1, try increasing MAX_BUFFER_SIZE.
warning: number of partitions 3 > 1, try increasing MAX_BUFFER_SIZE.
warning: number of partitions 2 > 1, try increasing MAX_BUFFER_SIZE.
warning: number of partitions 3 > 1, try increasing MAX_BUFFER_SIZE.
warning: number of partitions 2 > 1, try increasing MAX_BUFFER_SIZE.
warning: number of partitions 3 > 1, try increasing MAX_BUFFER_SIZE.
warning: number of partitions 2 > 1, try increasing MAX_BUFFER_SIZE.
warning: number of partitions 3 > 1, try increasing MAX_BUFFER_SIZE.
warning: number of partitions 2 > 1, try increasing MAX_BUFFER_SIZE.
warning: number of partitions 3 > 1, try increasing MAX_BUFFER_SIZE.
warning: number of partitions 2 > 1, try increasing MAX_BUFFER_SIZE.
warning: number of partitions 3 > 1, try increasing MAX_BUFFER_SIZE.
warning: number of partitions 2 > 1, try increasing MAX_BUFFER_SIZE.
warning: number of partitions 3 > 1, try increasing MAX_BUFFER_SIZE.
warning: number of partitions 2 > 1, try increasing MAX_BUFFER_SIZE.
warning: number of partitions 3 > 1, try increasing MAX_BUFFER_SIZE.
warning: number of partitions 2 > 1, try increasing MAX_BUFFER_SIZE.
warning: number of partitions 2 > 1, try increasing MAX_BUFFER_SIZE.
warning: number of partitions 2 > 1, try increasing MAX_BUFFER_SIZE.
warning: number of partitions 2 > 1, try increasing MAX_BUFFER_SIZE.
warning: number of partitions 2 > 1, try increasing MAX_BUFFER_SIZE.
warning: number of partitions 2 > 1, try increasing MAX_BUFFER_SIZE.
warning: number of partitions 2 > 1, try increasing MAX_BUFFER_SIZE.
warning: number of partitions 2 > 1, try increasing MAX_BUFFER_SIZE.
warning: number of partitions 2 > 1, try increasing MAX_BUFFER_SIZE.
warning: number of partitions 2 > 1, try increasing MAX_BUFFER_SIZE.
warning: number of partitions 2 > 1, try increasing MAX_BUFFER_SIZE.

Initialization time	  0.6526 seconds
	 Serial: compute static schedule, allocate storage

==== Time breakdown in factorization (rank 0) ====
Panel factorization 	  27.7667 seconds
.. L-panel pxgstrf2 	   8.1506 seconds
.. U-panel pxgstrs2 	  19.6160 seconds
Time in Look-ahead update 	  37.6373 seconds
Time in Schur update 		 339.3619 seconds
.. Time to Gather L buffer	   0.0000  (Separate L panel by Lookahead/Remain)
.. Time to Gather U buffer	   0.5804 
.. Time in GEMM   0.0000 
	* Look-ahead	   0.0000 
	* Remain	   0.0000	Flops 0.0000e+00	Gflops     -nan
.. Time to Scatter  81.7885 
	* Look-ahead	   0.0000 
	* Remain	  81.7885 
Total factorization time            	: 398.9890 seconds, 
--------
GEMM maximum block: 0-0-0

** Memory Usage **********************************
.. dQuerySpace: peak_buffer 887.16 (MB)
	(P0) serial symbolic::stage[0]: symb_memory 239.84, GA_mem_use 1145.68
	(P0) serial distribution::stage[1]:symb_LU 235.10, dist_mem_use 718.41, num_mem_usage.for_lu 13933.23
** Total highmark (MB):
    Sum-of-all : 14886.74 | Avg : 14886.74  | Max : 14886.74
    Max at rank 0, different stages (MB):
	. symbfact         1385.53
	. distribution    14886.74
	. numfact         14820.40
** NUMfact space (MB): (sum-of-all-processes)
    L\U :        13933.23 |  Total : 14820.40
	. max at rank 0, max L+U memory (MB): 13933.23
	. max at rank 0, peak buffer (MB):      887.16
**************************************************

** number of Tiny Pivots:        1

computing inverse of diagonal blocks...
.. GPU trisolve
num_thread:     1
.. B to X redistribute time	  0.0034
.. Setup GPU L-solve time	  0.0006
.. L-solve time	  0.0757
.. L-solve time (MAX) 	  0.0757
.. Setup GPU U-solve time	  0.0007
.. U-solve time	  0.2336
.. U-solve time (MAX) 	  0.2336
.. X to B redistribute time	  0.0006
.. DiagScale = 3
.. Sol  0: ||X - Xtrue|| / ||X|| = 1.249029e-04	 max_i |x - xtrue|_i / |x|_i = 2.023726e-04
**************************************************
**** Time (seconds) ****
	EQUIL time            0.166
	ROWPERM time          0.812
	COLPERM time          6.419
	SYMBFACT time         1.847
	DISTRIBUTE time      11.767
	FACTOR time         399.998
	Factor flops	1.694362e+13	Mflops 	42359.22
	SOLVE time            0.315
	Solve flops	3.460599e+09	Mflops 	10995.15
**************************************************
