** MPI 1/4, NVSHMEM 1/4, mype_node=1, device name: NVIDIA A100-SXM4-40GB bus id: 65, ndevices=4,cur=1, node=nid001217 **
** MPI 3/4, NVSHMEM 3/4, mype_node=3, device name: NVIDIA A100-SXM4-40GB bus id: 193, ndevices=4,cur=3, node=nid001217 **
** MPI 0/4, NVSHMEM 0/4, mype_node=0, device name: NVIDIA A100-SXM4-40GB bus id: 3, ndevices=4,cur=0, node=nid001217 **
** MPI 2/4, NVSHMEM 2/4, mype_node=2, device name: NVIDIA A100-SXM4-40GB bus id: 130, ndevices=4,cur=2, node=nid001217 **
first gpufree time:  0.6164
first blas create time:  0.5366
MPI_Query_thread with MPI_THREAD_SINGLE
__STDC_VERSION__ 201112
Library version:	8.1.2
Input matrix file:	/global/cfs/cdirs/m2956/nanding/myprojects/matrix/DG_GrapheneDisorder_8192.bin
Process grid:		4 X 1
**************************************************
.. options:
**    Fact                      :    0
**    Equil                     :    1
**    DiagInv                   :    1
**    ParSymbFact               :    0
**    ColPerm                   :    4
**    RowPerm                   :    1
**    ReplaceTinyPivot          :    1
**    IterRefine                :    0
**    Trans                     :    0
**    SymPattern                :    0
**    lookahead_etree           :    0
**    Use_TensorCore            :    0
**    Use 3D algorithm          :    0
**    num_lookaheads            :   10
** parameters that can be altered by environment variables:
**    superlu_relax             :  256
**    superlu_maxsup            :  256
**    min GEMM m*k*n to use GPU : 5000
**    GPU buffer size           :   50000000
**    GPU streams               :    8
**    estimated fill ratio      :    5
**************************************************
fread n   327680	nnz 238668800
# of doubles fread: 238668800
Time to read and distribute matrix 0.43
.. equilibrated? *equed = R
.. RowPerm 1	 time: 1.54
.. anorm 3.533251e+01
.. Use METIS ordering on A'+A
.. symbfact(): relax 256, maxsuper 256, fill 5
	Matrix size min_mn    327680
	Nonzeros in L       988368640
	Nonzeros in U       988368640
	nonzeros in L+U     1976409600
	nonzeros in LSUB    86558359
	No of supers     2000
	Size of G(L)  5048000
	Size of G(U)  4720320
	int 4, short 2, float 4, double 8
	SYMBfact (MB):	L\U 371.67	total 383.46	expansions 0
.. # L blocks     9570	# U blocks     8902
MPI tag upper bound = 536870911
.. Starting with 1 OpenMP threads 
 === using DAG ===
.. thresh = s_eps 5.960464e-08 * anorm 3.533251e+01 = 2.105982e-06
.. Buffer size: Lsub 3872	Lval 983040	Usub 17307	Uval 3825664	LDA 3840
max_ncols 14944,  max_ldu 256, bigu_size  3825664
	.. SUPERLU_MAX_BUFFER_SIZE 50000000 set for GPU
	.. SUPERLU_N_GEMM: 5000 flops of GEMM done on CPU (1st block always on CPU)
	.. GEMM buffer size: max_row_size X max_ncols = 3840 x    14944
[0].. BIG U size  3825664 (on CPU)
[0].. BIG V size 57384960 (on CPU), dC buffer_size 50000000 (on GPU)
GPU Driver version:   v 11070
GPU Devices: 
 
0 : NVIDIA A100-SXM4-40GB 8 0
  Global memory:   40396 mb 
  Shared memory:   48 kb 
  Constant memory: 64 kb 
  Block registers: 65536 

1 : NVIDIA A100-SXM4-40GB 8 0
  Global memory:   40396 mb 
  Shared memory:   48 kb 
  Constant memory: 64 kb 
  Block registers: 65536 

2 : NVIDIA A100-SXM4-40GB 8 0
  Global memory:   40396 mb 
  Shared memory:   48 kb 
  Constant memory: 64 kb 
  Block registers: 65536 

3 : NVIDIA A100-SXM4-40GB 8 0
  Global memory:   40396 mb 
  Shared memory:   48 kb 
  Constant memory: 64 kb 
  Block registers: 65536 

 Starting with 8 GPU Streams 
  Max row size is 3840 
  Threads per process 1 
warning: number of partitions 2 > 1, try increasing MAX_BUFFER_SIZE.
warning: number of partitions 2 > 1, try increasing MAX_BUFFER_SIZE.
warning: number of partitions 2 > 1, try increasing MAX_BUFFER_SIZE.
warning: number of partitions 2 > 1, try increasing MAX_BUFFER_SIZE.
warning: number of partitions 2 > 1, try increasing MAX_BUFFER_SIZE.
warning: number of partitions 2 > 1, try increasing MAX_BUFFER_SIZE.
warning: number of partitions 2 > 1, try increasing MAX_BUFFER_SIZE.
warning: number of partitions 2 > 1, try increasing MAX_BUFFER_SIZE.

Initialization time	  0.1683 seconds
	 Serial: compute static schedule, allocate storage

==== Time breakdown in factorization (rank 0) ====
Panel factorization 	  22.4051 seconds
.. L-panel pxgstrf2 	  16.5288 seconds
.. U-panel pxgstrs2 	   5.8764 seconds
Time in Look-ahead update 	  12.7017 seconds
Time in Schur update 		  34.9876 seconds
.. Time to Gather L buffer	   0.0000  (Separate L panel by Lookahead/Remain)
.. Time to Gather U buffer	   0.6171 
.. Time in GEMM   0.0000 
	* Look-ahead	   0.0000 
	* Remain	   0.0000	Flops 0.0000e+00	Gflops     -nan
.. Time to Scatter  10.2573 
	* Look-ahead	   0.0000 
	* Remain	  10.2573 
Total factorization time            	:  65.1978 seconds, 
--------
GEMM maximum block: 0-0-0

** Memory Usage **********************************
.. dQuerySpace: peak_buffer 928.81 (MB)
	(P0) serial symbolic::stage[0]: symb_memory 383.46, GA_mem_use 2865.34
	(P0) serial distribution::stage[1]:symb_LU 371.67, dist_mem_use 1209.17, num_mem_usage.for_lu 3980.69
** Total highmark (MB):
    Sum-of-all : 22187.55 | Avg :  5546.89  | Max :  5626.94
    Max at rank 2, different stages (MB):
	. symbfact         3248.80
	. distribution     5561.53
	. numfact          4909.50
** NUMfact space (MB): (sum-of-all-processes)
    L\U :        15865.81 |  Total : 19561.92
	. max at rank 2, max L+U memory (MB):  4044.00
	. max at rank 0, peak buffer (MB):      928.81
**************************************************

** number of Tiny Pivots:        0

computing inverse of diagonal blocks...
.. GPU trisolve
.. GPU trisolve
num_thread:     1
.. GPU trisolve
.. GPU trisolve
.. B to X redistribute time	  0.0048
.. Setup GPU L-solve time	  0.0009
.. L-solve time	  0.0179
.. L-solve time (MAX) 	  0.0182
.. Setup GPU U-solve time	  0.0008
.. U-solve time	  0.0586
.. U-solve time (MAX) 	  0.0590
.. X to B redistribute time	  0.0015
.. DiagScale = 3
.. Sol  0: ||X - Xtrue|| / ||X|| = 8.472727e-08	 max_i |x - xtrue|_i / |x|_i = 1.377859e-07
**************************************************
**** Time (seconds) ****
	EQUIL time            0.140
	ROWPERM time          1.538
	COLPERM time          1.702
	SYMBFACT time         2.239
	DISTRIBUTE time       5.976
	FACTOR time          65.509
	Factor flops	1.169090e+13	Mflops 	178461.26
	SOLVE time            0.087
	Solve flops	3.952819e+09	Mflops 	45659.41
**************************************************
