** MPI 0/2, NVSHMEM 0/2, mype_node=0, device name: NVIDIA A100-SXM4-40GB bus id: 3, ndevices=2,cur=0, node=nid001425 **
** MPI 1/2, NVSHMEM 1/2, mype_node=1, device name: NVIDIA A100-SXM4-40GB bus id: 65, ndevices=2,cur=1, node=nid001425 **
first gpufree time:  0.3158
first blas create time:  0.4904
MPI_Query_thread with MPI_THREAD_SINGLE
__STDC_VERSION__ 201112
Library version:	8.1.2
Input matrix file:	/global/cfs/cdirs/m2956/nanding/myprojects/matrix/s1_mat_7127136_7127136_0_csc_1th_block_size_1781784.bin
Process grid:		2 X 1
**************************************************
.. options:
**    Fact                      :    0
**    Equil                     :    1
**    DiagInv                   :    1
**    ParSymbFact               :    0
**    ColPerm                   :    4
**    RowPerm                   :    1
**    ReplaceTinyPivot          :    1
**    IterRefine                :    0
**    Trans                     :    0
**    SymPattern                :    0
**    lookahead_etree           :    0
**    Use_TensorCore            :    0
**    Use 3D algorithm          :    0
**    num_lookaheads            :   10
** parameters that can be altered by environment variables:
**    superlu_relax             :  256
**    superlu_maxsup            :  256
**    min GEMM m*k*n to use GPU : 5000
**    GPU buffer size           :   50000000
**    GPU streams               :    8
**    estimated fill ratio      :    5
**************************************************
fread n  1781784	nnz 443575476
# of doubles fread: 443575476
Time to read and distribute matrix 36.63
.. equilibrated? *equed = B
.. RowPerm 1	 time: 5.21
.. anorm 7.316276e+01
(140787712).. symbfact_SubInit() reduce size:nzlmax -1038544958, nzumax 554469345
(-2077089792).. symbfact_SubInit() reduce size:nzlmax -519272479, nzumax 277234672
.. Use METIS ordering on A'+A
.. symbfact(): relax 256, maxsuper 256, fill 5
(140787712).. symbfact_SubInit() reduce size:nzlmax -1038544958, nzumax 554469345
(-2077089792).. symbfact_SubInit() reduce size:nzlmax -519272479, nzumax 277234672
srun: error: nid001425: task 1: Segmentation fault
srun: launch/slurm: _step_signal: Terminating StepId=4962237.1
slurmstepd: error: *** STEP 4962237.1 ON nid001425 CANCELLED AT 2023-01-24T21:49:14 ***
srun: error: nid001425: task 0: Segmentation fault
