srun: Job 4964903 step creation temporarily disabled, retrying (Requested nodes are busy)
srun: Step created for job 4964903
** MPI 0/2, NVSHMEM 0/2, mype_node=0, device name: NVIDIA A100-SXM4-40GB bus id: 3, ndevices=2,cur=0, node=nid001217 **
** MPI 1/2, NVSHMEM 1/2, mype_node=1, device name: NVIDIA A100-SXM4-40GB bus id: 65, ndevices=2,cur=1, node=nid001217 **
first gpufree time:  0.3505
first blas create time:  0.5487
MPI_Query_thread with MPI_THREAD_SINGLE
__STDC_VERSION__ 201112
Library version:	8.1.2
Input matrix file:	/global/cfs/cdirs/m2956/nanding/myprojects/matrix/s1_mat_0_507744.bin
Process grid:		2 X 1
**************************************************
.. options:
**    Fact                      :    0
**    Equil                     :    1
**    DiagInv                   :    1
**    ParSymbFact               :    0
**    ColPerm                   :    4
**    RowPerm                   :    1
**    ReplaceTinyPivot          :    1
**    IterRefine                :    0
**    Trans                     :    0
**    SymPattern                :    0
**    lookahead_etree           :    0
**    Use_TensorCore            :    0
**    Use 3D algorithm          :    0
**    num_lookaheads            :   10
** parameters that can be altered by environment variables:
**    superlu_relax             :  256
**    superlu_maxsup            :  256
**    min GEMM m*k*n to use GPU : 5000
**    GPU buffer size           :   50000000
**    GPU streams               :    8
**    estimated fill ratio      :    5
**************************************************
fread n   507744	nnz 205385344
# of doubles fread: 205385344
Time to read and distribute matrix 0.31
.. equilibrated? *equed = B
.. RowPerm 1	 time: 2.03
.. anorm 1.888919e+02
.. Use METIS ordering on A'+A
.. symbfact(): relax 256, maxsuper 256, fill 5
	Matrix size min_mn    507744
	Nonzeros in L       879766426
	Nonzeros in U       882320803
	nonzeros in L+U     1761579485
	nonzeros in LSUB    103226086
	No of supers     9827
	Size of G(L) 15483594
	Size of G(U)  6514038
	int 4, short 2, float 4, double 8
	SYMBfact (MB):	L\U 449.12	total 467.39	expansions 0
.. # L blocks   124089	# U blocks   113111
MPI tag upper bound = 536870911
.. Starting with 1 OpenMP threads 
 === using DAG ===
.. thresh = s_eps 5.960464e-08 * anorm 1.888919e+02 = 1.125884e-05
.. Buffer size: Lsub 4926	Lval 1240064	Usub 13486	Uval 2318336	LDA 4844
max_ncols 9056,  max_ldu 256, bigu_size  2318336
	.. SUPERLU_MAX_BUFFER_SIZE 50000000 set for GPU
	.. SUPERLU_N_GEMM: 5000 flops of GEMM done on CPU (1st block always on CPU)
	.. GEMM buffer size: max_row_size X max_ncols = 4459 x     9056
[0].. BIG U size  2318336 (on CPU)
[0].. BIG V size 40380704 (on CPU), dC buffer_size 40380704 (on GPU)
GPU Driver version:   v 11070
GPU Devices: 
 
0 : NVIDIA A100-SXM4-40GB 8 0
  Global memory:   40396 mb 
  Shared memory:   48 kb 
  Constant memory: 64 kb 
  Block registers: 65536 

1 : NVIDIA A100-SXM4-40GB 8 0
  Global memory:   40396 mb 
  Shared memory:   48 kb 
  Constant memory: 64 kb 
  Block registers: 65536 

 Starting with 8 GPU Streams 
  Max row size is 4459 
  Threads per process 1 

Initialization time	  0.1683 seconds
	 Serial: compute static schedule, allocate storage

==== Time breakdown in factorization (rank 0) ====
Panel factorization 	  21.8780 seconds
.. L-panel pxgstrf2 	  13.4051 seconds
.. U-panel pxgstrs2 	   8.4729 seconds
Time in Look-ahead update 	   3.5810 seconds
Time in Schur update 		  45.9764 seconds
.. Time to Gather L buffer	   0.0000  (Separate L panel by Lookahead/Remain)
.. Time to Gather U buffer	   0.5491 
.. Time in GEMM   0.0000 
	* Look-ahead	   0.0000 
	* Remain	   0.0000	Flops 0.0000e+00	Gflops     -nan
.. Time to Scatter  19.2702 
	* Look-ahead	   0.0000 
	* Remain	  19.2702 
Total factorization time            	:  71.8379 seconds, 
--------
GEMM maximum block: 0-0-0

** Memory Usage **********************************
.. dQuerySpace: peak_buffer 673.03 (MB)
	(P0) serial symbolic::stage[0]: symb_memory 467.39, GA_mem_use 2466.66
	(P0) serial distribution::stage[1]:symb_LU 449.12, dist_mem_use 1991.87, num_mem_usage.for_lu 7191.89
** Total highmark (MB):
    Sum-of-all : 19080.80 | Avg :  9540.40  | Max :  9632.87
    Max at rank 0, different stages (MB):
	. symbfact         2934.05
	. distribution     9632.87
	. numfact          7864.92
** NUMfact space (MB): (sum-of-all-processes)
    L\U :        14214.48 |  Total : 15588.44
	. max at rank 0, max L+U memory (MB):  7191.89
	. max at rank 1, peak buffer (MB):      700.93
**************************************************

** number of Tiny Pivots:        0

computing inverse of diagonal blocks...
.. GPU trisolve
.. GPU trisolve
num_thread:     1
.. B to X redistribute time	  0.0119
.. Setup GPU L-solve time	  0.0010
.. L-solve time	  0.0278
.. L-solve time (MAX) 	  0.0278
.. Setup GPU U-solve time	  0.0015
.. U-solve time	  0.1063
.. U-solve time (MAX) 	  0.1063
.. X to B redistribute time	  0.0036
.. DiagScale = 3
.. Sol  0: ||X - Xtrue|| / ||X|| = 1.188120e-04	 max_i |x - xtrue|_i / |x|_i = 3.221860e-03
**************************************************
**** Time (seconds) ****
	EQUIL time            0.258
	ROWPERM time          2.029
	COLPERM time          1.977
	SYMBFACT time         1.943
	DISTRIBUTE time       8.886
	FACTOR time          72.109
	Factor flops	5.948409e+12	Mflops 	82492.10
	SOLVE time            0.152
	Solve flops	3.523159e+09	Mflops 	23155.79
**************************************************
