** MPI 0/1, NVSHMEM 0/1, mype_node=0, device name: NVIDIA A100-SXM4-40GB bus id: 3, ndevices=1,cur=0, node=nid002965 **
MPI_Query_thread with MPI_THREAD_MULTIPLE
__STDC_VERSION__ 201112
Library version:	6.4.0
Input matrix file:	/global/cfs/cdirs/m2956/nanding/myprojects/matrix/s1_mat_0_126936.bin
Process grid:		1 X 1
fread n   126936	nnz 20540992
# of doubles fread: 20540992
Time to read and distribute matrix 0.32
**************************************************
.. blocking parameters from sp_ienv():
**    relaxation                 :       20
**    max supernode              :      128
**    estimated fill ratio       :        5
**    min GEMM dimension for GPU :    10000
**************************************************
**************************************************
.. options:
**    Fact             :    0
**    Equil            :    1
**    DiagInv          :    1
**    ParSymbFact      :    0
**    ColPerm          :    4
**    RowPerm          :    1
**    ReplaceTinyPivot :    1
**    IterRefine       :    0
**    Trans            :    0
**    num_lookaheads   :   10
**    SymPattern       :    0
**    lookahead_etree  :    0
**************************************************
srun: Job step aborted: Waiting up to 32 seconds for job step to finish.
slurmstepd: error: *** STEP 3743839.0 ON nid002965 CANCELLED AT 2022-11-23T23:25:40 DUE TO TIME LIMIT ***
