** MPI 0/1, NVSHMEM 0/1, mype_node=0, device name: NVIDIA A100-SXM4-40GB bus id: 3, ndevices=1,cur=0, node=nid001285 **
MPI_Query_thread with MPI_THREAD_MULTIPLE
__STDC_VERSION__ 201112
Library version:	6.4.0
Input matrix file:	/global/cfs/cdirs/m2956/nanding/myprojects/matrix/s1_mat_0_126936.bin
Process grid:		1 X 1
fread n   126936	nnz 20540992
# of doubles fread: 20540992
Time to read and distribute matrix 0.24
**************************************************
.. blocking parameters from sp_ienv():
**    relaxation                 :       20
**    max supernode              :      128
**    estimated fill ratio       :        5
**    min GEMM dimension for GPU :    10000
**************************************************
**************************************************
.. options:
**    Fact             :    0
**    Equil            :    1
**    DiagInv          :    1
**    ParSymbFact      :    0
**    ColPerm          :    4
**    RowPerm          :    1
**    ReplaceTinyPivot :    1
**    IterRefine       :    0
**    Trans            :    0
**    num_lookaheads   :   10
**    SymPattern       :    0
**    lookahead_etree  :    0
**************************************************
	Nonzeros in L       53063748
	Nonzeros in U       53078784
	nonzeros in L+U     106015596
	nonzeros in LSUB    11939307
GPU Driver version:   v 11070
GPU Devices: 
 
0 : NVIDIA A100-SXM4-40GB 8 0
  Global memory:   40388 mb 
  Shared memory:   48 kb 
  Constant memory: 64 kb 
  Block registers: 65536 

warning: number of partitions greater than 1, try increasing Max_Buffer_Size. 
warning: number of partitions greater than 1, try increasing Max_Buffer_Size. 

** Memory Usage **********************************
** NUMfact space (MB): (sum-of-all-processes)
    L\U :          865.94 |  Total :   978.63
** Total highmark (MB):
    Sum-of-all :  1152.38 | Avg :  1152.38  | Max :  1152.38
**************************************************
(0) WAIT_NUM_THREADS=640,tot_wait_col=0
[/global/cfs/cdirs/m2956/nanding/myprojects/multi-GPU/superlu_dist/SRC/pdgstrs_lsum_cuda.cu:1828] cuda failed with an illegal memory access was encountered 
[CRAYBLAS_WARNING] Application linked against multiple cray-libsci libraries
srun: error: nid001285: task 0: Exited with exit code 255
srun: launch/slurm: _step_signal: Terminating StepId=3780571.0
