** MPI 3/4, NVSHMEM 3/4, mype_node=3, device name: NVIDIA A100-SXM4-40GB bus id: 193, ndevices=4,cur=3, node=nid002388 **
** MPI 2/4, NVSHMEM 2/4, mype_node=2, device name: NVIDIA A100-SXM4-40GB bus id: 130, ndevices=4,cur=2, node=nid002388 **
** MPI 0/4, NVSHMEM 0/4, mype_node=0, device name: NVIDIA A100-SXM4-40GB bus id: 3, ndevices=4,cur=0, node=nid002388 **
** MPI 1/4, NVSHMEM 1/4, mype_node=1, device name: NVIDIA A100-SXM4-40GB bus id: 65, ndevices=4,cur=1, node=nid002388 **
MPI_Query_thread with MPI_THREAD_MULTIPLE
__STDC_VERSION__ 201112
Library version:	6.4.0
Input matrix file:	/global/cfs/cdirs/m2956/nanding/myprojects/matrix/s1_mat_0_507744.bin
Process grid:		4 X 1
fread n   507744	nnz 205385344
# of doubles fread: 205385344
Time to read and distribute matrix 0.89
**************************************************
.. blocking parameters from sp_ienv():
**    relaxation                 :       20
**    max supernode              :      128
**    estimated fill ratio       :        5
**    min GEMM dimension for GPU :    10000
**************************************************
**************************************************
.. options:
**    Fact             :    0
**    Equil            :    1
**    DiagInv          :    1
**    ParSymbFact      :    0
**    ColPerm          :    4
**    RowPerm          :    1
**    ReplaceTinyPivot :    1
**    IterRefine       :    0
**    Trans            :    0
**    num_lookaheads   :   10
**    SymPattern       :    0
**    lookahead_etree  :    0
**************************************************
slurmstepd: error: Detected 1 oom-kill event(s) in StepId=3743773.5. Some of your processes may have been killed by the cgroup out-of-memory handler.
srun: error: nid002388: task 0: Out Of Memory
srun: launch/slurm: _step_signal: Terminating StepId=3743773.5
slurmstepd: error: *** STEP 3743773.5 ON nid002388 CANCELLED AT 2022-11-23T23:41:44 ***
