The system is: Linux - 5.3.18-150300.59.87_11.0.78-cray_shasta_c - x86_64
Checking whether the CUDA compiler is NVIDIA using "" matched "nvcc: NVIDIA \(R\) Cuda compiler driver":
nvcc: NVIDIA (R) Cuda compiler driver
Copyright (c) 2005-2022 NVIDIA Corporation
Built on Tue_May__3_18:49:52_PDT_2022
Cuda compilation tools, release 11.7, V11.7.64
Build cuda_11.7.r11.7/compiler.31294372_0
Compiling the CUDA compiler identification source file "CMakeCUDACompilerId.cu" succeeded.
Compiler: /opt/nvidia/hpc_sdk/Linux_x86_64/22.5/cuda/11.7/bin/nvcc 
Build flags: 
Id flags: --keep;--keep-dir;tmp -v

The output was:
0
#$ _NVVM_BRANCH_=nvvm
#$ _SPACE_= 
#$ _CUDART_=cudart
#$ _HERE_=/opt/nvidia/hpc_sdk/Linux_x86_64/22.5/cuda/11.7/bin
#$ _THERE_=/opt/nvidia/hpc_sdk/Linux_x86_64/22.5/cuda/11.7/bin
#$ _TARGET_SIZE_=
#$ _TARGET_DIR_=
#$ _TARGET_DIR_=targets/x86_64-linux
#$ TOP=/opt/nvidia/hpc_sdk/Linux_x86_64/22.5/cuda/11.7/bin/..
#$ NVVMIR_LIBRARY_DIR=/opt/nvidia/hpc_sdk/Linux_x86_64/22.5/cuda/11.7/bin/../nvvm/libdevice
#$ LD_LIBRARY_PATH=/opt/nvidia/hpc_sdk/Linux_x86_64/22.5/cuda/11.7/bin/../lib:/global/cfs/cdirs/m2956/nanding/software/MPI_Bootstrap_For_Nan/:/global/cfs/cdirs/m2956/nanding/software/nvshmem_src_2.7.0-6/build/lib:/opt/cray/pe/libsci/22.06.1.3/GNU/9.1/x86_64/lib:/opt/nvidia/hpc_sdk/Linux_x86_64/22.5/math_libs/11.7/lib64:/opt/nvidia/hpc_sdk/Linux_x86_64/22.5/cuda/11.7/lib64:/opt/cray/pe/libsci/21.08.1.2/GNU/9.1/x86_64/lib:/opt/cray/pe/mpich/8.1.17/ofi/gnu/9.1/lib:/opt/cray/pe/mpich/8.1.17/gtl/lib:/opt/cray/pe/dsmml/0.2.2/dsmml/lib:/opt/cray/pe/perftools/22.06.0/lib64:/global/cfs/cdirs/m2956/nanding/software/MPI_Bootstrap_For_Nan/:/global/cfs/cdirs/m2956/nanding/software/nvshmem_src_2.7.0-6/build//lib:/opt/cray/pe/libsci/22.06.1.3/GNU/9.1/x86_64/lib:/opt/nvidia/hpc_sdk/Linux_x86_64/22.5/math_libs/11.7/lib64:/opt/nvidia/hpc_sdk/Linux_x86_64/22.5/cuda/11.7/lib64:/opt/cray/pe/libsci/21.08.1.2/GNU/9.1/x86_64/lib:/opt/cray/pe/mpich/8.1.17/ofi/gnu/9.1/lib:/opt/cray/pe/mpich/8.1.17/gtl/lib:/opt/cray/pe/dsmml/0.2.2/dsmml/lib:/opt/cray/pe/perftools/22.06.0/lib64:/opt/nvidia/hpc_sdk/Linux_x86_64/22.5/math_libs/11.7/lib64:/opt/nvidia/hpc_sdk/Linux_x86_64/22.5/cuda/11.7/extras/CUPTI/lib64:/opt/nvidia/hpc_sdk/Linux_x86_64/22.5/cuda/11.7/extras/Debugger/lib64:/opt/nvidia/hpc_sdk/Linux_x86_64/22.5/cuda/11.7/nvvm/lib64:/opt/nvidia/hpc_sdk/Linux_x86_64/22.5/cuda/11.7/lib64:/global/common/software/nersc/pm-2022q3/sw/darshan/3.4.0/lib:/opt/cray/pe/gcc/11.2.0/snos/lib64:/opt/cray/pe/papi/6.0.0.15/lib64:/opt/cray/libfabric/1.15.0.0/lib64
#$ PATH=/opt/nvidia/hpc_sdk/Linux_x86_64/22.5/cuda/11.7/bin/../nvvm/bin:/opt/nvidia/hpc_sdk/Linux_x86_64/22.5/cuda/11.7/bin:/global/common/software/nersc/pm-2021q4/sw/cmake-3.22.0/bin:/global/common/software/nersc/pm-2021q4/easybuild/software/Nsight-Systems/2022.2.1:/global/common/software/nersc/pm-2021q4/easybuild/software/Nsight-Systems/2022.2.1/bin:/global/common/software/nersc/pm-2021q4/easybuild/software/Nsight-Compute/2022.1.1:/opt/nvidia/hpc_sdk/Linux_x86_64/22.5/cuda/11.7/bin:/opt/nvidia/hpc_sdk/Linux_x86_64/22.5/cuda/11.7/libnvvp:/opt/nvidia/hpc_sdk/Linux_x86_64/22.5/profilers/Nsight_Compute:/opt/nvidia/hpc_sdk/Linux_x86_64/22.5/profilers/Nsight_Systems/bin:/opt/cray/pe/mpich/8.1.17/bin:/opt/cray/pe/craype/2.7.16/bin:/global/common/software/nersc/bin:/global/common/software/nersc/pm-2022q3/sw/darshan/3.4.0/bin:/opt/cray/pe/gcc/11.2.0/bin:/opt/cray/pe/perftools/22.06.0/bin:/opt/cray/pe/papi/6.0.0.15/bin:/opt/cray/libfabric/1.15.0.0/bin:/usr/bin:/bin:/usr/sbin:/sbin:/opt/nersc/bin:/usr/local/bin:/usr/lib/mit/bin:/opt/cray/pe/bin
#$ INCLUDES="-I/opt/nvidia/hpc_sdk/Linux_x86_64/22.5/cuda/11.7/bin/../targets/x86_64-linux/include"  
#$ LIBRARIES=  "-L/opt/nvidia/hpc_sdk/Linux_x86_64/22.5/cuda/11.7/bin/../targets/x86_64-linux/lib/stubs" "-L/opt/nvidia/hpc_sdk/Linux_x86_64/22.5/cuda/11.7/bin/../targets/x86_64-linux/lib"
#$ CUDAFE_FLAGS=
#$ PTXAS_FLAGS=
#$ rm tmp/a_dlink.reg.c
#$ gcc -D__CUDA_ARCH__=520 -D__CUDA_ARCH_LIST__=520 -E -x c++  -DCUDA_DOUBLE_MATH_FUNCTIONS -D__CUDACC__ -D__NVCC__  "-I/opt/nvidia/hpc_sdk/Linux_x86_64/22.5/cuda/11.7/bin/../targets/x86_64-linux/include"    -D__CUDACC_VER_MAJOR__=11 -D__CUDACC_VER_MINOR__=7 -D__CUDACC_VER_BUILD__=64 -D__CUDA_API_VER_MAJOR__=11 -D__CUDA_API_VER_MINOR__=7 -D__NVCC_DIAG_PRAGMA_SUPPORT__=1 -include "cuda_runtime.h" -m64 "CMakeCUDACompilerId.cu" -o "tmp/CMakeCUDACompilerId.cpp1.ii" 
#$ cicc --c++17 --gnu_version=110200 --display_error_number --orig_src_file_name "CMakeCUDACompilerId.cu" --orig_src_path_name "/global/cfs/cdirs/m2956/nanding/myprojects/multi-GPU/superlu_dist/build_perlmutter_1122/CMakeFiles/CheckCUDA/CMakeFiles/3.22.0/CompilerIdCUDA/CMakeCUDACompilerId.cu" --allow_managed   -arch compute_52 -m64 --no-version-ident -ftz=0 -prec_div=1 -prec_sqrt=1 -fmad=1 --include_file_name "CMakeCUDACompilerId.fatbin.c" -tused --gen_module_id_file --module_id_file_name "tmp/CMakeCUDACompilerId.module_id" --gen_c_file_name "tmp/CMakeCUDACompilerId.cudafe1.c" --stub_file_name "tmp/CMakeCUDACompilerId.cudafe1.stub.c" --gen_device_file_name "tmp/CMakeCUDACompilerId.cudafe1.gpu"  "tmp/CMakeCUDACompilerId.cpp1.ii" -o "tmp/CMakeCUDACompilerId.ptx"
#$ ptxas -arch=sm_52 -m64  "tmp/CMakeCUDACompilerId.ptx"  -o "tmp/CMakeCUDACompilerId.sm_52.cubin" 
#$ fatbinary --create="tmp/CMakeCUDACompilerId.fatbin" -64 --cicc-cmdline="-ftz=0 -prec_div=1 -prec_sqrt=1 -fmad=1 " "--image3=kind=elf,sm=52,file=tmp/CMakeCUDACompilerId.sm_52.cubin" "--image3=kind=ptx,sm=52,file=tmp/CMakeCUDACompilerId.ptx" --embedded-fatbin="tmp/CMakeCUDACompilerId.fatbin.c" 
#$ gcc -D__CUDA_ARCH_LIST__=520 -E -x c++ -D__CUDACC__ -D__NVCC__  "-I/opt/nvidia/hpc_sdk/Linux_x86_64/22.5/cuda/11.7/bin/../targets/x86_64-linux/include"    -D__CUDACC_VER_MAJOR__=11 -D__CUDACC_VER_MINOR__=7 -D__CUDACC_VER_BUILD__=64 -D__CUDA_API_VER_MAJOR__=11 -D__CUDA_API_VER_MINOR__=7 -D__NVCC_DIAG_PRAGMA_SUPPORT__=1 -include "cuda_runtime.h" -m64 "CMakeCUDACompilerId.cu" -o "tmp/CMakeCUDACompilerId.cpp4.ii" 
#$ cudafe++ --c++17 --gnu_version=110200 --display_error_number --orig_src_file_name "CMakeCUDACompilerId.cu" --orig_src_path_name "/global/cfs/cdirs/m2956/nanding/myprojects/multi-GPU/superlu_dist/build_perlmutter_1122/CMakeFiles/CheckCUDA/CMakeFiles/3.22.0/CompilerIdCUDA/CMakeCUDACompilerId.cu" --allow_managed  --m64 --parse_templates --gen_c_file_name "tmp/CMakeCUDACompilerId.cudafe1.cpp" --stub_file_name "CMakeCUDACompilerId.cudafe1.stub.c" --module_id_file_name "tmp/CMakeCUDACompilerId.module_id" "tmp/CMakeCUDACompilerId.cpp4.ii" 
#$ gcc -D__CUDA_ARCH__=520 -D__CUDA_ARCH_LIST__=520 -c -x c++  -DCUDA_DOUBLE_MATH_FUNCTIONS "-I/opt/nvidia/hpc_sdk/Linux_x86_64/22.5/cuda/11.7/bin/../targets/x86_64-linux/include"   -m64 "tmp/CMakeCUDACompilerId.cudafe1.cpp" -o "tmp/CMakeCUDACompilerId.o" 
#$ nvlink -m64 --arch=sm_52 --register-link-binaries="tmp/a_dlink.reg.c"    "-L/opt/nvidia/hpc_sdk/Linux_x86_64/22.5/cuda/11.7/bin/../targets/x86_64-linux/lib/stubs" "-L/opt/nvidia/hpc_sdk/Linux_x86_64/22.5/cuda/11.7/bin/../targets/x86_64-linux/lib" -cpu-arch=X86_64 "tmp/CMakeCUDACompilerId.o"  -lcudadevrt  -o "tmp/a_dlink.sm_52.cubin" --host-ccbin "gcc"
#$ fatbinary --create="tmp/a_dlink.fatbin" -64 --cicc-cmdline="-ftz=0 -prec_div=1 -prec_sqrt=1 -fmad=1 " -link "--image3=kind=elf,sm=52,file=tmp/a_dlink.sm_52.cubin" --embedded-fatbin="tmp/a_dlink.fatbin.c" 
#$ gcc -D__CUDA_ARCH_LIST__=520 -c -x c++ -DFATBINFILE="\"tmp/a_dlink.fatbin.c\"" -DREGISTERLINKBINARYFILE="\"tmp/a_dlink.reg.c\"" -I. -D__NV_EXTRA_INITIALIZATION= -D__NV_EXTRA_FINALIZATION= -D__CUDA_INCLUDE_COMPILER_INTERNAL_HEADERS__  "-I/opt/nvidia/hpc_sdk/Linux_x86_64/22.5/cuda/11.7/bin/../targets/x86_64-linux/include"    -D__CUDACC_VER_MAJOR__=11 -D__CUDACC_VER_MINOR__=7 -D__CUDACC_VER_BUILD__=64 -D__CUDA_API_VER_MAJOR__=11 -D__CUDA_API_VER_MINOR__=7 -D__NVCC_DIAG_PRAGMA_SUPPORT__=1 -m64 "/opt/nvidia/hpc_sdk/Linux_x86_64/22.5/cuda/11.7/bin/crt/link.stub" -o "tmp/a_dlink.o" 
#$ g++ -D__CUDA_ARCH_LIST__=520 -m64 -Wl,--start-group "tmp/a_dlink.o" "tmp/CMakeCUDACompilerId.o"   "-L/opt/nvidia/hpc_sdk/Linux_x86_64/22.5/cuda/11.7/bin/../targets/x86_64-linux/lib/stubs" "-L/opt/nvidia/hpc_sdk/Linux_x86_64/22.5/cuda/11.7/bin/../targets/x86_64-linux/lib"  -lcudadevrt  -lcudart_static  -lrt -lpthread  -ldl  -Wl,--end-group -o "a.out" 


Compilation of the CUDA compiler identification source "CMakeCUDACompilerId.cu" produced "a.out"

The CUDA compiler identification is NVIDIA, found in "/global/cfs/cdirs/m2956/nanding/myprojects/multi-GPU/superlu_dist/build_perlmutter_1122/CMakeFiles/CheckCUDA/CMakeFiles/3.22.0/CompilerIdCUDA/a.out"

Parsed CUDA nvcc implicit link information from above output:
  found 'PATH=' string: [/opt/nvidia/hpc_sdk/Linux_x86_64/22.5/cuda/11.7/bin/../nvvm/bin:/opt/nvidia/hpc_sdk/Linux_x86_64/22.5/cuda/11.7/bin:/global/common/software/nersc/pm-2021q4/sw/cmake-3.22.0/bin:/global/common/software/nersc/pm-2021q4/easybuild/software/Nsight-Systems/2022.2.1:/global/common/software/nersc/pm-2021q4/easybuild/software/Nsight-Systems/2022.2.1/bin:/global/common/software/nersc/pm-2021q4/easybuild/software/Nsight-Compute/2022.1.1:/opt/nvidia/hpc_sdk/Linux_x86_64/22.5/cuda/11.7/bin:/opt/nvidia/hpc_sdk/Linux_x86_64/22.5/cuda/11.7/libnvvp:/opt/nvidia/hpc_sdk/Linux_x86_64/22.5/profilers/Nsight_Compute:/opt/nvidia/hpc_sdk/Linux_x86_64/22.5/profilers/Nsight_Systems/bin:/opt/cray/pe/mpich/8.1.17/bin:/opt/cray/pe/craype/2.7.16/bin:/global/common/software/nersc/bin:/global/common/software/nersc/pm-2022q3/sw/darshan/3.4.0/bin:/opt/cray/pe/gcc/11.2.0/bin:/opt/cray/pe/perftools/22.06.0/bin:/opt/cray/pe/papi/6.0.0.15/bin:/opt/cray/libfabric/1.15.0.0/bin:/usr/bin:/bin:/usr/sbin:/sbin:/opt/nersc/bin:/usr/local/bin:/usr/lib/mit/bin:/opt/cray/pe/bin]
  found 'LIBRARIES=' string: ["-L/opt/nvidia/hpc_sdk/Linux_x86_64/22.5/cuda/11.7/bin/../targets/x86_64-linux/lib/stubs" "-L/opt/nvidia/hpc_sdk/Linux_x86_64/22.5/cuda/11.7/bin/../targets/x86_64-linux/lib"]
  considering line: [#$ rm tmp/a_dlink.reg.c]
  considering line: [gcc -D__CUDA_ARCH__=520 -D__CUDA_ARCH_LIST__=520 -E -x c++  -DCUDA_DOUBLE_MATH_FUNCTIONS -D__CUDACC__ -D__NVCC__  "-I/opt/nvidia/hpc_sdk/Linux_x86_64/22.5/cuda/11.7/bin/../targets/x86_64-linux/include"    -D__CUDACC_VER_MAJOR__=11 -D__CUDACC_VER_MINOR__=7 -D__CUDACC_VER_BUILD__=64 -D__CUDA_API_VER_MAJOR__=11 -D__CUDA_API_VER_MINOR__=7 -D__NVCC_DIAG_PRAGMA_SUPPORT__=1 -include "cuda_runtime.h" -m64 "CMakeCUDACompilerId.cu" -o "tmp/CMakeCUDACompilerId.cpp1.ii" ]
  considering line: [cicc --c++17 --gnu_version=110200 --display_error_number --orig_src_file_name "CMakeCUDACompilerId.cu" --orig_src_path_name "/global/cfs/cdirs/m2956/nanding/myprojects/multi-GPU/superlu_dist/build_perlmutter_1122/CMakeFiles/CheckCUDA/CMakeFiles/3.22.0/CompilerIdCUDA/CMakeCUDACompilerId.cu" --allow_managed   -arch compute_52 -m64 --no-version-ident -ftz=0 -prec_div=1 -prec_sqrt=1 -fmad=1 --include_file_name "CMakeCUDACompilerId.fatbin.c" -tused --gen_module_id_file --module_id_file_name "tmp/CMakeCUDACompilerId.module_id" --gen_c_file_name "tmp/CMakeCUDACompilerId.cudafe1.c" --stub_file_name "tmp/CMakeCUDACompilerId.cudafe1.stub.c" --gen_device_file_name "tmp/CMakeCUDACompilerId.cudafe1.gpu"  "tmp/CMakeCUDACompilerId.cpp1.ii" -o "tmp/CMakeCUDACompilerId.ptx"]
  considering line: [ptxas -arch=sm_52 -m64  "tmp/CMakeCUDACompilerId.ptx"  -o "tmp/CMakeCUDACompilerId.sm_52.cubin" ]
  considering line: [fatbinary --create="tmp/CMakeCUDACompilerId.fatbin" -64 --cicc-cmdline="-ftz=0 -prec_div=1 -prec_sqrt=1 -fmad=1 " "--image3=kind=elf,sm=52,file=tmp/CMakeCUDACompilerId.sm_52.cubin" "--image3=kind=ptx,sm=52,file=tmp/CMakeCUDACompilerId.ptx" --embedded-fatbin="tmp/CMakeCUDACompilerId.fatbin.c" ]
  considering line: [gcc -D__CUDA_ARCH_LIST__=520 -E -x c++ -D__CUDACC__ -D__NVCC__  "-I/opt/nvidia/hpc_sdk/Linux_x86_64/22.5/cuda/11.7/bin/../targets/x86_64-linux/include"    -D__CUDACC_VER_MAJOR__=11 -D__CUDACC_VER_MINOR__=7 -D__CUDACC_VER_BUILD__=64 -D__CUDA_API_VER_MAJOR__=11 -D__CUDA_API_VER_MINOR__=7 -D__NVCC_DIAG_PRAGMA_SUPPORT__=1 -include "cuda_runtime.h" -m64 "CMakeCUDACompilerId.cu" -o "tmp/CMakeCUDACompilerId.cpp4.ii" ]
  considering line: [cudafe++ --c++17 --gnu_version=110200 --display_error_number --orig_src_file_name "CMakeCUDACompilerId.cu" --orig_src_path_name "/global/cfs/cdirs/m2956/nanding/myprojects/multi-GPU/superlu_dist/build_perlmutter_1122/CMakeFiles/CheckCUDA/CMakeFiles/3.22.0/CompilerIdCUDA/CMakeCUDACompilerId.cu" --allow_managed  --m64 --parse_templates --gen_c_file_name "tmp/CMakeCUDACompilerId.cudafe1.cpp" --stub_file_name "CMakeCUDACompilerId.cudafe1.stub.c" --module_id_file_name "tmp/CMakeCUDACompilerId.module_id" "tmp/CMakeCUDACompilerId.cpp4.ii" ]
  considering line: [gcc -D__CUDA_ARCH__=520 -D__CUDA_ARCH_LIST__=520 -c -x c++  -DCUDA_DOUBLE_MATH_FUNCTIONS "-I/opt/nvidia/hpc_sdk/Linux_x86_64/22.5/cuda/11.7/bin/../targets/x86_64-linux/include"   -m64 "tmp/CMakeCUDACompilerId.cudafe1.cpp" -o "tmp/CMakeCUDACompilerId.o" ]
  considering line: [nvlink -m64 --arch=sm_52 --register-link-binaries="tmp/a_dlink.reg.c"    "-L/opt/nvidia/hpc_sdk/Linux_x86_64/22.5/cuda/11.7/bin/../targets/x86_64-linux/lib/stubs" "-L/opt/nvidia/hpc_sdk/Linux_x86_64/22.5/cuda/11.7/bin/../targets/x86_64-linux/lib" -cpu-arch=X86_64 "tmp/CMakeCUDACompilerId.o"  -lcudadevrt  -o "tmp/a_dlink.sm_52.cubin" --host-ccbin "gcc"]
    ignoring nvlink line
  considering line: [fatbinary --create="tmp/a_dlink.fatbin" -64 --cicc-cmdline="-ftz=0 -prec_div=1 -prec_sqrt=1 -fmad=1 " -link "--image3=kind=elf,sm=52,file=tmp/a_dlink.sm_52.cubin" --embedded-fatbin="tmp/a_dlink.fatbin.c" ]
  considering line: [gcc -D__CUDA_ARCH_LIST__=520 -c -x c++ -DFATBINFILE="\"tmp/a_dlink.fatbin.c\"" -DREGISTERLINKBINARYFILE="\"tmp/a_dlink.reg.c\"" -I. -D__NV_EXTRA_INITIALIZATION= -D__NV_EXTRA_FINALIZATION= -D__CUDA_INCLUDE_COMPILER_INTERNAL_HEADERS__  "-I/opt/nvidia/hpc_sdk/Linux_x86_64/22.5/cuda/11.7/bin/../targets/x86_64-linux/include"    -D__CUDACC_VER_MAJOR__=11 -D__CUDACC_VER_MINOR__=7 -D__CUDACC_VER_BUILD__=64 -D__CUDA_API_VER_MAJOR__=11 -D__CUDA_API_VER_MINOR__=7 -D__NVCC_DIAG_PRAGMA_SUPPORT__=1 -m64 "/opt/nvidia/hpc_sdk/Linux_x86_64/22.5/cuda/11.7/bin/crt/link.stub" -o "tmp/a_dlink.o" ]
  considering line: [g++ -D__CUDA_ARCH_LIST__=520 -m64 -Wl,--start-group "tmp/a_dlink.o" "tmp/CMakeCUDACompilerId.o"   "-L/opt/nvidia/hpc_sdk/Linux_x86_64/22.5/cuda/11.7/bin/../targets/x86_64-linux/lib/stubs" "-L/opt/nvidia/hpc_sdk/Linux_x86_64/22.5/cuda/11.7/bin/../targets/x86_64-linux/lib"  -lcudadevrt  -lcudart_static  -lrt -lpthread  -ldl  -Wl,--end-group -o "a.out" ]
    extracted link line: [g++ -D__CUDA_ARCH_LIST__=520 -m64 -Wl,--start-group "tmp/a_dlink.o" "tmp/CMakeCUDACompilerId.o"   "-L/opt/nvidia/hpc_sdk/Linux_x86_64/22.5/cuda/11.7/bin/../targets/x86_64-linux/lib/stubs" "-L/opt/nvidia/hpc_sdk/Linux_x86_64/22.5/cuda/11.7/bin/../targets/x86_64-linux/lib"  -lcudadevrt  -lcudart_static  -lrt -lpthread  -ldl  -Wl,--end-group -o "a.out" ]
  considering line: []
  extracted link launcher name: [g++]
  found link launcher absolute path: [/opt/cray/pe/gcc/11.2.0/bin/g++]

  link line regex: [^( *|.*[/\])(ld|CMAKE_LINK_STARTFILE-NOTFOUND|([^/\]+-)?ld|collect2)[^/\]*( |$)]
  link line: [cuda-fake-ld g++ -D__CUDA_ARCH_LIST__=520 -m64 -Wl,--start-group "tmp/a_dlink.o" "tmp/CMakeCUDACompilerId.o"   "-L/opt/nvidia/hpc_sdk/Linux_x86_64/22.5/cuda/11.7/bin/../targets/x86_64-linux/lib/stubs" "-L/opt/nvidia/hpc_sdk/Linux_x86_64/22.5/cuda/11.7/bin/../targets/x86_64-linux/lib"  -lcudadevrt  -lcudart_static  -lrt -lpthread  -ldl  -Wl,--end-group -o "a.out" ]
    arg [cuda-fake-ld] ==> ignore
    arg [g++] ==> ignore
    arg [-D__CUDA_ARCH_LIST__=520] ==> ignore
    arg [-m64] ==> ignore
    arg [-Wl,--start-group] ==> ignore
    arg [tmp/a_dlink.o] ==> ignore
    arg [tmp/CMakeCUDACompilerId.o] ==> ignore
    arg [-L/opt/nvidia/hpc_sdk/Linux_x86_64/22.5/cuda/11.7/bin/../targets/x86_64-linux/lib/stubs] ==> dir [/opt/nvidia/hpc_sdk/Linux_x86_64/22.5/cuda/11.7/bin/../targets/x86_64-linux/lib/stubs]
    arg [-L/opt/nvidia/hpc_sdk/Linux_x86_64/22.5/cuda/11.7/bin/../targets/x86_64-linux/lib] ==> dir [/opt/nvidia/hpc_sdk/Linux_x86_64/22.5/cuda/11.7/bin/../targets/x86_64-linux/lib]
    arg [-lcudadevrt] ==> lib [cudadevrt]
    arg [-lcudart_static] ==> lib [cudart_static]
    arg [-lrt] ==> lib [rt]
    arg [-lpthread] ==> lib [pthread]
    arg [-ldl] ==> lib [dl]
    arg [-Wl,--end-group] ==> ignore
    arg [-o] ==> ignore
    arg [a.out] ==> ignore
  collapse library dir [/opt/nvidia/hpc_sdk/Linux_x86_64/22.5/cuda/11.7/bin/../targets/x86_64-linux/lib/stubs] ==> [/opt/nvidia/hpc_sdk/Linux_x86_64/22.5/cuda/11.7/targets/x86_64-linux/lib/stubs]
  collapse library dir [/opt/nvidia/hpc_sdk/Linux_x86_64/22.5/cuda/11.7/bin/../targets/x86_64-linux/lib] ==> [/opt/nvidia/hpc_sdk/Linux_x86_64/22.5/cuda/11.7/targets/x86_64-linux/lib]
  implicit libs: [cudadevrt;cudart_static;rt;pthread;dl]
  implicit objs: []
  implicit dirs: [/opt/nvidia/hpc_sdk/Linux_x86_64/22.5/cuda/11.7/targets/x86_64-linux/lib/stubs;/opt/nvidia/hpc_sdk/Linux_x86_64/22.5/cuda/11.7/targets/x86_64-linux/lib]
  implicit fwks: []


Parsed CUDA nvcc include information from above output:
  found 'PATH=' string: [/opt/nvidia/hpc_sdk/Linux_x86_64/22.5/cuda/11.7/bin/../nvvm/bin:/opt/nvidia/hpc_sdk/Linux_x86_64/22.5/cuda/11.7/bin:/global/common/software/nersc/pm-2021q4/sw/cmake-3.22.0/bin:/global/common/software/nersc/pm-2021q4/easybuild/software/Nsight-Systems/2022.2.1:/global/common/software/nersc/pm-2021q4/easybuild/software/Nsight-Systems/2022.2.1/bin:/global/common/software/nersc/pm-2021q4/easybuild/software/Nsight-Compute/2022.1.1:/opt/nvidia/hpc_sdk/Linux_x86_64/22.5/cuda/11.7/bin:/opt/nvidia/hpc_sdk/Linux_x86_64/22.5/cuda/11.7/libnvvp:/opt/nvidia/hpc_sdk/Linux_x86_64/22.5/profilers/Nsight_Compute:/opt/nvidia/hpc_sdk/Linux_x86_64/22.5/profilers/Nsight_Systems/bin:/opt/cray/pe/mpich/8.1.17/bin:/opt/cray/pe/craype/2.7.16/bin:/global/common/software/nersc/bin:/global/common/software/nersc/pm-2022q3/sw/darshan/3.4.0/bin:/opt/cray/pe/gcc/11.2.0/bin:/opt/cray/pe/perftools/22.06.0/bin:/opt/cray/pe/papi/6.0.0.15/bin:/opt/cray/libfabric/1.15.0.0/bin:/usr/bin:/bin:/usr/sbin:/sbin:/opt/nersc/bin:/usr/local/bin:/usr/lib/mit/bin:/opt/cray/pe/bin]
  found 'LIBRARIES=' string: ["-L/opt/nvidia/hpc_sdk/Linux_x86_64/22.5/cuda/11.7/bin/../targets/x86_64-linux/lib/stubs" "-L/opt/nvidia/hpc_sdk/Linux_x86_64/22.5/cuda/11.7/bin/../targets/x86_64-linux/lib"]
  considering line: [#$ rm tmp/a_dlink.reg.c]
  considering line: [gcc -D__CUDA_ARCH__=520 -D__CUDA_ARCH_LIST__=520 -E -x c++  -DCUDA_DOUBLE_MATH_FUNCTIONS -D__CUDACC__ -D__NVCC__  "-I/opt/nvidia/hpc_sdk/Linux_x86_64/22.5/cuda/11.7/bin/../targets/x86_64-linux/include"    -D__CUDACC_VER_MAJOR__=11 -D__CUDACC_VER_MINOR__=7 -D__CUDACC_VER_BUILD__=64 -D__CUDA_API_VER_MAJOR__=11 -D__CUDA_API_VER_MINOR__=7 -D__NVCC_DIAG_PRAGMA_SUPPORT__=1 -include "cuda_runtime.h" -m64 "CMakeCUDACompilerId.cu" -o "tmp/CMakeCUDACompilerId.cpp1.ii" ]
  considering line: [cicc --c++17 --gnu_version=110200 --display_error_number --orig_src_file_name "CMakeCUDACompilerId.cu" --orig_src_path_name "/global/cfs/cdirs/m2956/nanding/myprojects/multi-GPU/superlu_dist/build_perlmutter_1122/CMakeFiles/CheckCUDA/CMakeFiles/3.22.0/CompilerIdCUDA/CMakeCUDACompilerId.cu" --allow_managed   -arch compute_52 -m64 --no-version-ident -ftz=0 -prec_div=1 -prec_sqrt=1 -fmad=1 --include_file_name "CMakeCUDACompilerId.fatbin.c" -tused --gen_module_id_file --module_id_file_name "tmp/CMakeCUDACompilerId.module_id" --gen_c_file_name "tmp/CMakeCUDACompilerId.cudafe1.c" --stub_file_name "tmp/CMakeCUDACompilerId.cudafe1.stub.c" --gen_device_file_name "tmp/CMakeCUDACompilerId.cudafe1.gpu"  "tmp/CMakeCUDACompilerId.cpp1.ii" -o "tmp/CMakeCUDACompilerId.ptx"]
  considering line: [ptxas -arch=sm_52 -m64  "tmp/CMakeCUDACompilerId.ptx"  -o "tmp/CMakeCUDACompilerId.sm_52.cubin" ]
  considering line: [fatbinary --create="tmp/CMakeCUDACompilerId.fatbin" -64 --cicc-cmdline="-ftz=0 -prec_div=1 -prec_sqrt=1 -fmad=1 " "--image3=kind=elf,sm=52,file=tmp/CMakeCUDACompilerId.sm_52.cubin" "--image3=kind=ptx,sm=52,file=tmp/CMakeCUDACompilerId.ptx" --embedded-fatbin="tmp/CMakeCUDACompilerId.fatbin.c" ]
  considering line: [gcc -D__CUDA_ARCH_LIST__=520 -E -x c++ -D__CUDACC__ -D__NVCC__  "-I/opt/nvidia/hpc_sdk/Linux_x86_64/22.5/cuda/11.7/bin/../targets/x86_64-linux/include"    -D__CUDACC_VER_MAJOR__=11 -D__CUDACC_VER_MINOR__=7 -D__CUDACC_VER_BUILD__=64 -D__CUDA_API_VER_MAJOR__=11 -D__CUDA_API_VER_MINOR__=7 -D__NVCC_DIAG_PRAGMA_SUPPORT__=1 -include "cuda_runtime.h" -m64 "CMakeCUDACompilerId.cu" -o "tmp/CMakeCUDACompilerId.cpp4.ii" ]
  considering line: [cudafe++ --c++17 --gnu_version=110200 --display_error_number --orig_src_file_name "CMakeCUDACompilerId.cu" --orig_src_path_name "/global/cfs/cdirs/m2956/nanding/myprojects/multi-GPU/superlu_dist/build_perlmutter_1122/CMakeFiles/CheckCUDA/CMakeFiles/3.22.0/CompilerIdCUDA/CMakeCUDACompilerId.cu" --allow_managed  --m64 --parse_templates --gen_c_file_name "tmp/CMakeCUDACompilerId.cudafe1.cpp" --stub_file_name "CMakeCUDACompilerId.cudafe1.stub.c" --module_id_file_name "tmp/CMakeCUDACompilerId.module_id" "tmp/CMakeCUDACompilerId.cpp4.ii" ]
  considering line: [gcc -D__CUDA_ARCH__=520 -D__CUDA_ARCH_LIST__=520 -c -x c++  -DCUDA_DOUBLE_MATH_FUNCTIONS "-I/opt/nvidia/hpc_sdk/Linux_x86_64/22.5/cuda/11.7/bin/../targets/x86_64-linux/include"   -m64 "tmp/CMakeCUDACompilerId.cudafe1.cpp" -o "tmp/CMakeCUDACompilerId.o" ]
  considering line: [nvlink -m64 --arch=sm_52 --register-link-binaries="tmp/a_dlink.reg.c"    "-L/opt/nvidia/hpc_sdk/Linux_x86_64/22.5/cuda/11.7/bin/../targets/x86_64-linux/lib/stubs" "-L/opt/nvidia/hpc_sdk/Linux_x86_64/22.5/cuda/11.7/bin/../targets/x86_64-linux/lib" -cpu-arch=X86_64 "tmp/CMakeCUDACompilerId.o"  -lcudadevrt  -o "tmp/a_dlink.sm_52.cubin" --host-ccbin "gcc"]
    ignoring nvlink line
  considering line: [fatbinary --create="tmp/a_dlink.fatbin" -64 --cicc-cmdline="-ftz=0 -prec_div=1 -prec_sqrt=1 -fmad=1 " -link "--image3=kind=elf,sm=52,file=tmp/a_dlink.sm_52.cubin" --embedded-fatbin="tmp/a_dlink.fatbin.c" ]
  considering line: [gcc -D__CUDA_ARCH_LIST__=520 -c -x c++ -DFATBINFILE="\"tmp/a_dlink.fatbin.c\"" -DREGISTERLINKBINARYFILE="\"tmp/a_dlink.reg.c\"" -I. -D__NV_EXTRA_INITIALIZATION= -D__NV_EXTRA_FINALIZATION= -D__CUDA_INCLUDE_COMPILER_INTERNAL_HEADERS__  "-I/opt/nvidia/hpc_sdk/Linux_x86_64/22.5/cuda/11.7/bin/../targets/x86_64-linux/include"    -D__CUDACC_VER_MAJOR__=11 -D__CUDACC_VER_MINOR__=7 -D__CUDACC_VER_BUILD__=64 -D__CUDA_API_VER_MAJOR__=11 -D__CUDA_API_VER_MINOR__=7 -D__NVCC_DIAG_PRAGMA_SUPPORT__=1 -m64 "/opt/nvidia/hpc_sdk/Linux_x86_64/22.5/cuda/11.7/bin/crt/link.stub" -o "tmp/a_dlink.o" ]
  considering line: [g++ -D__CUDA_ARCH_LIST__=520 -m64 -Wl,--start-group "tmp/a_dlink.o" "tmp/CMakeCUDACompilerId.o"   "-L/opt/nvidia/hpc_sdk/Linux_x86_64/22.5/cuda/11.7/bin/../targets/x86_64-linux/lib/stubs" "-L/opt/nvidia/hpc_sdk/Linux_x86_64/22.5/cuda/11.7/bin/../targets/x86_64-linux/lib"  -lcudadevrt  -lcudart_static  -lrt -lpthread  -ldl  -Wl,--end-group -o "a.out" ]
    extracted link line: [g++ -D__CUDA_ARCH_LIST__=520 -m64 -Wl,--start-group "tmp/a_dlink.o" "tmp/CMakeCUDACompilerId.o"   "-L/opt/nvidia/hpc_sdk/Linux_x86_64/22.5/cuda/11.7/bin/../targets/x86_64-linux/lib/stubs" "-L/opt/nvidia/hpc_sdk/Linux_x86_64/22.5/cuda/11.7/bin/../targets/x86_64-linux/lib"  -lcudadevrt  -lcudart_static  -lrt -lpthread  -ldl  -Wl,--end-group -o "a.out" ]
  considering line: []
  extracted link launcher name: [g++]
  found link launcher absolute path: [/opt/cray/pe/gcc/11.2.0/bin/g++]
  found 'INCLUDES=' string: ["-I/opt/nvidia/hpc_sdk/Linux_x86_64/22.5/cuda/11.7/bin/../targets/x86_64-linux/include"  ]

  link line regex: [^( *|.*[/\])(ld|CMAKE_LINK_STARTFILE-NOTFOUND|([^/\]+-)?ld|collect2)[^/\]*( |$)]
  link line: [cuda-fake-ld g++ -D__CUDA_ARCH_LIST__=520 -m64 -Wl,--start-group "tmp/a_dlink.o" "tmp/CMakeCUDACompilerId.o"   "-L/opt/nvidia/hpc_sdk/Linux_x86_64/22.5/cuda/11.7/bin/../targets/x86_64-linux/lib/stubs" "-L/opt/nvidia/hpc_sdk/Linux_x86_64/22.5/cuda/11.7/bin/../targets/x86_64-linux/lib"  -lcudadevrt  -lcudart_static  -lrt -lpthread  -ldl  -Wl,--end-group -o "a.out" ]
    arg [cuda-fake-ld] ==> ignore
    arg [g++] ==> ignore
    arg [-D__CUDA_ARCH_LIST__=520] ==> ignore
    arg [-m64] ==> ignore
    arg [-Wl,--start-group] ==> ignore
    arg [tmp/a_dlink.o] ==> ignore
    arg [tmp/CMakeCUDACompilerId.o] ==> ignore
    arg [-L/opt/nvidia/hpc_sdk/Linux_x86_64/22.5/cuda/11.7/bin/../targets/x86_64-linux/lib/stubs] ==> dir [/opt/nvidia/hpc_sdk/Linux_x86_64/22.5/cuda/11.7/bin/../targets/x86_64-linux/lib/stubs]
    arg [-L/opt/nvidia/hpc_sdk/Linux_x86_64/22.5/cuda/11.7/bin/../targets/x86_64-linux/lib] ==> dir [/opt/nvidia/hpc_sdk/Linux_x86_64/22.5/cuda/11.7/bin/../targets/x86_64-linux/lib]
    arg [-lcudadevrt] ==> lib [cudadevrt]
    arg [-lcudart_static] ==> lib [cudart_static]
    arg [-lrt] ==> lib [rt]
    arg [-lpthread] ==> lib [pthread]
    arg [-ldl] ==> lib [dl]
    arg [-Wl,--end-group] ==> ignore
    arg [-o] ==> ignore
    arg [a.out] ==> ignore
  collapse library dir [/opt/nvidia/hpc_sdk/Linux_x86_64/22.5/cuda/11.7/bin/../targets/x86_64-linux/lib/stubs] ==> [/opt/nvidia/hpc_sdk/Linux_x86_64/22.5/cuda/11.7/targets/x86_64-linux/lib/stubs]
  collapse library dir [/opt/nvidia/hpc_sdk/Linux_x86_64/22.5/cuda/11.7/bin/../targets/x86_64-linux/lib] ==> [/opt/nvidia/hpc_sdk/Linux_x86_64/22.5/cuda/11.7/targets/x86_64-linux/lib]
  implicit libs: [cudadevrt;cudart_static;rt;pthread;dl]
  implicit objs: []
  implicit dirs: [/opt/nvidia/hpc_sdk/Linux_x86_64/22.5/cuda/11.7/targets/x86_64-linux/lib/stubs;/opt/nvidia/hpc_sdk/Linux_x86_64/22.5/cuda/11.7/targets/x86_64-linux/lib]
  implicit fwks: []


Detecting CUDA compiler ABI info compiled with the following output:
Change Dir: /global/cfs/cdirs/m2956/nanding/myprojects/multi-GPU/superlu_dist/build_perlmutter_1122/CMakeFiles/CheckCUDA/CMakeFiles/CMakeTmp

Run Build Command(s):/usr/bin/gmake -f Makefile cmTC_9767b/fast && /usr/bin/gmake  -f CMakeFiles/cmTC_9767b.dir/build.make CMakeFiles/cmTC_9767b.dir/build
gmake[1]: Entering directory '/global/cfs/cdirs/m2956/nanding/myprojects/multi-GPU/superlu_dist/build_perlmutter_1122/CMakeFiles/CheckCUDA/CMakeFiles/CMakeTmp'
Building CUDA object CMakeFiles/cmTC_9767b.dir/CMakeCUDACompilerABI.cu.o
/opt/nvidia/hpc_sdk/Linux_x86_64/22.5/cuda/11.7/bin/nvcc -forward-unknown-to-host-compiler   --generate-code=arch=compute_52,code=[compute_52,sm_52]   -Xcompiler=-v -MD -MT CMakeFiles/cmTC_9767b.dir/CMakeCUDACompilerABI.cu.o -MF CMakeFiles/cmTC_9767b.dir/CMakeCUDACompilerABI.cu.o.d -x cu -c /global/common/software/nersc/pm-2021q4/sw/cmake-3.22.0/share/cmake-3.22/Modules/CMakeCUDACompilerABI.cu -o CMakeFiles/cmTC_9767b.dir/CMakeCUDACompilerABI.cu.o
Using built-in specs.
COLLECT_GCC=/opt/cray/pe/gcc/11.2.0/bin/../snos/bin/gcc
Target: x86_64-suse-linux
Configured with: ../cpe-gcc-11.2.0-202108140355.9bf1fd589a5c1/configure --prefix=/opt/cray/pe/gcc/11.2.0/snos --disable-nls --libdir=/opt/cray/pe/gcc/11.2.0/snos/lib --enable-languages=c,c++,fortran --with-gxx-include-dir=/opt/cray/pe/gcc/11.2.0/snos/include/g++ --with-slibdir=/opt/cray/pe/gcc/11.2.0/snos/lib --with-system-zlib --enable-shared --enable-__cxa_atexit --build=x86_64-suse-linux --with-ppl --with-cloog --disable-multilib
Thread model: posix
Supported LTO compression algorithms: zlib
gcc version 11.2.0 20210728 (Cray Inc.) (GCC) 
COLLECT_GCC_OPTIONS='-D' '__CUDA_ARCH__=520' '-D' '__CUDA_ARCH_LIST__=520' '-E' '-D' 'CUDA_DOUBLE_MATH_FUNCTIONS' '-D' '__CUDACC__' '-D' '__NVCC__' '-v' '-I' '/opt/nvidia/hpc_sdk/Linux_x86_64/22.5/cuda/11.7/bin/../targets/x86_64-linux/include' '-D' '__CUDACC_VER_MAJOR__=11' '-D' '__CUDACC_VER_MINOR__=7' '-D' '__CUDACC_VER_BUILD__=64' '-D' '__CUDA_API_VER_MAJOR__=11' '-D' '__CUDA_API_VER_MINOR__=7' '-D' '__NVCC_DIAG_PRAGMA_SUPPORT__=1' '-include' 'cuda_runtime.h' '-m64' '-o' '/tmp/tmpxft_000268af_00000000-7_CMakeCUDACompilerABI.cpp1.ii' '-mtune=generic' '-march=x86-64' '-dumpdir' '/tmp/'
 /opt/cray/pe/gcc/11.2.0/snos/libexec/gcc/x86_64-suse-linux/11.2.0/cc1plus -E -quiet -v -I /opt/nvidia/hpc_sdk/Linux_x86_64/22.5/cuda/11.7/bin/../targets/x86_64-linux/include -D_GNU_SOURCE -D __CUDA_ARCH__=520 -D __CUDA_ARCH_LIST__=520 -D CUDA_DOUBLE_MATH_FUNCTIONS -D __CUDACC__ -D __NVCC__ -D __CUDACC_VER_MAJOR__=11 -D __CUDACC_VER_MINOR__=7 -D __CUDACC_VER_BUILD__=64 -D __CUDA_API_VER_MAJOR__=11 -D __CUDA_API_VER_MINOR__=7 -D __NVCC_DIAG_PRAGMA_SUPPORT__=1 -include cuda_runtime.h /global/common/software/nersc/pm-2021q4/sw/cmake-3.22.0/share/cmake-3.22/Modules/CMakeCUDACompilerABI.cu -o /tmp/tmpxft_000268af_00000000-7_CMakeCUDACompilerABI.cpp1.ii -m64 -mtune=generic -march=x86-64 -dumpdir /tmp/ -dumpbase tmpxft_000268af_00000000-7_CMakeCUDACompilerABI.cpp1.cu -dumpbase-ext .cu
ignoring nonexistent directory "/opt/cray/pe/gcc/11.2.0/snos/lib/gcc/x86_64-suse-linux/11.2.0/../../../../x86_64-suse-linux/include"
ignoring duplicate directory "/opt/nvidia/hpc_sdk/Linux_x86_64/22.5/cuda/11.7/include"
#include "..." search starts here:
#include <...> search starts here:
 /opt/nvidia/hpc_sdk/Linux_x86_64/22.5/cuda/11.7/bin/../targets/x86_64-linux/include
 /opt/nvidia/hpc_sdk/Linux_x86_64/22.5/math_libs/11.7/include
 /opt/cray/pe/gcc/11.2.0/snos/include/g++
 /opt/cray/pe/gcc/11.2.0/snos/include/g++/x86_64-suse-linux
 /opt/cray/pe/gcc/11.2.0/snos/include/g++/backward
 /opt/cray/pe/gcc/11.2.0/snos/lib/gcc/x86_64-suse-linux/11.2.0/include
 /usr/local/include
 /opt/cray/pe/gcc/11.2.0/snos/include
 /opt/cray/pe/gcc/11.2.0/snos/lib/gcc/x86_64-suse-linux/11.2.0/include-fixed
 /usr/include
End of search list.
COMPILER_PATH=/opt/cray/pe/gcc/11.2.0/snos/libexec/gcc/x86_64-suse-linux/11.2.0/:/opt/cray/pe/gcc/11.2.0/snos/libexec/gcc/x86_64-suse-linux/11.2.0/:/opt/cray/pe/gcc/11.2.0/snos/libexec/gcc/x86_64-suse-linux/:/opt/cray/pe/gcc/11.2.0/snos/lib/gcc/x86_64-suse-linux/11.2.0/:/opt/cray/pe/gcc/11.2.0/snos/lib/gcc/x86_64-suse-linux/
LIBRARY_PATH=/opt/cray/pe/gcc/11.2.0/snos/lib/gcc/x86_64-suse-linux/11.2.0/:/opt/cray/pe/gcc/11.2.0/snos/lib/gcc/x86_64-suse-linux/11.2.0/../../../../lib64/:/lib/../lib64/:/usr/lib/../lib64/:/opt/cray/pe/gcc/11.2.0/snos/lib/gcc/x86_64-suse-linux/11.2.0/../../../:/lib/:/usr/lib/
COLLECT_GCC_OPTIONS='-D' '__CUDA_ARCH__=520' '-D' '__CUDA_ARCH_LIST__=520' '-E' '-D' 'CUDA_DOUBLE_MATH_FUNCTIONS' '-D' '__CUDACC__' '-D' '__NVCC__' '-v' '-I' '/opt/nvidia/hpc_sdk/Linux_x86_64/22.5/cuda/11.7/bin/../targets/x86_64-linux/include' '-D' '__CUDACC_VER_MAJOR__=11' '-D' '__CUDACC_VER_MINOR__=7' '-D' '__CUDACC_VER_BUILD__=64' '-D' '__CUDA_API_VER_MAJOR__=11' '-D' '__CUDA_API_VER_MINOR__=7' '-D' '__NVCC_DIAG_PRAGMA_SUPPORT__=1' '-include' 'cuda_runtime.h' '-m64' '-o' '/tmp/tmpxft_000268af_00000000-7_CMakeCUDACompilerABI.cpp1.ii' '-mtune=generic' '-march=x86-64' '-dumpdir' '/tmp/tmpxft_000268af_00000000-7_CMakeCUDACompilerABI.cpp1.'
Using built-in specs.
COLLECT_GCC=/opt/cray/pe/gcc/11.2.0/bin/../snos/bin/gcc
Target: x86_64-suse-linux
Configured with: ../cpe-gcc-11.2.0-202108140355.9bf1fd589a5c1/configure --prefix=/opt/cray/pe/gcc/11.2.0/snos --disable-nls --libdir=/opt/cray/pe/gcc/11.2.0/snos/lib --enable-languages=c,c++,fortran --with-gxx-include-dir=/opt/cray/pe/gcc/11.2.0/snos/include/g++ --with-slibdir=/opt/cray/pe/gcc/11.2.0/snos/lib --with-system-zlib --enable-shared --enable-__cxa_atexit --build=x86_64-suse-linux --with-ppl --with-cloog --disable-multilib
Thread model: posix
Supported LTO compression algorithms: zlib
gcc version 11.2.0 20210728 (Cray Inc.) (GCC) 
COLLECT_GCC_OPTIONS='-D' '__CUDA_ARCH_LIST__=520' '-E' '-D' '__CUDACC__' '-D' '__NVCC__' '-v' '-I' '/opt/nvidia/hpc_sdk/Linux_x86_64/22.5/cuda/11.7/bin/../targets/x86_64-linux/include' '-D' '__CUDACC_VER_MAJOR__=11' '-D' '__CUDACC_VER_MINOR__=7' '-D' '__CUDACC_VER_BUILD__=64' '-D' '__CUDA_API_VER_MAJOR__=11' '-D' '__CUDA_API_VER_MINOR__=7' '-D' '__NVCC_DIAG_PRAGMA_SUPPORT__=1' '-include' 'cuda_runtime.h' '-m64' '-o' '/tmp/tmpxft_000268af_00000000-5_CMakeCUDACompilerABI.cpp4.ii' '-mtune=generic' '-march=x86-64' '-dumpdir' '/tmp/'
 /opt/cray/pe/gcc/11.2.0/snos/libexec/gcc/x86_64-suse-linux/11.2.0/cc1plus -E -quiet -v -I /opt/nvidia/hpc_sdk/Linux_x86_64/22.5/cuda/11.7/bin/../targets/x86_64-linux/include -D_GNU_SOURCE -D __CUDA_ARCH_LIST__=520 -D __CUDACC__ -D __NVCC__ -D __CUDACC_VER_MAJOR__=11 -D __CUDACC_VER_MINOR__=7 -D __CUDACC_VER_BUILD__=64 -D __CUDA_API_VER_MAJOR__=11 -D __CUDA_API_VER_MINOR__=7 -D __NVCC_DIAG_PRAGMA_SUPPORT__=1 -include cuda_runtime.h /global/common/software/nersc/pm-2021q4/sw/cmake-3.22.0/share/cmake-3.22/Modules/CMakeCUDACompilerABI.cu -o /tmp/tmpxft_000268af_00000000-5_CMakeCUDACompilerABI.cpp4.ii -m64 -mtune=generic -march=x86-64 -dumpdir /tmp/ -dumpbase tmpxft_000268af_00000000-5_CMakeCUDACompilerABI.cpp4.cu -dumpbase-ext .cu
ignoring nonexistent directory "/opt/cray/pe/gcc/11.2.0/snos/lib/gcc/x86_64-suse-linux/11.2.0/../../../../x86_64-suse-linux/include"
ignoring duplicate directory "/opt/nvidia/hpc_sdk/Linux_x86_64/22.5/cuda/11.7/include"
#include "..." search starts here:
#include <...> search starts here:
 /opt/nvidia/hpc_sdk/Linux_x86_64/22.5/cuda/11.7/bin/../targets/x86_64-linux/include
 /opt/nvidia/hpc_sdk/Linux_x86_64/22.5/math_libs/11.7/include
 /opt/cray/pe/gcc/11.2.0/snos/include/g++
 /opt/cray/pe/gcc/11.2.0/snos/include/g++/x86_64-suse-linux
 /opt/cray/pe/gcc/11.2.0/snos/include/g++/backward
 /opt/cray/pe/gcc/11.2.0/snos/lib/gcc/x86_64-suse-linux/11.2.0/include
 /usr/local/include
 /opt/cray/pe/gcc/11.2.0/snos/include
 /opt/cray/pe/gcc/11.2.0/snos/lib/gcc/x86_64-suse-linux/11.2.0/include-fixed
 /usr/include
End of search list.
COMPILER_PATH=/opt/cray/pe/gcc/11.2.0/snos/libexec/gcc/x86_64-suse-linux/11.2.0/:/opt/cray/pe/gcc/11.2.0/snos/libexec/gcc/x86_64-suse-linux/11.2.0/:/opt/cray/pe/gcc/11.2.0/snos/libexec/gcc/x86_64-suse-linux/:/opt/cray/pe/gcc/11.2.0/snos/lib/gcc/x86_64-suse-linux/11.2.0/:/opt/cray/pe/gcc/11.2.0/snos/lib/gcc/x86_64-suse-linux/
LIBRARY_PATH=/opt/cray/pe/gcc/11.2.0/snos/lib/gcc/x86_64-suse-linux/11.2.0/:/opt/cray/pe/gcc/11.2.0/snos/lib/gcc/x86_64-suse-linux/11.2.0/../../../../lib64/:/lib/../lib64/:/usr/lib/../lib64/:/opt/cray/pe/gcc/11.2.0/snos/lib/gcc/x86_64-suse-linux/11.2.0/../../../:/lib/:/usr/lib/
COLLECT_GCC_OPTIONS='-D' '__CUDA_ARCH_LIST__=520' '-E' '-D' '__CUDACC__' '-D' '__NVCC__' '-v' '-I' '/opt/nvidia/hpc_sdk/Linux_x86_64/22.5/cuda/11.7/bin/../targets/x86_64-linux/include' '-D' '__CUDACC_VER_MAJOR__=11' '-D' '__CUDACC_VER_MINOR__=7' '-D' '__CUDACC_VER_BUILD__=64' '-D' '__CUDA_API_VER_MAJOR__=11' '-D' '__CUDA_API_VER_MINOR__=7' '-D' '__NVCC_DIAG_PRAGMA_SUPPORT__=1' '-include' 'cuda_runtime.h' '-m64' '-o' '/tmp/tmpxft_000268af_00000000-5_CMakeCUDACompilerABI.cpp4.ii' '-mtune=generic' '-march=x86-64' '-dumpdir' '/tmp/tmpxft_000268af_00000000-5_CMakeCUDACompilerABI.cpp4.'
Using built-in specs.
COLLECT_GCC=/opt/cray/pe/gcc/11.2.0/bin/../snos/bin/gcc
Target: x86_64-suse-linux
Configured with: ../cpe-gcc-11.2.0-202108140355.9bf1fd589a5c1/configure --prefix=/opt/cray/pe/gcc/11.2.0/snos --disable-nls --libdir=/opt/cray/pe/gcc/11.2.0/snos/lib --enable-languages=c,c++,fortran --with-gxx-include-dir=/opt/cray/pe/gcc/11.2.0/snos/include/g++ --with-slibdir=/opt/cray/pe/gcc/11.2.0/snos/lib --with-system-zlib --enable-shared --enable-__cxa_atexit --build=x86_64-suse-linux --with-ppl --with-cloog --disable-multilib
Thread model: posix
Supported LTO compression algorithms: zlib
gcc version 11.2.0 20210728 (Cray Inc.) (GCC) 
COLLECT_GCC_OPTIONS='-D' '__CUDA_ARCH__=520' '-D' '__CUDA_ARCH_LIST__=520' '-c' '-D' 'CUDA_DOUBLE_MATH_FUNCTIONS' '-v' '-I' '/opt/nvidia/hpc_sdk/Linux_x86_64/22.5/cuda/11.7/bin/../targets/x86_64-linux/include' '-m64' '-o' 'CMakeFiles/cmTC_9767b.dir/CMakeCUDACompilerABI.cu.o' '-mtune=generic' '-march=x86-64' '-dumpdir' 'CMakeFiles/cmTC_9767b.dir/'
 /opt/cray/pe/gcc/11.2.0/snos/libexec/gcc/x86_64-suse-linux/11.2.0/cc1plus -quiet -v -I /opt/nvidia/hpc_sdk/Linux_x86_64/22.5/cuda/11.7/bin/../targets/x86_64-linux/include -D_GNU_SOURCE -D __CUDA_ARCH__=520 -D __CUDA_ARCH_LIST__=520 -D CUDA_DOUBLE_MATH_FUNCTIONS /tmp/tmpxft_000268af_00000000-6_CMakeCUDACompilerABI.cudafe1.cpp -quiet -dumpdir CMakeFiles/cmTC_9767b.dir/ -dumpbase CMakeCUDACompilerABI.cu.cpp -dumpbase-ext .cpp -m64 -mtune=generic -march=x86-64 -version -o /tmp/ccKmSuDf.s
GNU C++17 (GCC) version 11.2.0 20210728 (Cray Inc.) (x86_64-suse-linux)
	compiled by GNU C version 11.2.0 20210728 (Cray Inc.), GMP version 6.0.0, MPFR version 3.1.3, MPC version 1.0.3, isl version isl-0.15-GMP

GGC heuristics: --param ggc-min-expand=100 --param ggc-min-heapsize=131072
ignoring nonexistent directory "/opt/cray/pe/gcc/11.2.0/snos/lib/gcc/x86_64-suse-linux/11.2.0/../../../../x86_64-suse-linux/include"
ignoring duplicate directory "/opt/nvidia/hpc_sdk/Linux_x86_64/22.5/cuda/11.7/include"
#include "..." search starts here:
#include <...> search starts here:
 /opt/nvidia/hpc_sdk/Linux_x86_64/22.5/cuda/11.7/bin/../targets/x86_64-linux/include
 /opt/nvidia/hpc_sdk/Linux_x86_64/22.5/math_libs/11.7/include
 /opt/cray/pe/gcc/11.2.0/snos/include/g++
 /opt/cray/pe/gcc/11.2.0/snos/include/g++/x86_64-suse-linux
 /opt/cray/pe/gcc/11.2.0/snos/include/g++/backward
 /opt/cray/pe/gcc/11.2.0/snos/lib/gcc/x86_64-suse-linux/11.2.0/include
 /usr/local/include
 /opt/cray/pe/gcc/11.2.0/snos/include
 /opt/cray/pe/gcc/11.2.0/snos/lib/gcc/x86_64-suse-linux/11.2.0/include-fixed
 /usr/include
End of search list.
GNU C++17 (GCC) version 11.2.0 20210728 (Cray Inc.) (x86_64-suse-linux)
	compiled by GNU C version 11.2.0 20210728 (Cray Inc.), GMP version 6.0.0, MPFR version 3.1.3, MPC version 1.0.3, isl version isl-0.15-GMP

GGC heuristics: --param ggc-min-expand=100 --param ggc-min-heapsize=131072
Compiler executable checksum: 3d4a383112e4401915c216e400980bff
COLLECT_GCC_OPTIONS='-D' '__CUDA_ARCH__=520' '-D' '__CUDA_ARCH_LIST__=520' '-c' '-D' 'CUDA_DOUBLE_MATH_FUNCTIONS' '-v' '-I' '/opt/nvidia/hpc_sdk/Linux_x86_64/22.5/cuda/11.7/bin/../targets/x86_64-linux/include' '-m64' '-o' 'CMakeFiles/cmTC_9767b.dir/CMakeCUDACompilerABI.cu.o' '-mtune=generic' '-march=x86-64' '-dumpdir' 'CMakeFiles/cmTC_9767b.dir/'
 as -v -I /opt/nvidia/hpc_sdk/Linux_x86_64/22.5/cuda/11.7/bin/../targets/x86_64-linux/include --64 -o CMakeFiles/cmTC_9767b.dir/CMakeCUDACompilerABI.cu.o /tmp/ccKmSuDf.s
GNU assembler version 2.37 (x86_64-suse-linux) using BFD version (GNU Binutils; SUSE Linux Enterprise 15) 2.37.20211103-150100.7.37
COMPILER_PATH=/opt/cray/pe/gcc/11.2.0/snos/libexec/gcc/x86_64-suse-linux/11.2.0/:/opt/cray/pe/gcc/11.2.0/snos/libexec/gcc/x86_64-suse-linux/11.2.0/:/opt/cray/pe/gcc/11.2.0/snos/libexec/gcc/x86_64-suse-linux/:/opt/cray/pe/gcc/11.2.0/snos/lib/gcc/x86_64-suse-linux/11.2.0/:/opt/cray/pe/gcc/11.2.0/snos/lib/gcc/x86_64-suse-linux/
LIBRARY_PATH=/opt/cray/pe/gcc/11.2.0/snos/lib/gcc/x86_64-suse-linux/11.2.0/:/opt/cray/pe/gcc/11.2.0/snos/lib/gcc/x86_64-suse-linux/11.2.0/../../../../lib64/:/lib/../lib64/:/usr/lib/../lib64/:/opt/cray/pe/gcc/11.2.0/snos/lib/gcc/x86_64-suse-linux/11.2.0/../../../:/lib/:/usr/lib/
COLLECT_GCC_OPTIONS='-D' '__CUDA_ARCH__=520' '-D' '__CUDA_ARCH_LIST__=520' '-c' '-D' 'CUDA_DOUBLE_MATH_FUNCTIONS' '-v' '-I' '/opt/nvidia/hpc_sdk/Linux_x86_64/22.5/cuda/11.7/bin/../targets/x86_64-linux/include' '-m64' '-o' 'CMakeFiles/cmTC_9767b.dir/CMakeCUDACompilerABI.cu.o' '-mtune=generic' '-march=x86-64' '-dumpdir' 'CMakeFiles/cmTC_9767b.dir/CMakeCUDACompilerABI.cu.'
Linking CUDA executable cmTC_9767b
/global/common/software/nersc/pm-2021q4/sw/cmake-3.22.0/bin/cmake -E cmake_link_script CMakeFiles/cmTC_9767b.dir/link.txt --verbose=1
/opt/cray/pe/gcc/11.2.0/bin/g++  -v CMakeFiles/cmTC_9767b.dir/CMakeCUDACompilerABI.cu.o -o cmTC_9767b  -lcudadevrt -lcudart_static -lrt -lpthread -ldl  -L"/opt/nvidia/hpc_sdk/Linux_x86_64/22.5/cuda/11.7/targets/x86_64-linux/lib/stubs" -L"/opt/nvidia/hpc_sdk/Linux_x86_64/22.5/cuda/11.7/targets/x86_64-linux/lib"
Using built-in specs.
COLLECT_GCC=/opt/cray/pe/gcc/11.2.0/bin/../snos/bin/g++
COLLECT_LTO_WRAPPER=/opt/cray/pe/gcc/11.2.0/snos/libexec/gcc/x86_64-suse-linux/11.2.0/lto-wrapper
Target: x86_64-suse-linux
Configured with: ../cpe-gcc-11.2.0-202108140355.9bf1fd589a5c1/configure --prefix=/opt/cray/pe/gcc/11.2.0/snos --disable-nls --libdir=/opt/cray/pe/gcc/11.2.0/snos/lib --enable-languages=c,c++,fortran --with-gxx-include-dir=/opt/cray/pe/gcc/11.2.0/snos/include/g++ --with-slibdir=/opt/cray/pe/gcc/11.2.0/snos/lib --with-system-zlib --enable-shared --enable-__cxa_atexit --build=x86_64-suse-linux --with-ppl --with-cloog --disable-multilib
Thread model: posix
Supported LTO compression algorithms: zlib
gcc version 11.2.0 20210728 (Cray Inc.) (GCC) 
COMPILER_PATH=/opt/cray/pe/gcc/11.2.0/snos/libexec/gcc/x86_64-suse-linux/11.2.0/:/opt/cray/pe/gcc/11.2.0/snos/libexec/gcc/x86_64-suse-linux/11.2.0/:/opt/cray/pe/gcc/11.2.0/snos/libexec/gcc/x86_64-suse-linux/:/opt/cray/pe/gcc/11.2.0/snos/lib/gcc/x86_64-suse-linux/11.2.0/:/opt/cray/pe/gcc/11.2.0/snos/lib/gcc/x86_64-suse-linux/
LIBRARY_PATH=/opt/cray/pe/gcc/11.2.0/snos/lib/gcc/x86_64-suse-linux/11.2.0/:/opt/cray/pe/gcc/11.2.0/snos/lib/gcc/x86_64-suse-linux/11.2.0/../../../../lib64/:/lib/../lib64/:/usr/lib/../lib64/:/opt/cray/pe/gcc/11.2.0/snos/lib/gcc/x86_64-suse-linux/11.2.0/../../../:/lib/:/usr/lib/
COLLECT_GCC_OPTIONS='-v' '-o' 'cmTC_9767b' '-L/opt/nvidia/hpc_sdk/Linux_x86_64/22.5/cuda/11.7/targets/x86_64-linux/lib/stubs' '-L/opt/nvidia/hpc_sdk/Linux_x86_64/22.5/cuda/11.7/targets/x86_64-linux/lib' '-shared-libgcc' '-mtune=generic' '-march=x86-64' '-dumpdir' 'cmTC_9767b.'
 /opt/cray/pe/gcc/11.2.0/snos/libexec/gcc/x86_64-suse-linux/11.2.0/collect2 -plugin /opt/cray/pe/gcc/11.2.0/snos/libexec/gcc/x86_64-suse-linux/11.2.0/liblto_plugin.so -plugin-opt=/opt/cray/pe/gcc/11.2.0/snos/libexec/gcc/x86_64-suse-linux/11.2.0/lto-wrapper -plugin-opt=-fresolution=/tmp/ccHonfPX.res -plugin-opt=-pass-through=-lgcc_s -plugin-opt=-pass-through=-lgcc -plugin-opt=-pass-through=-lc -plugin-opt=-pass-through=-lgcc_s -plugin-opt=-pass-through=-lgcc --eh-frame-hdr -m elf_x86_64 -dynamic-linker /lib64/ld-linux-x86-64.so.2 -o cmTC_9767b /usr/lib/../lib64/crt1.o /usr/lib/../lib64/crti.o /opt/cray/pe/gcc/11.2.0/snos/lib/gcc/x86_64-suse-linux/11.2.0/crtbegin.o -L/opt/nvidia/hpc_sdk/Linux_x86_64/22.5/cuda/11.7/targets/x86_64-linux/lib/stubs -L/opt/nvidia/hpc_sdk/Linux_x86_64/22.5/cuda/11.7/targets/x86_64-linux/lib -L/opt/cray/pe/gcc/11.2.0/snos/lib/gcc/x86_64-suse-linux/11.2.0 -L/opt/cray/pe/gcc/11.2.0/snos/lib/gcc/x86_64-suse-linux/11.2.0/../../../../lib64 -L/lib/../lib64 -L/usr/lib/../lib64 -L/opt/cray/pe/gcc/11.2.0/snos/lib/gcc/x86_64-suse-linux/11.2.0/../../.. CMakeFiles/cmTC_9767b.dir/CMakeCUDACompilerABI.cu.o -lcudadevrt -lcudart_static -lrt -lpthread -ldl -lstdc++ -lm -lgcc_s -lgcc -lc -lgcc_s -lgcc /opt/cray/pe/gcc/11.2.0/snos/lib/gcc/x86_64-suse-linux/11.2.0/crtend.o /usr/lib/../lib64/crtn.o
COLLECT_GCC_OPTIONS='-v' '-o' 'cmTC_9767b' '-L/opt/nvidia/hpc_sdk/Linux_x86_64/22.5/cuda/11.7/targets/x86_64-linux/lib/stubs' '-L/opt/nvidia/hpc_sdk/Linux_x86_64/22.5/cuda/11.7/targets/x86_64-linux/lib' '-shared-libgcc' '-mtune=generic' '-march=x86-64' '-dumpdir' 'cmTC_9767b.'
gmake[1]: Leaving directory '/global/cfs/cdirs/m2956/nanding/myprojects/multi-GPU/superlu_dist/build_perlmutter_1122/CMakeFiles/CheckCUDA/CMakeFiles/CMakeTmp'



Parsed CUDA implicit include dir info from above output: rv=done
  found start of include info
  found start of implicit include info
    add: [/opt/nvidia/hpc_sdk/Linux_x86_64/22.5/cuda/11.7/bin/../targets/x86_64-linux/include]
    add: [/opt/nvidia/hpc_sdk/Linux_x86_64/22.5/math_libs/11.7/include]
    add: [/opt/cray/pe/gcc/11.2.0/snos/include/g++]
    add: [/opt/cray/pe/gcc/11.2.0/snos/include/g++/x86_64-suse-linux]
    add: [/opt/cray/pe/gcc/11.2.0/snos/include/g++/backward]
    add: [/opt/cray/pe/gcc/11.2.0/snos/lib/gcc/x86_64-suse-linux/11.2.0/include]
    add: [/usr/local/include]
    add: [/opt/cray/pe/gcc/11.2.0/snos/include]
    add: [/opt/cray/pe/gcc/11.2.0/snos/lib/gcc/x86_64-suse-linux/11.2.0/include-fixed]
    add: [/usr/include]
  end of search list found
  collapse include dir [/opt/nvidia/hpc_sdk/Linux_x86_64/22.5/cuda/11.7/bin/../targets/x86_64-linux/include] ==> [/opt/nvidia/hpc_sdk/Linux_x86_64/22.5/cuda/11.7/targets/x86_64-linux/include]
  collapse include dir [/opt/nvidia/hpc_sdk/Linux_x86_64/22.5/math_libs/11.7/include] ==> [/opt/nvidia/hpc_sdk/Linux_x86_64/22.5/math_libs/11.7/include]
  collapse include dir [/opt/cray/pe/gcc/11.2.0/snos/include/g++] ==> [/opt/cray/pe/gcc/11.2.0/snos/include/g++]
  collapse include dir [/opt/cray/pe/gcc/11.2.0/snos/include/g++/x86_64-suse-linux] ==> [/opt/cray/pe/gcc/11.2.0/snos/include/g++/x86_64-suse-linux]
  collapse include dir [/opt/cray/pe/gcc/11.2.0/snos/include/g++/backward] ==> [/opt/cray/pe/gcc/11.2.0/snos/include/g++/backward]
  collapse include dir [/opt/cray/pe/gcc/11.2.0/snos/lib/gcc/x86_64-suse-linux/11.2.0/include] ==> [/opt/cray/pe/gcc/11.2.0/snos/lib/gcc/x86_64-suse-linux/11.2.0/include]
  collapse include dir [/usr/local/include] ==> [/usr/local/include]
  collapse include dir [/opt/cray/pe/gcc/11.2.0/snos/include] ==> [/opt/cray/pe/gcc/11.2.0/snos/include]
  collapse include dir [/opt/cray/pe/gcc/11.2.0/snos/lib/gcc/x86_64-suse-linux/11.2.0/include-fixed] ==> [/opt/cray/pe/gcc/11.2.0/snos/lib/gcc/x86_64-suse-linux/11.2.0/include-fixed]
  collapse include dir [/usr/include] ==> [/usr/include]
  implicit include dirs: [/opt/nvidia/hpc_sdk/Linux_x86_64/22.5/cuda/11.7/targets/x86_64-linux/include;/opt/nvidia/hpc_sdk/Linux_x86_64/22.5/math_libs/11.7/include;/opt/cray/pe/gcc/11.2.0/snos/include/g++;/opt/cray/pe/gcc/11.2.0/snos/include/g++/x86_64-suse-linux;/opt/cray/pe/gcc/11.2.0/snos/include/g++/backward;/opt/cray/pe/gcc/11.2.0/snos/lib/gcc/x86_64-suse-linux/11.2.0/include;/usr/local/include;/opt/cray/pe/gcc/11.2.0/snos/include;/opt/cray/pe/gcc/11.2.0/snos/lib/gcc/x86_64-suse-linux/11.2.0/include-fixed;/usr/include]


Parsed CUDA implicit link information from above output:
  link line regex: [^( *|.*[/\])(ld|CMAKE_LINK_STARTFILE-NOTFOUND|([^/\]+-)?ld|collect2)[^/\]*( |$)]
  ignore line: [Change Dir: /global/cfs/cdirs/m2956/nanding/myprojects/multi-GPU/superlu_dist/build_perlmutter_1122/CMakeFiles/CheckCUDA/CMakeFiles/CMakeTmp]
  ignore line: []
  ignore line: [Run Build Command(s):/usr/bin/gmake -f Makefile cmTC_9767b/fast && /usr/bin/gmake  -f CMakeFiles/cmTC_9767b.dir/build.make CMakeFiles/cmTC_9767b.dir/build]
  ignore line: [gmake[1]: Entering directory '/global/cfs/cdirs/m2956/nanding/myprojects/multi-GPU/superlu_dist/build_perlmutter_1122/CMakeFiles/CheckCUDA/CMakeFiles/CMakeTmp']
  ignore line: [Building CUDA object CMakeFiles/cmTC_9767b.dir/CMakeCUDACompilerABI.cu.o]
  ignore line: [/opt/nvidia/hpc_sdk/Linux_x86_64/22.5/cuda/11.7/bin/nvcc -forward-unknown-to-host-compiler   --generate-code=arch=compute_52 code=[compute_52 sm_52]   -Xcompiler=-v -MD -MT CMakeFiles/cmTC_9767b.dir/CMakeCUDACompilerABI.cu.o -MF CMakeFiles/cmTC_9767b.dir/CMakeCUDACompilerABI.cu.o.d -x cu -c /global/common/software/nersc/pm-2021q4/sw/cmake-3.22.0/share/cmake-3.22/Modules/CMakeCUDACompilerABI.cu -o CMakeFiles/cmTC_9767b.dir/CMakeCUDACompilerABI.cu.o]
  ignore line: [Using built-in specs.]
  ignore line: [COLLECT_GCC=/opt/cray/pe/gcc/11.2.0/bin/../snos/bin/gcc]
  ignore line: [Target: x86_64-suse-linux]
  ignore line: [Configured with: ../cpe-gcc-11.2.0-202108140355.9bf1fd589a5c1/configure --prefix=/opt/cray/pe/gcc/11.2.0/snos --disable-nls --libdir=/opt/cray/pe/gcc/11.2.0/snos/lib --enable-languages=c c++ fortran --with-gxx-include-dir=/opt/cray/pe/gcc/11.2.0/snos/include/g++ --with-slibdir=/opt/cray/pe/gcc/11.2.0/snos/lib --with-system-zlib --enable-shared --enable-__cxa_atexit --build=x86_64-suse-linux --with-ppl --with-cloog --disable-multilib]
  ignore line: [Thread model: posix]
  ignore line: [Supported LTO compression algorithms: zlib]
  ignore line: [gcc version 11.2.0 20210728 (Cray Inc.) (GCC) ]
  ignore line: [COLLECT_GCC_OPTIONS='-D' '__CUDA_ARCH__=520' '-D' '__CUDA_ARCH_LIST__=520' '-E' '-D' 'CUDA_DOUBLE_MATH_FUNCTIONS' '-D' '__CUDACC__' '-D' '__NVCC__' '-v' '-I' '/opt/nvidia/hpc_sdk/Linux_x86_64/22.5/cuda/11.7/bin/../targets/x86_64-linux/include' '-D' '__CUDACC_VER_MAJOR__=11' '-D' '__CUDACC_VER_MINOR__=7' '-D' '__CUDACC_VER_BUILD__=64' '-D' '__CUDA_API_VER_MAJOR__=11' '-D' '__CUDA_API_VER_MINOR__=7' '-D' '__NVCC_DIAG_PRAGMA_SUPPORT__=1' '-include' 'cuda_runtime.h' '-m64' '-o' '/tmp/tmpxft_000268af_00000000-7_CMakeCUDACompilerABI.cpp1.ii' '-mtune=generic' '-march=x86-64' '-dumpdir' '/tmp/']
  ignore line: [ /opt/cray/pe/gcc/11.2.0/snos/libexec/gcc/x86_64-suse-linux/11.2.0/cc1plus -E -quiet -v -I /opt/nvidia/hpc_sdk/Linux_x86_64/22.5/cuda/11.7/bin/../targets/x86_64-linux/include -D_GNU_SOURCE -D __CUDA_ARCH__=520 -D __CUDA_ARCH_LIST__=520 -D CUDA_DOUBLE_MATH_FUNCTIONS -D __CUDACC__ -D __NVCC__ -D __CUDACC_VER_MAJOR__=11 -D __CUDACC_VER_MINOR__=7 -D __CUDACC_VER_BUILD__=64 -D __CUDA_API_VER_MAJOR__=11 -D __CUDA_API_VER_MINOR__=7 -D __NVCC_DIAG_PRAGMA_SUPPORT__=1 -include cuda_runtime.h /global/common/software/nersc/pm-2021q4/sw/cmake-3.22.0/share/cmake-3.22/Modules/CMakeCUDACompilerABI.cu -o /tmp/tmpxft_000268af_00000000-7_CMakeCUDACompilerABI.cpp1.ii -m64 -mtune=generic -march=x86-64 -dumpdir /tmp/ -dumpbase tmpxft_000268af_00000000-7_CMakeCUDACompilerABI.cpp1.cu -dumpbase-ext .cu]
  ignore line: [ignoring nonexistent directory "/opt/cray/pe/gcc/11.2.0/snos/lib/gcc/x86_64-suse-linux/11.2.0/../../../../x86_64-suse-linux/include"]
  ignore line: [ignoring duplicate directory "/opt/nvidia/hpc_sdk/Linux_x86_64/22.5/cuda/11.7/include"]
  ignore line: [#include "..." search starts here:]
  ignore line: [#include <...> search starts here:]
  ignore line: [ /opt/nvidia/hpc_sdk/Linux_x86_64/22.5/cuda/11.7/bin/../targets/x86_64-linux/include]
  ignore line: [ /opt/nvidia/hpc_sdk/Linux_x86_64/22.5/math_libs/11.7/include]
  ignore line: [ /opt/cray/pe/gcc/11.2.0/snos/include/g++]
  ignore line: [ /opt/cray/pe/gcc/11.2.0/snos/include/g++/x86_64-suse-linux]
  ignore line: [ /opt/cray/pe/gcc/11.2.0/snos/include/g++/backward]
  ignore line: [ /opt/cray/pe/gcc/11.2.0/snos/lib/gcc/x86_64-suse-linux/11.2.0/include]
  ignore line: [ /usr/local/include]
  ignore line: [ /opt/cray/pe/gcc/11.2.0/snos/include]
  ignore line: [ /opt/cray/pe/gcc/11.2.0/snos/lib/gcc/x86_64-suse-linux/11.2.0/include-fixed]
  ignore line: [ /usr/include]
  ignore line: [End of search list.]
  ignore line: [COMPILER_PATH=/opt/cray/pe/gcc/11.2.0/snos/libexec/gcc/x86_64-suse-linux/11.2.0/:/opt/cray/pe/gcc/11.2.0/snos/libexec/gcc/x86_64-suse-linux/11.2.0/:/opt/cray/pe/gcc/11.2.0/snos/libexec/gcc/x86_64-suse-linux/:/opt/cray/pe/gcc/11.2.0/snos/lib/gcc/x86_64-suse-linux/11.2.0/:/opt/cray/pe/gcc/11.2.0/snos/lib/gcc/x86_64-suse-linux/]
  ignore line: [LIBRARY_PATH=/opt/cray/pe/gcc/11.2.0/snos/lib/gcc/x86_64-suse-linux/11.2.0/:/opt/cray/pe/gcc/11.2.0/snos/lib/gcc/x86_64-suse-linux/11.2.0/../../../../lib64/:/lib/../lib64/:/usr/lib/../lib64/:/opt/cray/pe/gcc/11.2.0/snos/lib/gcc/x86_64-suse-linux/11.2.0/../../../:/lib/:/usr/lib/]
  ignore line: [COLLECT_GCC_OPTIONS='-D' '__CUDA_ARCH__=520' '-D' '__CUDA_ARCH_LIST__=520' '-E' '-D' 'CUDA_DOUBLE_MATH_FUNCTIONS' '-D' '__CUDACC__' '-D' '__NVCC__' '-v' '-I' '/opt/nvidia/hpc_sdk/Linux_x86_64/22.5/cuda/11.7/bin/../targets/x86_64-linux/include' '-D' '__CUDACC_VER_MAJOR__=11' '-D' '__CUDACC_VER_MINOR__=7' '-D' '__CUDACC_VER_BUILD__=64' '-D' '__CUDA_API_VER_MAJOR__=11' '-D' '__CUDA_API_VER_MINOR__=7' '-D' '__NVCC_DIAG_PRAGMA_SUPPORT__=1' '-include' 'cuda_runtime.h' '-m64' '-o' '/tmp/tmpxft_000268af_00000000-7_CMakeCUDACompilerABI.cpp1.ii' '-mtune=generic' '-march=x86-64' '-dumpdir' '/tmp/tmpxft_000268af_00000000-7_CMakeCUDACompilerABI.cpp1.']
  ignore line: [Using built-in specs.]
  ignore line: [COLLECT_GCC=/opt/cray/pe/gcc/11.2.0/bin/../snos/bin/gcc]
  ignore line: [Target: x86_64-suse-linux]
  ignore line: [Configured with: ../cpe-gcc-11.2.0-202108140355.9bf1fd589a5c1/configure --prefix=/opt/cray/pe/gcc/11.2.0/snos --disable-nls --libdir=/opt/cray/pe/gcc/11.2.0/snos/lib --enable-languages=c c++ fortran --with-gxx-include-dir=/opt/cray/pe/gcc/11.2.0/snos/include/g++ --with-slibdir=/opt/cray/pe/gcc/11.2.0/snos/lib --with-system-zlib --enable-shared --enable-__cxa_atexit --build=x86_64-suse-linux --with-ppl --with-cloog --disable-multilib]
  ignore line: [Thread model: posix]
  ignore line: [Supported LTO compression algorithms: zlib]
  ignore line: [gcc version 11.2.0 20210728 (Cray Inc.) (GCC) ]
  ignore line: [COLLECT_GCC_OPTIONS='-D' '__CUDA_ARCH_LIST__=520' '-E' '-D' '__CUDACC__' '-D' '__NVCC__' '-v' '-I' '/opt/nvidia/hpc_sdk/Linux_x86_64/22.5/cuda/11.7/bin/../targets/x86_64-linux/include' '-D' '__CUDACC_VER_MAJOR__=11' '-D' '__CUDACC_VER_MINOR__=7' '-D' '__CUDACC_VER_BUILD__=64' '-D' '__CUDA_API_VER_MAJOR__=11' '-D' '__CUDA_API_VER_MINOR__=7' '-D' '__NVCC_DIAG_PRAGMA_SUPPORT__=1' '-include' 'cuda_runtime.h' '-m64' '-o' '/tmp/tmpxft_000268af_00000000-5_CMakeCUDACompilerABI.cpp4.ii' '-mtune=generic' '-march=x86-64' '-dumpdir' '/tmp/']
  ignore line: [ /opt/cray/pe/gcc/11.2.0/snos/libexec/gcc/x86_64-suse-linux/11.2.0/cc1plus -E -quiet -v -I /opt/nvidia/hpc_sdk/Linux_x86_64/22.5/cuda/11.7/bin/../targets/x86_64-linux/include -D_GNU_SOURCE -D __CUDA_ARCH_LIST__=520 -D __CUDACC__ -D __NVCC__ -D __CUDACC_VER_MAJOR__=11 -D __CUDACC_VER_MINOR__=7 -D __CUDACC_VER_BUILD__=64 -D __CUDA_API_VER_MAJOR__=11 -D __CUDA_API_VER_MINOR__=7 -D __NVCC_DIAG_PRAGMA_SUPPORT__=1 -include cuda_runtime.h /global/common/software/nersc/pm-2021q4/sw/cmake-3.22.0/share/cmake-3.22/Modules/CMakeCUDACompilerABI.cu -o /tmp/tmpxft_000268af_00000000-5_CMakeCUDACompilerABI.cpp4.ii -m64 -mtune=generic -march=x86-64 -dumpdir /tmp/ -dumpbase tmpxft_000268af_00000000-5_CMakeCUDACompilerABI.cpp4.cu -dumpbase-ext .cu]
  ignore line: [ignoring nonexistent directory "/opt/cray/pe/gcc/11.2.0/snos/lib/gcc/x86_64-suse-linux/11.2.0/../../../../x86_64-suse-linux/include"]
  ignore line: [ignoring duplicate directory "/opt/nvidia/hpc_sdk/Linux_x86_64/22.5/cuda/11.7/include"]
  ignore line: [#include "..." search starts here:]
  ignore line: [#include <...> search starts here:]
  ignore line: [ /opt/nvidia/hpc_sdk/Linux_x86_64/22.5/cuda/11.7/bin/../targets/x86_64-linux/include]
  ignore line: [ /opt/nvidia/hpc_sdk/Linux_x86_64/22.5/math_libs/11.7/include]
  ignore line: [ /opt/cray/pe/gcc/11.2.0/snos/include/g++]
  ignore line: [ /opt/cray/pe/gcc/11.2.0/snos/include/g++/x86_64-suse-linux]
  ignore line: [ /opt/cray/pe/gcc/11.2.0/snos/include/g++/backward]
  ignore line: [ /opt/cray/pe/gcc/11.2.0/snos/lib/gcc/x86_64-suse-linux/11.2.0/include]
  ignore line: [ /usr/local/include]
  ignore line: [ /opt/cray/pe/gcc/11.2.0/snos/include]
  ignore line: [ /opt/cray/pe/gcc/11.2.0/snos/lib/gcc/x86_64-suse-linux/11.2.0/include-fixed]
  ignore line: [ /usr/include]
  ignore line: [End of search list.]
  ignore line: [COMPILER_PATH=/opt/cray/pe/gcc/11.2.0/snos/libexec/gcc/x86_64-suse-linux/11.2.0/:/opt/cray/pe/gcc/11.2.0/snos/libexec/gcc/x86_64-suse-linux/11.2.0/:/opt/cray/pe/gcc/11.2.0/snos/libexec/gcc/x86_64-suse-linux/:/opt/cray/pe/gcc/11.2.0/snos/lib/gcc/x86_64-suse-linux/11.2.0/:/opt/cray/pe/gcc/11.2.0/snos/lib/gcc/x86_64-suse-linux/]
  ignore line: [LIBRARY_PATH=/opt/cray/pe/gcc/11.2.0/snos/lib/gcc/x86_64-suse-linux/11.2.0/:/opt/cray/pe/gcc/11.2.0/snos/lib/gcc/x86_64-suse-linux/11.2.0/../../../../lib64/:/lib/../lib64/:/usr/lib/../lib64/:/opt/cray/pe/gcc/11.2.0/snos/lib/gcc/x86_64-suse-linux/11.2.0/../../../:/lib/:/usr/lib/]
  ignore line: [COLLECT_GCC_OPTIONS='-D' '__CUDA_ARCH_LIST__=520' '-E' '-D' '__CUDACC__' '-D' '__NVCC__' '-v' '-I' '/opt/nvidia/hpc_sdk/Linux_x86_64/22.5/cuda/11.7/bin/../targets/x86_64-linux/include' '-D' '__CUDACC_VER_MAJOR__=11' '-D' '__CUDACC_VER_MINOR__=7' '-D' '__CUDACC_VER_BUILD__=64' '-D' '__CUDA_API_VER_MAJOR__=11' '-D' '__CUDA_API_VER_MINOR__=7' '-D' '__NVCC_DIAG_PRAGMA_SUPPORT__=1' '-include' 'cuda_runtime.h' '-m64' '-o' '/tmp/tmpxft_000268af_00000000-5_CMakeCUDACompilerABI.cpp4.ii' '-mtune=generic' '-march=x86-64' '-dumpdir' '/tmp/tmpxft_000268af_00000000-5_CMakeCUDACompilerABI.cpp4.']
  ignore line: [Using built-in specs.]
  ignore line: [COLLECT_GCC=/opt/cray/pe/gcc/11.2.0/bin/../snos/bin/gcc]
  ignore line: [Target: x86_64-suse-linux]
  ignore line: [Configured with: ../cpe-gcc-11.2.0-202108140355.9bf1fd589a5c1/configure --prefix=/opt/cray/pe/gcc/11.2.0/snos --disable-nls --libdir=/opt/cray/pe/gcc/11.2.0/snos/lib --enable-languages=c c++ fortran --with-gxx-include-dir=/opt/cray/pe/gcc/11.2.0/snos/include/g++ --with-slibdir=/opt/cray/pe/gcc/11.2.0/snos/lib --with-system-zlib --enable-shared --enable-__cxa_atexit --build=x86_64-suse-linux --with-ppl --with-cloog --disable-multilib]
  ignore line: [Thread model: posix]
  ignore line: [Supported LTO compression algorithms: zlib]
  ignore line: [gcc version 11.2.0 20210728 (Cray Inc.) (GCC) ]
  ignore line: [COLLECT_GCC_OPTIONS='-D' '__CUDA_ARCH__=520' '-D' '__CUDA_ARCH_LIST__=520' '-c' '-D' 'CUDA_DOUBLE_MATH_FUNCTIONS' '-v' '-I' '/opt/nvidia/hpc_sdk/Linux_x86_64/22.5/cuda/11.7/bin/../targets/x86_64-linux/include' '-m64' '-o' 'CMakeFiles/cmTC_9767b.dir/CMakeCUDACompilerABI.cu.o' '-mtune=generic' '-march=x86-64' '-dumpdir' 'CMakeFiles/cmTC_9767b.dir/']
  ignore line: [ /opt/cray/pe/gcc/11.2.0/snos/libexec/gcc/x86_64-suse-linux/11.2.0/cc1plus -quiet -v -I /opt/nvidia/hpc_sdk/Linux_x86_64/22.5/cuda/11.7/bin/../targets/x86_64-linux/include -D_GNU_SOURCE -D __CUDA_ARCH__=520 -D __CUDA_ARCH_LIST__=520 -D CUDA_DOUBLE_MATH_FUNCTIONS /tmp/tmpxft_000268af_00000000-6_CMakeCUDACompilerABI.cudafe1.cpp -quiet -dumpdir CMakeFiles/cmTC_9767b.dir/ -dumpbase CMakeCUDACompilerABI.cu.cpp -dumpbase-ext .cpp -m64 -mtune=generic -march=x86-64 -version -o /tmp/ccKmSuDf.s]
  ignore line: [GNU C++17 (GCC) version 11.2.0 20210728 (Cray Inc.) (x86_64-suse-linux)]
  ignore line: [	compiled by GNU C version 11.2.0 20210728 (Cray Inc.)  GMP version 6.0.0  MPFR version 3.1.3  MPC version 1.0.3  isl version isl-0.15-GMP]
  ignore line: []
  ignore line: [GGC heuristics: --param ggc-min-expand=100 --param ggc-min-heapsize=131072]
  ignore line: [ignoring nonexistent directory "/opt/cray/pe/gcc/11.2.0/snos/lib/gcc/x86_64-suse-linux/11.2.0/../../../../x86_64-suse-linux/include"]
  ignore line: [ignoring duplicate directory "/opt/nvidia/hpc_sdk/Linux_x86_64/22.5/cuda/11.7/include"]
  ignore line: [#include "..." search starts here:]
  ignore line: [#include <...> search starts here:]
  ignore line: [ /opt/nvidia/hpc_sdk/Linux_x86_64/22.5/cuda/11.7/bin/../targets/x86_64-linux/include]
  ignore line: [ /opt/nvidia/hpc_sdk/Linux_x86_64/22.5/math_libs/11.7/include]
  ignore line: [ /opt/cray/pe/gcc/11.2.0/snos/include/g++]
  ignore line: [ /opt/cray/pe/gcc/11.2.0/snos/include/g++/x86_64-suse-linux]
  ignore line: [ /opt/cray/pe/gcc/11.2.0/snos/include/g++/backward]
  ignore line: [ /opt/cray/pe/gcc/11.2.0/snos/lib/gcc/x86_64-suse-linux/11.2.0/include]
  ignore line: [ /usr/local/include]
  ignore line: [ /opt/cray/pe/gcc/11.2.0/snos/include]
  ignore line: [ /opt/cray/pe/gcc/11.2.0/snos/lib/gcc/x86_64-suse-linux/11.2.0/include-fixed]
  ignore line: [ /usr/include]
  ignore line: [End of search list.]
  ignore line: [GNU C++17 (GCC) version 11.2.0 20210728 (Cray Inc.) (x86_64-suse-linux)]
  ignore line: [	compiled by GNU C version 11.2.0 20210728 (Cray Inc.)  GMP version 6.0.0  MPFR version 3.1.3  MPC version 1.0.3  isl version isl-0.15-GMP]
  ignore line: []
  ignore line: [GGC heuristics: --param ggc-min-expand=100 --param ggc-min-heapsize=131072]
  ignore line: [Compiler executable checksum: 3d4a383112e4401915c216e400980bff]
  ignore line: [COLLECT_GCC_OPTIONS='-D' '__CUDA_ARCH__=520' '-D' '__CUDA_ARCH_LIST__=520' '-c' '-D' 'CUDA_DOUBLE_MATH_FUNCTIONS' '-v' '-I' '/opt/nvidia/hpc_sdk/Linux_x86_64/22.5/cuda/11.7/bin/../targets/x86_64-linux/include' '-m64' '-o' 'CMakeFiles/cmTC_9767b.dir/CMakeCUDACompilerABI.cu.o' '-mtune=generic' '-march=x86-64' '-dumpdir' 'CMakeFiles/cmTC_9767b.dir/']
  ignore line: [ as -v -I /opt/nvidia/hpc_sdk/Linux_x86_64/22.5/cuda/11.7/bin/../targets/x86_64-linux/include --64 -o CMakeFiles/cmTC_9767b.dir/CMakeCUDACompilerABI.cu.o /tmp/ccKmSuDf.s]
  ignore line: [GNU assembler version 2.37 (x86_64-suse-linux) using BFD version (GNU Binutils]
  ignore line: [ SUSE Linux Enterprise 15) 2.37.20211103-150100.7.37]
  ignore line: [COMPILER_PATH=/opt/cray/pe/gcc/11.2.0/snos/libexec/gcc/x86_64-suse-linux/11.2.0/:/opt/cray/pe/gcc/11.2.0/snos/libexec/gcc/x86_64-suse-linux/11.2.0/:/opt/cray/pe/gcc/11.2.0/snos/libexec/gcc/x86_64-suse-linux/:/opt/cray/pe/gcc/11.2.0/snos/lib/gcc/x86_64-suse-linux/11.2.0/:/opt/cray/pe/gcc/11.2.0/snos/lib/gcc/x86_64-suse-linux/]
  ignore line: [LIBRARY_PATH=/opt/cray/pe/gcc/11.2.0/snos/lib/gcc/x86_64-suse-linux/11.2.0/:/opt/cray/pe/gcc/11.2.0/snos/lib/gcc/x86_64-suse-linux/11.2.0/../../../../lib64/:/lib/../lib64/:/usr/lib/../lib64/:/opt/cray/pe/gcc/11.2.0/snos/lib/gcc/x86_64-suse-linux/11.2.0/../../../:/lib/:/usr/lib/]
  ignore line: [COLLECT_GCC_OPTIONS='-D' '__CUDA_ARCH__=520' '-D' '__CUDA_ARCH_LIST__=520' '-c' '-D' 'CUDA_DOUBLE_MATH_FUNCTIONS' '-v' '-I' '/opt/nvidia/hpc_sdk/Linux_x86_64/22.5/cuda/11.7/bin/../targets/x86_64-linux/include' '-m64' '-o' 'CMakeFiles/cmTC_9767b.dir/CMakeCUDACompilerABI.cu.o' '-mtune=generic' '-march=x86-64' '-dumpdir' 'CMakeFiles/cmTC_9767b.dir/CMakeCUDACompilerABI.cu.']
  ignore line: [Linking CUDA executable cmTC_9767b]
  ignore line: [/global/common/software/nersc/pm-2021q4/sw/cmake-3.22.0/bin/cmake -E cmake_link_script CMakeFiles/cmTC_9767b.dir/link.txt --verbose=1]
  ignore line: [/opt/cray/pe/gcc/11.2.0/bin/g++  -v CMakeFiles/cmTC_9767b.dir/CMakeCUDACompilerABI.cu.o -o cmTC_9767b  -lcudadevrt -lcudart_static -lrt -lpthread -ldl  -L"/opt/nvidia/hpc_sdk/Linux_x86_64/22.5/cuda/11.7/targets/x86_64-linux/lib/stubs" -L"/opt/nvidia/hpc_sdk/Linux_x86_64/22.5/cuda/11.7/targets/x86_64-linux/lib"]
  ignore line: [Using built-in specs.]
  ignore line: [COLLECT_GCC=/opt/cray/pe/gcc/11.2.0/bin/../snos/bin/g++]
  ignore line: [COLLECT_LTO_WRAPPER=/opt/cray/pe/gcc/11.2.0/snos/libexec/gcc/x86_64-suse-linux/11.2.0/lto-wrapper]
  ignore line: [Target: x86_64-suse-linux]
  ignore line: [Configured with: ../cpe-gcc-11.2.0-202108140355.9bf1fd589a5c1/configure --prefix=/opt/cray/pe/gcc/11.2.0/snos --disable-nls --libdir=/opt/cray/pe/gcc/11.2.0/snos/lib --enable-languages=c c++ fortran --with-gxx-include-dir=/opt/cray/pe/gcc/11.2.0/snos/include/g++ --with-slibdir=/opt/cray/pe/gcc/11.2.0/snos/lib --with-system-zlib --enable-shared --enable-__cxa_atexit --build=x86_64-suse-linux --with-ppl --with-cloog --disable-multilib]
  ignore line: [Thread model: posix]
  ignore line: [Supported LTO compression algorithms: zlib]
  ignore line: [gcc version 11.2.0 20210728 (Cray Inc.) (GCC) ]
  ignore line: [COMPILER_PATH=/opt/cray/pe/gcc/11.2.0/snos/libexec/gcc/x86_64-suse-linux/11.2.0/:/opt/cray/pe/gcc/11.2.0/snos/libexec/gcc/x86_64-suse-linux/11.2.0/:/opt/cray/pe/gcc/11.2.0/snos/libexec/gcc/x86_64-suse-linux/:/opt/cray/pe/gcc/11.2.0/snos/lib/gcc/x86_64-suse-linux/11.2.0/:/opt/cray/pe/gcc/11.2.0/snos/lib/gcc/x86_64-suse-linux/]
  ignore line: [LIBRARY_PATH=/opt/cray/pe/gcc/11.2.0/snos/lib/gcc/x86_64-suse-linux/11.2.0/:/opt/cray/pe/gcc/11.2.0/snos/lib/gcc/x86_64-suse-linux/11.2.0/../../../../lib64/:/lib/../lib64/:/usr/lib/../lib64/:/opt/cray/pe/gcc/11.2.0/snos/lib/gcc/x86_64-suse-linux/11.2.0/../../../:/lib/:/usr/lib/]
  ignore line: [COLLECT_GCC_OPTIONS='-v' '-o' 'cmTC_9767b' '-L/opt/nvidia/hpc_sdk/Linux_x86_64/22.5/cuda/11.7/targets/x86_64-linux/lib/stubs' '-L/opt/nvidia/hpc_sdk/Linux_x86_64/22.5/cuda/11.7/targets/x86_64-linux/lib' '-shared-libgcc' '-mtune=generic' '-march=x86-64' '-dumpdir' 'cmTC_9767b.']
  link line: [ /opt/cray/pe/gcc/11.2.0/snos/libexec/gcc/x86_64-suse-linux/11.2.0/collect2 -plugin /opt/cray/pe/gcc/11.2.0/snos/libexec/gcc/x86_64-suse-linux/11.2.0/liblto_plugin.so -plugin-opt=/opt/cray/pe/gcc/11.2.0/snos/libexec/gcc/x86_64-suse-linux/11.2.0/lto-wrapper -plugin-opt=-fresolution=/tmp/ccHonfPX.res -plugin-opt=-pass-through=-lgcc_s -plugin-opt=-pass-through=-lgcc -plugin-opt=-pass-through=-lc -plugin-opt=-pass-through=-lgcc_s -plugin-opt=-pass-through=-lgcc --eh-frame-hdr -m elf_x86_64 -dynamic-linker /lib64/ld-linux-x86-64.so.2 -o cmTC_9767b /usr/lib/../lib64/crt1.o /usr/lib/../lib64/crti.o /opt/cray/pe/gcc/11.2.0/snos/lib/gcc/x86_64-suse-linux/11.2.0/crtbegin.o -L/opt/nvidia/hpc_sdk/Linux_x86_64/22.5/cuda/11.7/targets/x86_64-linux/lib/stubs -L/opt/nvidia/hpc_sdk/Linux_x86_64/22.5/cuda/11.7/targets/x86_64-linux/lib -L/opt/cray/pe/gcc/11.2.0/snos/lib/gcc/x86_64-suse-linux/11.2.0 -L/opt/cray/pe/gcc/11.2.0/snos/lib/gcc/x86_64-suse-linux/11.2.0/../../../../lib64 -L/lib/../lib64 -L/usr/lib/../lib64 -L/opt/cray/pe/gcc/11.2.0/snos/lib/gcc/x86_64-suse-linux/11.2.0/../../.. CMakeFiles/cmTC_9767b.dir/CMakeCUDACompilerABI.cu.o -lcudadevrt -lcudart_static -lrt -lpthread -ldl -lstdc++ -lm -lgcc_s -lgcc -lc -lgcc_s -lgcc /opt/cray/pe/gcc/11.2.0/snos/lib/gcc/x86_64-suse-linux/11.2.0/crtend.o /usr/lib/../lib64/crtn.o]
    arg [/opt/cray/pe/gcc/11.2.0/snos/libexec/gcc/x86_64-suse-linux/11.2.0/collect2] ==> ignore
    arg [-plugin] ==> ignore
    arg [/opt/cray/pe/gcc/11.2.0/snos/libexec/gcc/x86_64-suse-linux/11.2.0/liblto_plugin.so] ==> ignore
    arg [-plugin-opt=/opt/cray/pe/gcc/11.2.0/snos/libexec/gcc/x86_64-suse-linux/11.2.0/lto-wrapper] ==> ignore
    arg [-plugin-opt=-fresolution=/tmp/ccHonfPX.res] ==> ignore
    arg [-plugin-opt=-pass-through=-lgcc_s] ==> ignore
    arg [-plugin-opt=-pass-through=-lgcc] ==> ignore
    arg [-plugin-opt=-pass-through=-lc] ==> ignore
    arg [-plugin-opt=-pass-through=-lgcc_s] ==> ignore
    arg [-plugin-opt=-pass-through=-lgcc] ==> ignore
    arg [--eh-frame-hdr] ==> ignore
    arg [-m] ==> ignore
    arg [elf_x86_64] ==> ignore
    arg [-dynamic-linker] ==> ignore
    arg [/lib64/ld-linux-x86-64.so.2] ==> ignore
    arg [-o] ==> ignore
    arg [cmTC_9767b] ==> ignore
    arg [/usr/lib/../lib64/crt1.o] ==> obj [/usr/lib/../lib64/crt1.o]
    arg [/usr/lib/../lib64/crti.o] ==> obj [/usr/lib/../lib64/crti.o]
    arg [/opt/cray/pe/gcc/11.2.0/snos/lib/gcc/x86_64-suse-linux/11.2.0/crtbegin.o] ==> obj [/opt/cray/pe/gcc/11.2.0/snos/lib/gcc/x86_64-suse-linux/11.2.0/crtbegin.o]
    arg [-L/opt/nvidia/hpc_sdk/Linux_x86_64/22.5/cuda/11.7/targets/x86_64-linux/lib/stubs] ==> dir [/opt/nvidia/hpc_sdk/Linux_x86_64/22.5/cuda/11.7/targets/x86_64-linux/lib/stubs]
    arg [-L/opt/nvidia/hpc_sdk/Linux_x86_64/22.5/cuda/11.7/targets/x86_64-linux/lib] ==> dir [/opt/nvidia/hpc_sdk/Linux_x86_64/22.5/cuda/11.7/targets/x86_64-linux/lib]
    arg [-L/opt/cray/pe/gcc/11.2.0/snos/lib/gcc/x86_64-suse-linux/11.2.0] ==> dir [/opt/cray/pe/gcc/11.2.0/snos/lib/gcc/x86_64-suse-linux/11.2.0]
    arg [-L/opt/cray/pe/gcc/11.2.0/snos/lib/gcc/x86_64-suse-linux/11.2.0/../../../../lib64] ==> dir [/opt/cray/pe/gcc/11.2.0/snos/lib/gcc/x86_64-suse-linux/11.2.0/../../../../lib64]
    arg [-L/lib/../lib64] ==> dir [/lib/../lib64]
    arg [-L/usr/lib/../lib64] ==> dir [/usr/lib/../lib64]
    arg [-L/opt/cray/pe/gcc/11.2.0/snos/lib/gcc/x86_64-suse-linux/11.2.0/../../..] ==> dir [/opt/cray/pe/gcc/11.2.0/snos/lib/gcc/x86_64-suse-linux/11.2.0/../../..]
    arg [CMakeFiles/cmTC_9767b.dir/CMakeCUDACompilerABI.cu.o] ==> ignore
    arg [-lcudadevrt] ==> lib [cudadevrt]
    arg [-lcudart_static] ==> lib [cudart_static]
    arg [-lrt] ==> lib [rt]
    arg [-lpthread] ==> lib [pthread]
    arg [-ldl] ==> lib [dl]
    arg [-lstdc++] ==> lib [stdc++]
    arg [-lm] ==> lib [m]
    arg [-lgcc_s] ==> lib [gcc_s]
    arg [-lgcc] ==> lib [gcc]
    arg [-lc] ==> lib [c]
    arg [-lgcc_s] ==> lib [gcc_s]
    arg [-lgcc] ==> lib [gcc]
    arg [/opt/cray/pe/gcc/11.2.0/snos/lib/gcc/x86_64-suse-linux/11.2.0/crtend.o] ==> obj [/opt/cray/pe/gcc/11.2.0/snos/lib/gcc/x86_64-suse-linux/11.2.0/crtend.o]
    arg [/usr/lib/../lib64/crtn.o] ==> obj [/usr/lib/../lib64/crtn.o]
  collapse obj [/usr/lib/../lib64/crt1.o] ==> [/usr/lib64/crt1.o]
  collapse obj [/usr/lib/../lib64/crti.o] ==> [/usr/lib64/crti.o]
  collapse obj [/usr/lib/../lib64/crtn.o] ==> [/usr/lib64/crtn.o]
  collapse library dir [/opt/nvidia/hpc_sdk/Linux_x86_64/22.5/cuda/11.7/targets/x86_64-linux/lib/stubs] ==> [/opt/nvidia/hpc_sdk/Linux_x86_64/22.5/cuda/11.7/targets/x86_64-linux/lib/stubs]
  collapse library dir [/opt/nvidia/hpc_sdk/Linux_x86_64/22.5/cuda/11.7/targets/x86_64-linux/lib] ==> [/opt/nvidia/hpc_sdk/Linux_x86_64/22.5/cuda/11.7/targets/x86_64-linux/lib]
  collapse library dir [/opt/cray/pe/gcc/11.2.0/snos/lib/gcc/x86_64-suse-linux/11.2.0] ==> [/opt/cray/pe/gcc/11.2.0/snos/lib/gcc/x86_64-suse-linux/11.2.0]
  collapse library dir [/opt/cray/pe/gcc/11.2.0/snos/lib/gcc/x86_64-suse-linux/11.2.0/../../../../lib64] ==> [/opt/cray/pe/gcc/11.2.0/snos/lib64]
  collapse library dir [/lib/../lib64] ==> [/lib64]
  collapse library dir [/usr/lib/../lib64] ==> [/usr/lib64]
  collapse library dir [/opt/cray/pe/gcc/11.2.0/snos/lib/gcc/x86_64-suse-linux/11.2.0/../../..] ==> [/opt/cray/pe/gcc/11.2.0/snos/lib]
  implicit libs: [cudadevrt;cudart_static;rt;pthread;dl;stdc++;m;gcc_s;gcc;c;gcc_s;gcc]
  implicit objs: [/usr/lib64/crt1.o;/usr/lib64/crti.o;/opt/cray/pe/gcc/11.2.0/snos/lib/gcc/x86_64-suse-linux/11.2.0/crtbegin.o;/opt/cray/pe/gcc/11.2.0/snos/lib/gcc/x86_64-suse-linux/11.2.0/crtend.o;/usr/lib64/crtn.o]
  implicit dirs: [/opt/nvidia/hpc_sdk/Linux_x86_64/22.5/cuda/11.7/targets/x86_64-linux/lib/stubs;/opt/nvidia/hpc_sdk/Linux_x86_64/22.5/cuda/11.7/targets/x86_64-linux/lib;/opt/cray/pe/gcc/11.2.0/snos/lib/gcc/x86_64-suse-linux/11.2.0;/opt/cray/pe/gcc/11.2.0/snos/lib64;/lib64;/usr/lib64;/opt/cray/pe/gcc/11.2.0/snos/lib]
  implicit fwks: []


