cc -fast -m64 -std=c99 -Wall -openmp -I/global/homes/x/xiaoye/Edison/lib/parmetis-4.0.3_64/include -I/global/homes/x/xiaoye/Edison/lib/parmetis-4.0.3_64/metis/include -DDEBUGlevel=0 -DPRNTlevel=1 -DPROFlevel=0 -D_LONGINT  -DAdd_ -DUSE_VENDOR_BLAS -c dlangs.c 
cc -fast -m64 -std=c99 -Wall -openmp -I/global/homes/x/xiaoye/Edison/lib/parmetis-4.0.3_64/include -I/global/homes/x/xiaoye/Edison/lib/parmetis-4.0.3_64/metis/include -DDEBUGlevel=0 -DPRNTlevel=1 -DPROFlevel=0 -D_LONGINT  -DAdd_ -DUSE_VENDOR_BLAS -c dgsequ.c 
cc -fast -m64 -std=c99 -Wall -openmp -I/global/homes/x/xiaoye/Edison/lib/parmetis-4.0.3_64/include -I/global/homes/x/xiaoye/Edison/lib/parmetis-4.0.3_64/metis/include -DDEBUGlevel=0 -DPRNTlevel=1 -DPROFlevel=0 -D_LONGINT  -DAdd_ -DUSE_VENDOR_BLAS -c dlaqgs.c 
cc -fast -m64 -std=c99 -Wall -openmp -I/global/homes/x/xiaoye/Edison/lib/parmetis-4.0.3_64/include -I/global/homes/x/xiaoye/Edison/lib/parmetis-4.0.3_64/metis/include -DDEBUGlevel=0 -DPRNTlevel=1 -DPROFlevel=0 -D_LONGINT  -DAdd_ -DUSE_VENDOR_BLAS -c dutil.c 
cc -fast -m64 -std=c99 -Wall -openmp -I/global/homes/x/xiaoye/Edison/lib/parmetis-4.0.3_64/include -I/global/homes/x/xiaoye/Edison/lib/parmetis-4.0.3_64/metis/include -DDEBUGlevel=0 -DPRNTlevel=1 -DPROFlevel=0 -D_LONGINT  -DAdd_ -DUSE_VENDOR_BLAS -c dmemory.c 
cc -fast -m64 -std=c99 -Wall -openmp -I/global/homes/x/xiaoye/Edison/lib/parmetis-4.0.3_64/include -I/global/homes/x/xiaoye/Edison/lib/parmetis-4.0.3_64/metis/include -DDEBUGlevel=0 -DPRNTlevel=1 -DPROFlevel=0 -D_LONGINT  -DAdd_ -DUSE_VENDOR_BLAS -c dmyblas2.c 
cc -fast -m64 -std=c99 -Wall -openmp -I/global/homes/x/xiaoye/Edison/lib/parmetis-4.0.3_64/include -I/global/homes/x/xiaoye/Edison/lib/parmetis-4.0.3_64/metis/include -DDEBUGlevel=0 -DPRNTlevel=1 -DPROFlevel=0 -D_LONGINT  -DAdd_ -DUSE_VENDOR_BLAS -c dsp_blas2.c 
cc -fast -m64 -std=c99 -Wall -openmp -I/global/homes/x/xiaoye/Edison/lib/parmetis-4.0.3_64/include -I/global/homes/x/xiaoye/Edison/lib/parmetis-4.0.3_64/metis/include -DDEBUGlevel=0 -DPRNTlevel=1 -DPROFlevel=0 -D_LONGINT  -DAdd_ -DUSE_VENDOR_BLAS -c dsp_blas3.c 
cc -fast -m64 -std=c99 -Wall -openmp -I/global/homes/x/xiaoye/Edison/lib/parmetis-4.0.3_64/include -I/global/homes/x/xiaoye/Edison/lib/parmetis-4.0.3_64/metis/include -DDEBUGlevel=0 -DPRNTlevel=1 -DPROFlevel=0 -D_LONGINT  -DAdd_ -DUSE_VENDOR_BLAS -c pdgssvx.c 
cc -fast -m64 -std=c99 -Wall -openmp -I/global/homes/x/xiaoye/Edison/lib/parmetis-4.0.3_64/include -I/global/homes/x/xiaoye/Edison/lib/parmetis-4.0.3_64/metis/include -DDEBUGlevel=0 -DPRNTlevel=1 -DPROFlevel=0 -D_LONGINT  -DAdd_ -DUSE_VENDOR_BLAS -c pdgssvx_ABglobal.c 
cc -fast -m64 -std=c99 -Wall -openmp -I/global/homes/x/xiaoye/Edison/lib/parmetis-4.0.3_64/include -I/global/homes/x/xiaoye/Edison/lib/parmetis-4.0.3_64/metis/include -DDEBUGlevel=0 -DPRNTlevel=1 -DPROFlevel=0 -D_LONGINT  -DAdd_ -DUSE_VENDOR_BLAS -c dreadhb.c 
cc -fast -m64 -std=c99 -Wall -openmp -I/global/homes/x/xiaoye/Edison/lib/parmetis-4.0.3_64/include -I/global/homes/x/xiaoye/Edison/lib/parmetis-4.0.3_64/metis/include -DDEBUGlevel=0 -DPRNTlevel=1 -DPROFlevel=0 -D_LONGINT  -DAdd_ -DUSE_VENDOR_BLAS -c dreadrb.c 
cc -fast -m64 -std=c99 -Wall -openmp -I/global/homes/x/xiaoye/Edison/lib/parmetis-4.0.3_64/include -I/global/homes/x/xiaoye/Edison/lib/parmetis-4.0.3_64/metis/include -DDEBUGlevel=0 -DPRNTlevel=1 -DPROFlevel=0 -D_LONGINT  -DAdd_ -DUSE_VENDOR_BLAS -c dreadtriple.c 
cc -fast -m64 -std=c99 -Wall -openmp -I/global/homes/x/xiaoye/Edison/lib/parmetis-4.0.3_64/include -I/global/homes/x/xiaoye/Edison/lib/parmetis-4.0.3_64/metis/include -DDEBUGlevel=0 -DPRNTlevel=1 -DPROFlevel=0 -D_LONGINT  -DAdd_ -DUSE_VENDOR_BLAS -c dreadMM.c 
cc -fast -m64 -std=c99 -Wall -openmp -I/global/homes/x/xiaoye/Edison/lib/parmetis-4.0.3_64/include -I/global/homes/x/xiaoye/Edison/lib/parmetis-4.0.3_64/metis/include -DDEBUGlevel=0 -DPRNTlevel=1 -DPROFlevel=0 -D_LONGINT  -DAdd_ -DUSE_VENDOR_BLAS -c pdgsequ.c 
cc -fast -m64 -std=c99 -Wall -openmp -I/global/homes/x/xiaoye/Edison/lib/parmetis-4.0.3_64/include -I/global/homes/x/xiaoye/Edison/lib/parmetis-4.0.3_64/metis/include -DDEBUGlevel=0 -DPRNTlevel=1 -DPROFlevel=0 -D_LONGINT  -DAdd_ -DUSE_VENDOR_BLAS -c pdlaqgs.c 
cc -fast -m64 -std=c99 -Wall -openmp -I/global/homes/x/xiaoye/Edison/lib/parmetis-4.0.3_64/include -I/global/homes/x/xiaoye/Edison/lib/parmetis-4.0.3_64/metis/include -DDEBUGlevel=0 -DPRNTlevel=1 -DPROFlevel=0 -D_LONGINT  -DAdd_ -DUSE_VENDOR_BLAS -c dldperm_dist.c 
cc -fast -m64 -std=c99 -Wall -openmp -I/global/homes/x/xiaoye/Edison/lib/parmetis-4.0.3_64/include -I/global/homes/x/xiaoye/Edison/lib/parmetis-4.0.3_64/metis/include -DDEBUGlevel=0 -DPRNTlevel=1 -DPROFlevel=0 -D_LONGINT  -DAdd_ -DUSE_VENDOR_BLAS -c pdlangs.c 
cc -fast -m64 -std=c99 -Wall -openmp -I/global/homes/x/xiaoye/Edison/lib/parmetis-4.0.3_64/include -I/global/homes/x/xiaoye/Edison/lib/parmetis-4.0.3_64/metis/include -DDEBUGlevel=0 -DPRNTlevel=1 -DPROFlevel=0 -D_LONGINT  -DAdd_ -DUSE_VENDOR_BLAS -c pdutil.c 
cc -fast -m64 -std=c99 -Wall -openmp -I/global/homes/x/xiaoye/Edison/lib/parmetis-4.0.3_64/include -I/global/homes/x/xiaoye/Edison/lib/parmetis-4.0.3_64/metis/include -DDEBUGlevel=0 -DPRNTlevel=1 -DPROFlevel=0 -D_LONGINT  -DAdd_ -DUSE_VENDOR_BLAS -c pdsymbfact_distdata.c 
cc -fast -m64 -std=c99 -Wall -openmp -I/global/homes/x/xiaoye/Edison/lib/parmetis-4.0.3_64/include -I/global/homes/x/xiaoye/Edison/lib/parmetis-4.0.3_64/metis/include -DDEBUGlevel=0 -DPRNTlevel=1 -DPROFlevel=0 -D_LONGINT  -DAdd_ -DUSE_VENDOR_BLAS -c ddistribute.c 
cc -fast -m64 -std=c99 -Wall -openmp -I/global/homes/x/xiaoye/Edison/lib/parmetis-4.0.3_64/include -I/global/homes/x/xiaoye/Edison/lib/parmetis-4.0.3_64/metis/include -DDEBUGlevel=0 -DPRNTlevel=1 -DPROFlevel=0 -D_LONGINT  -DAdd_ -DUSE_VENDOR_BLAS -c pddistribute.c 
cc -fast -m64 -std=c99 -Wall -openmp -I/global/homes/x/xiaoye/Edison/lib/parmetis-4.0.3_64/include -I/global/homes/x/xiaoye/Edison/lib/parmetis-4.0.3_64/metis/include -DDEBUGlevel=0 -DPRNTlevel=1 -DPROFlevel=0 -D_LONGINT  -DAdd_ -DUSE_VENDOR_BLAS -c pdgstrf.c 
cc -fast -m64 -std=c99 -Wall -openmp -I/global/homes/x/xiaoye/Edison/lib/parmetis-4.0.3_64/include -I/global/homes/x/xiaoye/Edison/lib/parmetis-4.0.3_64/metis/include -DDEBUGlevel=0 -DPRNTlevel=1 -DPROFlevel=0 -D_LONGINT  -DAdd_ -DUSE_VENDOR_BLAS -c pdgstrf2.c 
cc -fast -m64 -std=c99 -Wall -openmp -I/global/homes/x/xiaoye/Edison/lib/parmetis-4.0.3_64/include -I/global/homes/x/xiaoye/Edison/lib/parmetis-4.0.3_64/metis/include -DDEBUGlevel=0 -DPRNTlevel=1 -DPROFlevel=0 -D_LONGINT  -DAdd_ -DUSE_VENDOR_BLAS -c pdgstrs.c 
cc -fast -m64 -std=c99 -Wall -openmp -I/global/homes/x/xiaoye/Edison/lib/parmetis-4.0.3_64/include -I/global/homes/x/xiaoye/Edison/lib/parmetis-4.0.3_64/metis/include -DDEBUGlevel=0 -DPRNTlevel=1 -DPROFlevel=0 -D_LONGINT  -DAdd_ -DUSE_VENDOR_BLAS -c pdgstrs1.c 
cc -fast -m64 -std=c99 -Wall -openmp -I/global/homes/x/xiaoye/Edison/lib/parmetis-4.0.3_64/include -I/global/homes/x/xiaoye/Edison/lib/parmetis-4.0.3_64/metis/include -DDEBUGlevel=0 -DPRNTlevel=1 -DPROFlevel=0 -D_LONGINT  -DAdd_ -DUSE_VENDOR_BLAS -c pdgstrs_lsum.c 
cc -fast -m64 -std=c99 -Wall -openmp -I/global/homes/x/xiaoye/Edison/lib/parmetis-4.0.3_64/include -I/global/homes/x/xiaoye/Edison/lib/parmetis-4.0.3_64/metis/include -DDEBUGlevel=0 -DPRNTlevel=1 -DPROFlevel=0 -D_LONGINT  -DAdd_ -DUSE_VENDOR_BLAS -c pdgstrs_Bglobal.c 
cc -fast -m64 -std=c99 -Wall -openmp -I/global/homes/x/xiaoye/Edison/lib/parmetis-4.0.3_64/include -I/global/homes/x/xiaoye/Edison/lib/parmetis-4.0.3_64/metis/include -DDEBUGlevel=0 -DPRNTlevel=1 -DPROFlevel=0 -D_LONGINT  -DAdd_ -DUSE_VENDOR_BLAS -c pdgsrfs.c 
cc -fast -m64 -std=c99 -Wall -openmp -I/global/homes/x/xiaoye/Edison/lib/parmetis-4.0.3_64/include -I/global/homes/x/xiaoye/Edison/lib/parmetis-4.0.3_64/metis/include -DDEBUGlevel=0 -DPRNTlevel=1 -DPROFlevel=0 -D_LONGINT  -DAdd_ -DUSE_VENDOR_BLAS -c pdgsmv.c 
cc -fast -m64 -std=c99 -Wall -openmp -I/global/homes/x/xiaoye/Edison/lib/parmetis-4.0.3_64/include -I/global/homes/x/xiaoye/Edison/lib/parmetis-4.0.3_64/metis/include -DDEBUGlevel=0 -DPRNTlevel=1 -DPROFlevel=0 -D_LONGINT  -DAdd_ -DUSE_VENDOR_BLAS -c pdgsrfs_ABXglobal.c 
cc -fast -m64 -std=c99 -Wall -openmp -I/global/homes/x/xiaoye/Edison/lib/parmetis-4.0.3_64/include -I/global/homes/x/xiaoye/Edison/lib/parmetis-4.0.3_64/metis/include -DDEBUGlevel=0 -DPRNTlevel=1 -DPROFlevel=0 -D_LONGINT  -DAdd_ -DUSE_VENDOR_BLAS -c pdgsmv_AXglobal.c 
cc -fast -m64 -std=c99 -Wall -openmp -I/global/homes/x/xiaoye/Edison/lib/parmetis-4.0.3_64/include -I/global/homes/x/xiaoye/Edison/lib/parmetis-4.0.3_64/metis/include -DDEBUGlevel=0 -DPRNTlevel=1 -DPROFlevel=0 -D_LONGINT  -DAdd_ -DUSE_VENDOR_BLAS -c sp_ienv.c 
cc -fast -m64 -std=c99 -Wall -openmp -I/global/homes/x/xiaoye/Edison/lib/parmetis-4.0.3_64/include -I/global/homes/x/xiaoye/Edison/lib/parmetis-4.0.3_64/metis/include -DDEBUGlevel=0 -DPRNTlevel=1 -DPROFlevel=0 -D_LONGINT  -DAdd_ -DUSE_VENDOR_BLAS -c etree.c 
cc -fast -m64 -std=c99 -Wall -openmp -I/global/homes/x/xiaoye/Edison/lib/parmetis-4.0.3_64/include -I/global/homes/x/xiaoye/Edison/lib/parmetis-4.0.3_64/metis/include -DDEBUGlevel=0 -DPRNTlevel=1 -DPROFlevel=0 -D_LONGINT  -DAdd_ -DUSE_VENDOR_BLAS -c sp_colorder.c 
cc -fast -m64 -std=c99 -Wall -openmp -I/global/homes/x/xiaoye/Edison/lib/parmetis-4.0.3_64/include -I/global/homes/x/xiaoye/Edison/lib/parmetis-4.0.3_64/metis/include -DDEBUGlevel=0 -DPRNTlevel=1 -DPROFlevel=0 -D_LONGINT  -DAdd_ -DUSE_VENDOR_BLAS -c get_perm_c.c 
cc -fast -m64 -std=c99 -Wall -openmp -I/global/homes/x/xiaoye/Edison/lib/parmetis-4.0.3_64/include -I/global/homes/x/xiaoye/Edison/lib/parmetis-4.0.3_64/metis/include -DDEBUGlevel=0 -DPRNTlevel=1 -DPROFlevel=0 -D_LONGINT  -DAdd_ -DUSE_VENDOR_BLAS -c mmd.c 
cc -fast -m64 -std=c99 -Wall -openmp -I/global/homes/x/xiaoye/Edison/lib/parmetis-4.0.3_64/include -I/global/homes/x/xiaoye/Edison/lib/parmetis-4.0.3_64/metis/include -DDEBUGlevel=0 -DPRNTlevel=1 -DPROFlevel=0 -D_LONGINT  -DAdd_ -DUSE_VENDOR_BLAS -c comm.c 
cc -fast -m64 -std=c99 -Wall -openmp -I/global/homes/x/xiaoye/Edison/lib/parmetis-4.0.3_64/include -I/global/homes/x/xiaoye/Edison/lib/parmetis-4.0.3_64/metis/include -DDEBUGlevel=0 -DPRNTlevel=1 -DPROFlevel=0 -D_LONGINT  -DAdd_ -DUSE_VENDOR_BLAS -c memory.c 
cc -fast -m64 -std=c99 -Wall -openmp -I/global/homes/x/xiaoye/Edison/lib/parmetis-4.0.3_64/include -I/global/homes/x/xiaoye/Edison/lib/parmetis-4.0.3_64/metis/include -DDEBUGlevel=0 -DPRNTlevel=1 -DPROFlevel=0 -D_LONGINT  -DAdd_ -DUSE_VENDOR_BLAS -c util.c 
cc -fast -m64 -std=c99 -Wall -openmp -I/global/homes/x/xiaoye/Edison/lib/parmetis-4.0.3_64/include -I/global/homes/x/xiaoye/Edison/lib/parmetis-4.0.3_64/metis/include -DDEBUGlevel=0 -DPRNTlevel=1 -DPROFlevel=0 -D_LONGINT  -DAdd_ -DUSE_VENDOR_BLAS -c superlu_grid.c 
cc -fast -m64 -std=c99 -Wall -openmp -I/global/homes/x/xiaoye/Edison/lib/parmetis-4.0.3_64/include -I/global/homes/x/xiaoye/Edison/lib/parmetis-4.0.3_64/metis/include -DDEBUGlevel=0 -DPRNTlevel=1 -DPROFlevel=0 -D_LONGINT  -DAdd_ -DUSE_VENDOR_BLAS -c pxerbla.c 
cc -fast -m64 -std=c99 -Wall -openmp -I/global/homes/x/xiaoye/Edison/lib/parmetis-4.0.3_64/include -I/global/homes/x/xiaoye/Edison/lib/parmetis-4.0.3_64/metis/include -DDEBUGlevel=0 -DPRNTlevel=1 -DPROFlevel=0 -D_LONGINT  -DAdd_ -DUSE_VENDOR_BLAS -c superlu_timer.c 
cc -fast -m64 -std=c99 -Wall -openmp -I/global/homes/x/xiaoye/Edison/lib/parmetis-4.0.3_64/include -I/global/homes/x/xiaoye/Edison/lib/parmetis-4.0.3_64/metis/include -DDEBUGlevel=0 -DPRNTlevel=1 -DPROFlevel=0 -D_LONGINT  -DAdd_ -DUSE_VENDOR_BLAS -c GetDiagU.c 
cc -fast -m64 -std=c99 -Wall -openmp -I/global/homes/x/xiaoye/Edison/lib/parmetis-4.0.3_64/include -I/global/homes/x/xiaoye/Edison/lib/parmetis-4.0.3_64/metis/include -DDEBUGlevel=0 -DPRNTlevel=1 -DPROFlevel=0 -D_LONGINT  -DAdd_ -DUSE_VENDOR_BLAS -c symbfact.c 
cc -fast -m64 -std=c99 -Wall -openmp -I/global/homes/x/xiaoye/Edison/lib/parmetis-4.0.3_64/include -I/global/homes/x/xiaoye/Edison/lib/parmetis-4.0.3_64/metis/include -DDEBUGlevel=0 -DPRNTlevel=1 -DPROFlevel=0 -D_LONGINT  -DAdd_ -DUSE_VENDOR_BLAS -c psymbfact.c 
cc -fast -m64 -std=c99 -Wall -openmp -I/global/homes/x/xiaoye/Edison/lib/parmetis-4.0.3_64/include -I/global/homes/x/xiaoye/Edison/lib/parmetis-4.0.3_64/metis/include -DDEBUGlevel=0 -DPRNTlevel=1 -DPROFlevel=0 -D_LONGINT  -DAdd_ -DUSE_VENDOR_BLAS -c psymbfact_util.c 
cc -fast -m64 -std=c99 -Wall -openmp -I/global/homes/x/xiaoye/Edison/lib/parmetis-4.0.3_64/include -I/global/homes/x/xiaoye/Edison/lib/parmetis-4.0.3_64/metis/include -DDEBUGlevel=0 -DPRNTlevel=1 -DPROFlevel=0 -D_LONGINT  -DAdd_ -DUSE_VENDOR_BLAS -c get_perm_c_parmetis.c 
get_perm_c_parmetis.c(241): warning #167: argument of type "int_t={long long} *" is incompatible with parameter of type "idx_t={int64_t={long}} *"
      ParMETIS_V3_NodeND(vtxdist_o, b_rowptr, b_colind, 
                         ^

get_perm_c_parmetis.c(241): warning #167: argument of type "int_t={long long} *" is incompatible with parameter of type "idx_t={int64_t={long}} *"
      ParMETIS_V3_NodeND(vtxdist_o, b_rowptr, b_colind, 
                                    ^

get_perm_c_parmetis.c(241): warning #167: argument of type "int_t={long long} *" is incompatible with parameter of type "idx_t={int64_t={long}} *"
      ParMETIS_V3_NodeND(vtxdist_o, b_rowptr, b_colind, 
                                              ^

get_perm_c_parmetis.c(242): warning #167: argument of type "int_t={long long} *" is incompatible with parameter of type "idx_t={int64_t={long}} *"
  		       &numflag, options,
  		       ^

get_perm_c_parmetis.c(242): warning #167: argument of type "int_t={long long} *" is incompatible with parameter of type "idx_t={int64_t={long}} *"
  		       &numflag, options,
  		                 ^

get_perm_c_parmetis.c(243): warning #167: argument of type "int_t={long long} *" is incompatible with parameter of type "idx_t={int64_t={long}} *"
  		       dist_order, l_sizes, metis_comm);
  		       ^

get_perm_c_parmetis.c(243): warning #167: argument of type "int_t={long long} *" is incompatible with parameter of type "idx_t={int64_t={long}} *"
  		       dist_order, l_sizes, metis_comm);
  		                   ^

cc -fast -m64 -std=c99 -Wall -openmp -I/global/homes/x/xiaoye/Edison/lib/parmetis-4.0.3_64/include -I/global/homes/x/xiaoye/Edison/lib/parmetis-4.0.3_64/metis/include -DDEBUGlevel=0 -DPRNTlevel=1 -DPROFlevel=0 -D_LONGINT  -DAdd_ -DUSE_VENDOR_BLAS -c mc64ad_dist.c 
cc -fast -m64 -std=c99 -Wall -openmp -I/global/homes/x/xiaoye/Edison/lib/parmetis-4.0.3_64/include -I/global/homes/x/xiaoye/Edison/lib/parmetis-4.0.3_64/metis/include -DDEBUGlevel=0 -DPRNTlevel=1 -DPROFlevel=0 -D_LONGINT  -DAdd_ -DUSE_VENDOR_BLAS -c static_schedule.c 
cc -fast -m64 -std=c99 -Wall -openmp -I/global/homes/x/xiaoye/Edison/lib/parmetis-4.0.3_64/include -I/global/homes/x/xiaoye/Edison/lib/parmetis-4.0.3_64/metis/include -DDEBUGlevel=0 -DPRNTlevel=1 -DPROFlevel=0 -D_LONGINT  -DAdd_ -DUSE_VENDOR_BLAS -c lsame.c 
cc -fast -m64 -std=c99 -Wall -openmp -I/global/homes/x/xiaoye/Edison/lib/parmetis-4.0.3_64/include -I/global/homes/x/xiaoye/Edison/lib/parmetis-4.0.3_64/metis/include -DDEBUGlevel=0 -DPRNTlevel=1 -DPROFlevel=0 -D_LONGINT  -DAdd_ -DUSE_VENDOR_BLAS -c xerbla.c 
cc -O0 -DAdd_ -c slamch.c
cc -O0 -DAdd_ -c dlamch.c
ar cr /global/homes/x/xiaoye/Release_Codes/SuperLU_DIST-branch/lib/libsuperlu_dist_4.1.a \
		dlangs.o dgsequ.o dlaqgs.o dutil.o dmemory.o dmyblas2.o dsp_blas2.o dsp_blas3.o pdgssvx.o pdgssvx_ABglobal.o dreadhb.o dreadrb.o dreadtriple.o dreadMM.o pdgsequ.o pdlaqgs.o dldperm_dist.o pdlangs.o pdutil.o pdsymbfact_distdata.o ddistribute.o pddistribute.o pdgstrf.o pdgstrf2.o pdgstrs.o pdgstrs1.o pdgstrs_lsum.o pdgstrs_Bglobal.o pdgsrfs.o pdgsmv.o pdgsrfs_ABXglobal.o pdgsmv_AXglobal.o  sp_ienv.o etree.o sp_colorder.o get_perm_c.o mmd.o comm.o memory.o util.o superlu_grid.o pxerbla.o superlu_timer.o GetDiagU.o symbfact.o psymbfact.o psymbfact_util.o get_perm_c_parmetis.o mc64ad_dist.o static_schedule.o lsame.o xerbla.o slamch.o dlamch.o
ranlib /global/homes/x/xiaoye/Release_Codes/SuperLU_DIST-branch/lib/libsuperlu_dist_4.1.a
cc -fast -m64 -std=c99 -Wall -openmp -I/global/homes/x/xiaoye/Edison/lib/parmetis-4.0.3_64/include -I/global/homes/x/xiaoye/Edison/lib/parmetis-4.0.3_64/metis/include -DDEBUGlevel=0 -DPRNTlevel=1 -DPROFlevel=0 -D_LONGINT  -DAdd_ -DUSE_VENDOR_BLAS -c dcomplex.c 
cc -fast -m64 -std=c99 -Wall -openmp -I/global/homes/x/xiaoye/Edison/lib/parmetis-4.0.3_64/include -I/global/homes/x/xiaoye/Edison/lib/parmetis-4.0.3_64/metis/include -DDEBUGlevel=0 -DPRNTlevel=1 -DPROFlevel=0 -D_LONGINT  -DAdd_ -DUSE_VENDOR_BLAS -c zlangs.c 
cc -fast -m64 -std=c99 -Wall -openmp -I/global/homes/x/xiaoye/Edison/lib/parmetis-4.0.3_64/include -I/global/homes/x/xiaoye/Edison/lib/parmetis-4.0.3_64/metis/include -DDEBUGlevel=0 -DPRNTlevel=1 -DPROFlevel=0 -D_LONGINT  -DAdd_ -DUSE_VENDOR_BLAS -c zgsequ.c 
cc -fast -m64 -std=c99 -Wall -openmp -I/global/homes/x/xiaoye/Edison/lib/parmetis-4.0.3_64/include -I/global/homes/x/xiaoye/Edison/lib/parmetis-4.0.3_64/metis/include -DDEBUGlevel=0 -DPRNTlevel=1 -DPROFlevel=0 -D_LONGINT  -DAdd_ -DUSE_VENDOR_BLAS -c zlaqgs.c 
cc -fast -m64 -std=c99 -Wall -openmp -I/global/homes/x/xiaoye/Edison/lib/parmetis-4.0.3_64/include -I/global/homes/x/xiaoye/Edison/lib/parmetis-4.0.3_64/metis/include -DDEBUGlevel=0 -DPRNTlevel=1 -DPROFlevel=0 -D_LONGINT  -DAdd_ -DUSE_VENDOR_BLAS -c zutil.c 
cc -fast -m64 -std=c99 -Wall -openmp -I/global/homes/x/xiaoye/Edison/lib/parmetis-4.0.3_64/include -I/global/homes/x/xiaoye/Edison/lib/parmetis-4.0.3_64/metis/include -DDEBUGlevel=0 -DPRNTlevel=1 -DPROFlevel=0 -D_LONGINT  -DAdd_ -DUSE_VENDOR_BLAS -c zmemory.c 
cc -fast -m64 -std=c99 -Wall -openmp -I/global/homes/x/xiaoye/Edison/lib/parmetis-4.0.3_64/include -I/global/homes/x/xiaoye/Edison/lib/parmetis-4.0.3_64/metis/include -DDEBUGlevel=0 -DPRNTlevel=1 -DPROFlevel=0 -D_LONGINT  -DAdd_ -DUSE_VENDOR_BLAS -c zmyblas2.c 
cc -fast -m64 -std=c99 -Wall -openmp -I/global/homes/x/xiaoye/Edison/lib/parmetis-4.0.3_64/include -I/global/homes/x/xiaoye/Edison/lib/parmetis-4.0.3_64/metis/include -DDEBUGlevel=0 -DPRNTlevel=1 -DPROFlevel=0 -D_LONGINT  -DAdd_ -DUSE_VENDOR_BLAS -c zsp_blas2.c 
cc -fast -m64 -std=c99 -Wall -openmp -I/global/homes/x/xiaoye/Edison/lib/parmetis-4.0.3_64/include -I/global/homes/x/xiaoye/Edison/lib/parmetis-4.0.3_64/metis/include -DDEBUGlevel=0 -DPRNTlevel=1 -DPROFlevel=0 -D_LONGINT  -DAdd_ -DUSE_VENDOR_BLAS -c zsp_blas3.c 
cc -fast -m64 -std=c99 -Wall -openmp -I/global/homes/x/xiaoye/Edison/lib/parmetis-4.0.3_64/include -I/global/homes/x/xiaoye/Edison/lib/parmetis-4.0.3_64/metis/include -DDEBUGlevel=0 -DPRNTlevel=1 -DPROFlevel=0 -D_LONGINT  -DAdd_ -DUSE_VENDOR_BLAS -c pzgssvx.c 
cc -fast -m64 -std=c99 -Wall -openmp -I/global/homes/x/xiaoye/Edison/lib/parmetis-4.0.3_64/include -I/global/homes/x/xiaoye/Edison/lib/parmetis-4.0.3_64/metis/include -DDEBUGlevel=0 -DPRNTlevel=1 -DPROFlevel=0 -D_LONGINT  -DAdd_ -DUSE_VENDOR_BLAS -c pzgssvx_ABglobal.c 
cc -fast -m64 -std=c99 -Wall -openmp -I/global/homes/x/xiaoye/Edison/lib/parmetis-4.0.3_64/include -I/global/homes/x/xiaoye/Edison/lib/parmetis-4.0.3_64/metis/include -DDEBUGlevel=0 -DPRNTlevel=1 -DPROFlevel=0 -D_LONGINT  -DAdd_ -DUSE_VENDOR_BLAS -c zreadhb.c 
cc -fast -m64 -std=c99 -Wall -openmp -I/global/homes/x/xiaoye/Edison/lib/parmetis-4.0.3_64/include -I/global/homes/x/xiaoye/Edison/lib/parmetis-4.0.3_64/metis/include -DDEBUGlevel=0 -DPRNTlevel=1 -DPROFlevel=0 -D_LONGINT  -DAdd_ -DUSE_VENDOR_BLAS -c zreadrb.c 
cc -fast -m64 -std=c99 -Wall -openmp -I/global/homes/x/xiaoye/Edison/lib/parmetis-4.0.3_64/include -I/global/homes/x/xiaoye/Edison/lib/parmetis-4.0.3_64/metis/include -DDEBUGlevel=0 -DPRNTlevel=1 -DPROFlevel=0 -D_LONGINT  -DAdd_ -DUSE_VENDOR_BLAS -c zreadtriple.c 
cc -fast -m64 -std=c99 -Wall -openmp -I/global/homes/x/xiaoye/Edison/lib/parmetis-4.0.3_64/include -I/global/homes/x/xiaoye/Edison/lib/parmetis-4.0.3_64/metis/include -DDEBUGlevel=0 -DPRNTlevel=1 -DPROFlevel=0 -D_LONGINT  -DAdd_ -DUSE_VENDOR_BLAS -c zreadMM.c 
cc -fast -m64 -std=c99 -Wall -openmp -I/global/homes/x/xiaoye/Edison/lib/parmetis-4.0.3_64/include -I/global/homes/x/xiaoye/Edison/lib/parmetis-4.0.3_64/metis/include -DDEBUGlevel=0 -DPRNTlevel=1 -DPROFlevel=0 -D_LONGINT  -DAdd_ -DUSE_VENDOR_BLAS -c pzgsequ.c 
cc -fast -m64 -std=c99 -Wall -openmp -I/global/homes/x/xiaoye/Edison/lib/parmetis-4.0.3_64/include -I/global/homes/x/xiaoye/Edison/lib/parmetis-4.0.3_64/metis/include -DDEBUGlevel=0 -DPRNTlevel=1 -DPROFlevel=0 -D_LONGINT  -DAdd_ -DUSE_VENDOR_BLAS -c pzlaqgs.c 
cc -fast -m64 -std=c99 -Wall -openmp -I/global/homes/x/xiaoye/Edison/lib/parmetis-4.0.3_64/include -I/global/homes/x/xiaoye/Edison/lib/parmetis-4.0.3_64/metis/include -DDEBUGlevel=0 -DPRNTlevel=1 -DPROFlevel=0 -D_LONGINT  -DAdd_ -DUSE_VENDOR_BLAS -c zldperm_dist.c 
cc -fast -m64 -std=c99 -Wall -openmp -I/global/homes/x/xiaoye/Edison/lib/parmetis-4.0.3_64/include -I/global/homes/x/xiaoye/Edison/lib/parmetis-4.0.3_64/metis/include -DDEBUGlevel=0 -DPRNTlevel=1 -DPROFlevel=0 -D_LONGINT  -DAdd_ -DUSE_VENDOR_BLAS -c pzlangs.c 
cc -fast -m64 -std=c99 -Wall -openmp -I/global/homes/x/xiaoye/Edison/lib/parmetis-4.0.3_64/include -I/global/homes/x/xiaoye/Edison/lib/parmetis-4.0.3_64/metis/include -DDEBUGlevel=0 -DPRNTlevel=1 -DPROFlevel=0 -D_LONGINT  -DAdd_ -DUSE_VENDOR_BLAS -c pzutil.c 
cc -fast -m64 -std=c99 -Wall -openmp -I/global/homes/x/xiaoye/Edison/lib/parmetis-4.0.3_64/include -I/global/homes/x/xiaoye/Edison/lib/parmetis-4.0.3_64/metis/include -DDEBUGlevel=0 -DPRNTlevel=1 -DPROFlevel=0 -D_LONGINT  -DAdd_ -DUSE_VENDOR_BLAS -c pzsymbfact_distdata.c 
cc -fast -m64 -std=c99 -Wall -openmp -I/global/homes/x/xiaoye/Edison/lib/parmetis-4.0.3_64/include -I/global/homes/x/xiaoye/Edison/lib/parmetis-4.0.3_64/metis/include -DDEBUGlevel=0 -DPRNTlevel=1 -DPROFlevel=0 -D_LONGINT  -DAdd_ -DUSE_VENDOR_BLAS -c zdistribute.c 
cc -fast -m64 -std=c99 -Wall -openmp -I/global/homes/x/xiaoye/Edison/lib/parmetis-4.0.3_64/include -I/global/homes/x/xiaoye/Edison/lib/parmetis-4.0.3_64/metis/include -DDEBUGlevel=0 -DPRNTlevel=1 -DPROFlevel=0 -D_LONGINT  -DAdd_ -DUSE_VENDOR_BLAS -c pzdistribute.c 
cc -fast -m64 -std=c99 -Wall -openmp -I/global/homes/x/xiaoye/Edison/lib/parmetis-4.0.3_64/include -I/global/homes/x/xiaoye/Edison/lib/parmetis-4.0.3_64/metis/include -DDEBUGlevel=0 -DPRNTlevel=1 -DPROFlevel=0 -D_LONGINT  -DAdd_ -DUSE_VENDOR_BLAS -c pzgstrf.c 
cc -fast -m64 -std=c99 -Wall -openmp -I/global/homes/x/xiaoye/Edison/lib/parmetis-4.0.3_64/include -I/global/homes/x/xiaoye/Edison/lib/parmetis-4.0.3_64/metis/include -DDEBUGlevel=0 -DPRNTlevel=1 -DPROFlevel=0 -D_LONGINT  -DAdd_ -DUSE_VENDOR_BLAS -c pzgstrf2.c 
cc -fast -m64 -std=c99 -Wall -openmp -I/global/homes/x/xiaoye/Edison/lib/parmetis-4.0.3_64/include -I/global/homes/x/xiaoye/Edison/lib/parmetis-4.0.3_64/metis/include -DDEBUGlevel=0 -DPRNTlevel=1 -DPROFlevel=0 -D_LONGINT  -DAdd_ -DUSE_VENDOR_BLAS -c pzgstrs.c 
cc -fast -m64 -std=c99 -Wall -openmp -I/global/homes/x/xiaoye/Edison/lib/parmetis-4.0.3_64/include -I/global/homes/x/xiaoye/Edison/lib/parmetis-4.0.3_64/metis/include -DDEBUGlevel=0 -DPRNTlevel=1 -DPROFlevel=0 -D_LONGINT  -DAdd_ -DUSE_VENDOR_BLAS -c pzgstrs1.c 
cc -fast -m64 -std=c99 -Wall -openmp -I/global/homes/x/xiaoye/Edison/lib/parmetis-4.0.3_64/include -I/global/homes/x/xiaoye/Edison/lib/parmetis-4.0.3_64/metis/include -DDEBUGlevel=0 -DPRNTlevel=1 -DPROFlevel=0 -D_LONGINT  -DAdd_ -DUSE_VENDOR_BLAS -c pzgstrs_lsum.c 
cc -fast -m64 -std=c99 -Wall -openmp -I/global/homes/x/xiaoye/Edison/lib/parmetis-4.0.3_64/include -I/global/homes/x/xiaoye/Edison/lib/parmetis-4.0.3_64/metis/include -DDEBUGlevel=0 -DPRNTlevel=1 -DPROFlevel=0 -D_LONGINT  -DAdd_ -DUSE_VENDOR_BLAS -c pzgstrs_Bglobal.c 
cc -fast -m64 -std=c99 -Wall -openmp -I/global/homes/x/xiaoye/Edison/lib/parmetis-4.0.3_64/include -I/global/homes/x/xiaoye/Edison/lib/parmetis-4.0.3_64/metis/include -DDEBUGlevel=0 -DPRNTlevel=1 -DPROFlevel=0 -D_LONGINT  -DAdd_ -DUSE_VENDOR_BLAS -c pzgsrfs.c 
cc -fast -m64 -std=c99 -Wall -openmp -I/global/homes/x/xiaoye/Edison/lib/parmetis-4.0.3_64/include -I/global/homes/x/xiaoye/Edison/lib/parmetis-4.0.3_64/metis/include -DDEBUGlevel=0 -DPRNTlevel=1 -DPROFlevel=0 -D_LONGINT  -DAdd_ -DUSE_VENDOR_BLAS -c pzgsmv.c 
cc -fast -m64 -std=c99 -Wall -openmp -I/global/homes/x/xiaoye/Edison/lib/parmetis-4.0.3_64/include -I/global/homes/x/xiaoye/Edison/lib/parmetis-4.0.3_64/metis/include -DDEBUGlevel=0 -DPRNTlevel=1 -DPROFlevel=0 -D_LONGINT  -DAdd_ -DUSE_VENDOR_BLAS -c pzgsrfs_ABXglobal.c 
cc -fast -m64 -std=c99 -Wall -openmp -I/global/homes/x/xiaoye/Edison/lib/parmetis-4.0.3_64/include -I/global/homes/x/xiaoye/Edison/lib/parmetis-4.0.3_64/metis/include -DDEBUGlevel=0 -DPRNTlevel=1 -DPROFlevel=0 -D_LONGINT  -DAdd_ -DUSE_VENDOR_BLAS -c pzgsmv_AXglobal.c 
ar cr /global/homes/x/xiaoye/Release_Codes/SuperLU_DIST-branch/lib/libsuperlu_dist_4.1.a \
		dcomplex.o zlangs.o zgsequ.o zlaqgs.o zutil.o zmemory.o zmyblas2.o zsp_blas2.o zsp_blas3.o pzgssvx.o pzgssvx_ABglobal.o zreadhb.o zreadrb.o zreadtriple.o zreadMM.o pzgsequ.o pzlaqgs.o zldperm_dist.o pzlangs.o pzutil.o pzsymbfact_distdata.o zdistribute.o pzdistribute.o pzgstrf.o pzgstrf2.o pzgstrs.o pzgstrs1.o pzgstrs_lsum.o pzgstrs_Bglobal.o pzgsrfs.o pzgsmv.o pzgsrfs_ABXglobal.o pzgsmv_AXglobal.o  sp_ienv.o etree.o sp_colorder.o get_perm_c.o mmd.o comm.o memory.o util.o superlu_grid.o pxerbla.o superlu_timer.o GetDiagU.o symbfact.o psymbfact.o psymbfact_util.o get_perm_c_parmetis.o mc64ad_dist.o static_schedule.o lsame.o xerbla.o slamch.o dlamch.o
ranlib /global/homes/x/xiaoye/Release_Codes/SuperLU_DIST-branch/lib/libsuperlu_dist_4.1.a
